#
# There is insufficient memory for the Java Runtime Environment to continue.
# Native memory allocation (mmap) failed to map 62914560 bytes. Error detail: G1 virtual space
# Possible reasons:
#   The system is out of physical RAM or swap space
#   This process is running with CompressedOops enabled, and the Java Heap may be blocking the growth of the native heap
# Possible solutions:
#   Reduce memory load on the system
#   Increase physical memory or swap space
#   Check if swap backing store is full
#   Decrease Java heap size (-Xmx/-Xms)
#   Decrease number of Java threads
#   Decrease Java thread stack sizes (-Xss)
#   Set larger code cache with -XX:ReservedCodeCacheSize=
#   JVM is running with Unscaled Compressed Oops mode in which the Java heap is
#     placed in the first 4GB address space. The Java Heap base address is the
#     maximum limit for the native heap growth. Please use -XX:HeapBaseMinAddress
#     to set the Java Heap base and to place the Java Heap above 4GB virtual address.
# This output file may be truncated or incomplete.
#
#  Out of Memory Error (os_windows.cpp:3678), pid=18464, tid=11688
#
# JRE version: OpenJDK Runtime Environment Microsoft-9889599 (17.0.12+7) (build 17.0.12+7-LTS)
# Java VM: OpenJDK 64-Bit Server VM Microsoft-9889599 (17.0.12+7-LTS, mixed mode, sharing, tiered, compressed oops, compressed class ptrs, g1 gc, windows-amd64)
# No core dump will be written. Minidumps are not enabled by default on client versions of Windows
#

---------------  S U M M A R Y ------------

Command Line: -XX:MaxMetaspaceSize=512m --add-opens=java.base/java.util=ALL-UNNAMED --add-opens=java.base/java.lang=ALL-UNNAMED --add-opens=java.base/java.lang.invoke=ALL-UNNAMED --add-opens=java.prefs/java.util.prefs=ALL-UNNAMED --add-opens=java.base/java.nio.charset=ALL-UNNAMED --add-opens=java.base/java.net=ALL-UNNAMED --add-opens=java.base/java.util.concurrent.atomic=ALL-UNNAMED -Xmx2048m -Dfile.encoding=utf8 -Duser.country=IN -Duser.language=en -Duser.variant -javaagent:C:\Users\wwwgo\.gradle\wrapper\dists\gradle-8.8-all\6gdy1pgp427xkqcjbxw3ylt6h\gradle-8.8\lib\agents\gradle-instrumentation-agent-8.8.jar org.gradle.launcher.daemon.bootstrap.GradleDaemon 8.8

Host: Intel(R) Core(TM) i3-10110U CPU @ 2.10GHz, 4 cores, 7G,  Windows 11 , 64 bit Build 22621 (10.0.22621.4391)
Time: Fri Nov 15 15:27:58 2024 India Standard Time elapsed time: 141.810385 seconds (0d 0h 2m 21s)

---------------  T H R E A D  ---------------

Current thread (0x000002411db10df0):  VMThread "VM Thread" [stack: 0x0000009cd0100000,0x0000009cd0200000] [id=11688]

Stack: [0x0000009cd0100000,0x0000009cd0200000]
Native frames: (J=compiled Java code, j=interpreted, Vv=VM code, C=native code)
V  [jvm.dll+0x686d99]
V  [jvm.dll+0x83daf8]
V  [jvm.dll+0x83f5a3]
V  [jvm.dll+0x83fc13]
V  [jvm.dll+0x2492ef]
V  [jvm.dll+0x683dd9]
V  [jvm.dll+0x6782fa]
V  [jvm.dll+0x30a797]
V  [jvm.dll+0x311d06]
V  [jvm.dll+0x36252e]
V  [jvm.dll+0x36276d]
V  [jvm.dll+0x2e1a9c]
V  [jvm.dll+0x2dfe49]
V  [jvm.dll+0x2df5ac]
V  [jvm.dll+0x3220ab]
V  [jvm.dll+0x84444d]
V  [jvm.dll+0x845183]
V  [jvm.dll+0x8456af]
V  [jvm.dll+0x845a94]
V  [jvm.dll+0x845b5e]
V  [jvm.dll+0x7ed87c]
V  [jvm.dll+0x685c77]
C  [ucrtbase.dll+0x29333]
C  [KERNEL32.DLL+0x1259d]
C  [ntdll.dll+0x5af38]

VM_Operation (0x0000009cd48fc890): G1CollectForAllocation, mode: safepoint, requested by thread 0x000002413f485a40


---------------  P R O C E S S  ---------------

Threads class SMR info:
_java_thread_list=0x000002414871b0a0, length=89, elements={
0x000002417fed9990, 0x000002411db18250, 0x000002411db190d0, 0x000002411db310e0,
0x000002411db32cb0, 0x000002411db35b80, 0x000002411db37550, 0x000002411db38240,
0x000002411dbb8070, 0x000002411dbb8680, 0x000002411dc42d20, 0x000002411dcf5db0,
0x000002413e1d82a0, 0x000002413e3629f0, 0x000002413e35e860, 0x000002413e2e4110,
0x000002413e3df050, 0x000002413e27e7c0, 0x000002413e566020, 0x000002413e3e6ac0,
0x000002413e3e5680, 0x000002413e3e60a0, 0x000002413e3e6fd0, 0x000002413e3e3d30,
0x000002413e3e4240, 0x000002413e3e74e0, 0x000002413e3e4750, 0x000002413e3e4c60,
0x000002413e3e5170, 0x000002413f097830, 0x000002413f09c420, 0x000002413f099180,
0x000002413f09b4f0, 0x000002413f09ba00, 0x000002413f0963f0, 0x000002413f096e10,
0x000002413f09bf10, 0x000002413f099690, 0x000002413f09aad0, 0x000002413f097d40,
0x000002413f099ba0, 0x000002413f098250, 0x000002413f09afe0, 0x000002413f094fb0,
0x000002413f09c930, 0x000002413f097320, 0x000002413f0954c0, 0x000002413f0959d0,
0x000002413f095ee0, 0x000002413f096900, 0x000002413f487db0, 0x000002413f48b050,
0x000002413f4891f0, 0x000002413f489700, 0x000002413f4887d0, 0x000002413f485f50,
0x000002413f48c490, 0x000002413f485530, 0x000002413f489c10, 0x000002413f485020,
0x000002413f48c9a0, 0x000002413f488ce0, 0x000002413f485a40, 0x000002413f48a120,
0x000002413f48a630, 0x000002413f48ab40, 0x000002413f486460, 0x000002413f48b560,
0x000002413f486970, 0x000002413f487390, 0x000002413f4878a0, 0x000002413e3e5b90,
0x00000241418a6bc0, 0x00000241418a66b0, 0x00000241418a4850, 0x00000241418aa370,
0x00000241418aa880, 0x00000241418a3e30, 0x00000241418a8000, 0x00000241418a8510,
0x00000241418a8a20, 0x00000241418a5270, 0x00000241418a61a0, 0x00000241418a9e60,
0x00000241418ab2a0, 0x00000241418a8f30, 0x00000241418a5780, 0x00000241418a9440,
0x00000241418a75e0
}

Java Threads: ( => current thread )
  0x000002417fed9990 JavaThread "main" [_thread_blocked, id=16476, stack(0x0000009ccfb00000,0x0000009ccfc00000)]
  0x000002411db18250 JavaThread "Reference Handler" daemon [_thread_blocked, id=11016, stack(0x0000009cd0200000,0x0000009cd0300000)]
  0x000002411db190d0 JavaThread "Finalizer" daemon [_thread_blocked, id=8816, stack(0x0000009cd0300000,0x0000009cd0400000)]
  0x000002411db310e0 JavaThread "Signal Dispatcher" daemon [_thread_blocked, id=10212, stack(0x0000009cd0400000,0x0000009cd0500000)]
  0x000002411db32cb0 JavaThread "Attach Listener" daemon [_thread_blocked, id=12736, stack(0x0000009cd0500000,0x0000009cd0600000)]
  0x000002411db35b80 JavaThread "Service Thread" daemon [_thread_blocked, id=4152, stack(0x0000009cd0600000,0x0000009cd0700000)]
  0x000002411db37550 JavaThread "Monitor Deflation Thread" daemon [_thread_blocked, id=16948, stack(0x0000009cd0700000,0x0000009cd0800000)]
  0x000002411db38240 JavaThread "C2 CompilerThread0" daemon [_thread_blocked, id=7280, stack(0x0000009cd0800000,0x0000009cd0900000)]
  0x000002411dbb8070 JavaThread "C1 CompilerThread0" daemon [_thread_blocked, id=17636, stack(0x0000009cd0900000,0x0000009cd0a00000)]
  0x000002411dbb8680 JavaThread "Sweeper thread" daemon [_thread_blocked, id=12668, stack(0x0000009cd0a00000,0x0000009cd0b00000)]
  0x000002411dc42d20 JavaThread "Common-Cleaner" daemon [_thread_blocked, id=14416, stack(0x0000009cd0b00000,0x0000009cd0c00000)]
  0x000002411dcf5db0 JavaThread "Notification Thread" daemon [_thread_blocked, id=9404, stack(0x0000009cd0c00000,0x0000009cd0d00000)]
  0x000002413e1d82a0 JavaThread "Daemon health stats" [_thread_blocked, id=12544, stack(0x0000009cd1100000,0x0000009cd1200000)]
  0x000002413e3629f0 JavaThread "Incoming local TCP Connector on port 57128" [_thread_in_native, id=8820, stack(0x0000009cd1200000,0x0000009cd1300000)]
  0x000002413e35e860 JavaThread "Daemon periodic checks" [_thread_blocked, id=10864, stack(0x0000009cd1300000,0x0000009cd1400000)]
  0x000002413e2e4110 JavaThread "Daemon" [_thread_blocked, id=13124, stack(0x0000009cd1400000,0x0000009cd1500000)]
  0x000002413e3df050 JavaThread "Handler for socket connection from /127.0.0.1:57128 to /127.0.0.1:57129" [_thread_in_native, id=17096, stack(0x0000009cd1500000,0x0000009cd1600000)]
  0x000002413e27e7c0 JavaThread "Cancel handler" [_thread_blocked, id=14008, stack(0x0000009cd1600000,0x0000009cd1700000)]
  0x000002413e566020 JavaThread "Daemon worker" [_thread_blocked, id=13300, stack(0x0000009cd1700000,0x0000009cd1800000)]
  0x000002413e3e6ac0 JavaThread "Asynchronous log dispatcher for DefaultDaemonConnection: socket connection from /127.0.0.1:57128 to /127.0.0.1:57129" [_thread_blocked, id=13184, stack(0x0000009cd1800000,0x0000009cd1900000)]
  0x000002413e3e5680 JavaThread "Daemon client event forwarder" [_thread_blocked, id=9088, stack(0x0000009cd1a00000,0x0000009cd1b00000)]
  0x000002413e3e60a0 JavaThread "Cache worker for journal cache (C:\Users\wwwgo\.gradle\caches\journal-1)" [_thread_blocked, id=13480, stack(0x0000009cd1b00000,0x0000009cd1c00000)]
  0x000002413e3e6fd0 JavaThread "File lock request listener" [_thread_in_native, id=9120, stack(0x0000009cd1c00000,0x0000009cd1d00000)]
  0x000002413e3e3d30 JavaThread "Cache worker for file hash cache (C:\Users\wwwgo\.gradle\caches\8.8\fileHashes)" [_thread_blocked, id=7436, stack(0x0000009cd1d00000,0x0000009cd1e00000)]
  0x000002413e3e4240 JavaThread "Cache worker for file hash cache (C:\Users\wwwgo\ShoppingApp\android\.gradle\8.8\fileHashes)" [_thread_blocked, id=11912, stack(0x0000009cd1e00000,0x0000009cd1f00000)]
  0x000002413e3e74e0 JavaThread "File watcher server" daemon [_thread_in_native, id=18084, stack(0x0000009cd1f00000,0x0000009cd2000000)]
  0x000002413e3e4750 JavaThread "File watcher consumer" daemon [_thread_blocked, id=19340, stack(0x0000009cd2000000,0x0000009cd2100000)]
  0x000002413e3e4c60 JavaThread "Cache worker for checksums cache (C:\Users\wwwgo\ShoppingApp\android\.gradle\8.8\checksums)" [_thread_blocked, id=11020, stack(0x0000009cd2100000,0x0000009cd2200000)]
  0x000002413e3e5170 JavaThread "Cache worker for file content cache (C:\Users\wwwgo\.gradle\caches\8.8\fileContent)" [_thread_blocked, id=13564, stack(0x0000009cd2200000,0x0000009cd2300000)]
  0x000002413f097830 JavaThread "Cache worker for cache directory md-rule (C:\Users\wwwgo\.gradle\caches\8.8\md-rule)" [_thread_blocked, id=16096, stack(0x0000009cd2300000,0x0000009cd2400000)]
  0x000002413f09c420 JavaThread "File lock release action executor" [_thread_blocked, id=6788, stack(0x0000009cd2400000,0x0000009cd2500000)]
  0x000002413f099180 JavaThread "Cache worker for cache directory md-supplier (C:\Users\wwwgo\.gradle\caches\8.8\md-supplier)" [_thread_blocked, id=2336, stack(0x0000009cd2500000,0x0000009cd2600000)]
  0x000002413f09b4f0 JavaThread "jar transforms" [_thread_blocked, id=7140, stack(0x0000009cd2600000,0x0000009cd2700000)]
  0x000002413f09ba00 JavaThread "jar transforms Thread 2" [_thread_blocked, id=10664, stack(0x0000009cd2700000,0x0000009cd2800000)]
  0x000002413f0963f0 JavaThread "jar transforms Thread 3" [_thread_blocked, id=11636, stack(0x0000009cd2a00000,0x0000009cd2b00000)]
  0x000002413f096e10 JavaThread "Unconstrained build operations" [_thread_blocked, id=11252, stack(0x0000009cd2b00000,0x0000009cd2c00000)]
  0x000002413f09bf10 JavaThread "Unconstrained build operations Thread 2" [_thread_blocked, id=9896, stack(0x0000009cd2c00000,0x0000009cd2d00000)]
  0x000002413f099690 JavaThread "Unconstrained build operations Thread 3" [_thread_blocked, id=1472, stack(0x0000009cd2d00000,0x0000009cd2e00000)]
  0x000002413f09aad0 JavaThread "Unconstrained build operations Thread 4" [_thread_blocked, id=4432, stack(0x0000009cd2e00000,0x0000009cd2f00000)]
  0x000002413f097d40 JavaThread "Unconstrained build operations Thread 5" [_thread_blocked, id=17084, stack(0x0000009cd2f00000,0x0000009cd3000000)]
  0x000002413f099ba0 JavaThread "Unconstrained build operations Thread 6" [_thread_blocked, id=18444, stack(0x0000009cd3000000,0x0000009cd3100000)]
  0x000002413f098250 JavaThread "Cache worker for Build Output Cleanup Cache (C:\Users\wwwgo\ShoppingApp\node_modules\@react-native\gradle-plugin\.gradle\buildOutputCleanup)" [_thread_blocked, id=12800, stack(0x0000009cd3100000,0x0000009cd3200000)]
  0x000002413f09afe0 JavaThread "Unconstrained build operations Thread 7" [_thread_blocked, id=8688, stack(0x0000009cd3400000,0x0000009cd3500000)]
  0x000002413f094fb0 JavaThread "Unconstrained build operations Thread 8" [_thread_blocked, id=19300, stack(0x0000009cd3500000,0x0000009cd3600000)]
  0x000002413f09c930 JavaThread "Unconstrained build operations Thread 9" [_thread_blocked, id=14176, stack(0x0000009cd3600000,0x0000009cd3700000)]
  0x000002413f097320 JavaThread "Unconstrained build operations Thread 10" [_thread_blocked, id=6152, stack(0x0000009cd3700000,0x0000009cd3800000)]
  0x000002413f0954c0 JavaThread "Unconstrained build operations Thread 11" [_thread_blocked, id=2100, stack(0x0000009cd3800000,0x0000009cd3900000)]
  0x000002413f0959d0 JavaThread "Unconstrained build operations Thread 12" [_thread_blocked, id=6164, stack(0x0000009cd3900000,0x0000009cd3a00000)]
  0x000002413f095ee0 JavaThread "Unconstrained build operations Thread 13" [_thread_blocked, id=15412, stack(0x0000009cd3a00000,0x0000009cd3b00000)]
  0x000002413f096900 JavaThread "Unconstrained build operations Thread 14" [_thread_blocked, id=16952, stack(0x0000009cd3b00000,0x0000009cd3c00000)]
  0x000002413f487db0 JavaThread "Unconstrained build operations Thread 15" [_thread_blocked, id=19200, stack(0x0000009cd3c00000,0x0000009cd3d00000)]
  0x000002413f48b050 JavaThread "Memory manager" [_thread_blocked, id=7584, stack(0x0000009cd3d00000,0x0000009cd3e00000)]
  0x000002413f4891f0 JavaThread "build event listener" [_thread_blocked, id=6768, stack(0x0000009cd3e00000,0x0000009cd3f00000)]
  0x000002413f489700 JavaThread "ForkJoinPool.commonPool-worker-1" daemon [_thread_blocked, id=6328, stack(0x0000009ccf900000,0x0000009ccfa00000)]
  0x000002413f4887d0 JavaThread "ForkJoinPool.commonPool-worker-2" daemon [_thread_blocked, id=7432, stack(0x0000009ccfa00000,0x0000009ccfb00000)]
  0x000002413f485f50 JavaThread "ForkJoinPool.commonPool-worker-3" daemon [_thread_blocked, id=15836, stack(0x0000009cd1900000,0x0000009cd1a00000)]
  0x000002413f48c490 JavaThread "included builds" [_thread_blocked, id=16716, stack(0x0000009cd4200000,0x0000009cd4300000)]
  0x000002413f485530 JavaThread "Execution worker" [_thread_blocked, id=9148, stack(0x0000009cd4300000,0x0000009cd4400000)]
  0x000002413f489c10 JavaThread "Execution worker Thread 2" [_thread_blocked, id=11676, stack(0x0000009cd4400000,0x0000009cd4500000)]
  0x000002413f485020 JavaThread "Execution worker Thread 3" [_thread_blocked, id=4660, stack(0x0000009cd4500000,0x0000009cd4600000)]
  0x000002413f48c9a0 JavaThread "Cache worker for execution history cache (C:\Users\wwwgo\ShoppingApp\node_modules\@react-native\gradle-plugin\.gradle\8.8\executionHistory)" [_thread_blocked, id=15772, stack(0x0000009cd4600000,0x0000009cd4700000)]
  0x000002413f488ce0 JavaThread "Unconstrained build operations Thread 16" [_thread_blocked, id=9668, stack(0x0000009cd4700000,0x0000009cd4800000)]
  0x000002413f485a40 JavaThread "Unconstrained build operations Thread 17" [_thread_blocked, id=15472, stack(0x0000009cd4800000,0x0000009cd4900000)]
  0x000002413f48a120 JavaThread "Unconstrained build operations Thread 18" [_thread_blocked, id=8048, stack(0x0000009cd4900000,0x0000009cd4a00000)]
  0x000002413f48a630 JavaThread "Unconstrained build operations Thread 19" [_thread_blocked, id=16544, stack(0x0000009cd4a00000,0x0000009cd4b00000)]
  0x000002413f48ab40 JavaThread "Unconstrained build operations Thread 20" [_thread_blocked, id=13468, stack(0x0000009cd4b00000,0x0000009cd4c00000)]
  0x000002413f486460 JavaThread "Unconstrained build operations Thread 21" [_thread_blocked, id=18912, stack(0x0000009cd4c00000,0x0000009cd4d00000)]
  0x000002413f48b560 JavaThread "Unconstrained build operations Thread 22" [_thread_blocked, id=1884, stack(0x0000009cd4d00000,0x0000009cd4e00000)]
  0x000002413f486970 JavaThread "Unconstrained build operations Thread 23" [_thread_blocked, id=17392, stack(0x0000009cd4e00000,0x0000009cd4f00000)]
  0x000002413f487390 JavaThread "Unconstrained build operations Thread 24" [_thread_blocked, id=9100, stack(0x0000009cd4f00000,0x0000009cd5000000)]
  0x000002413f4878a0 JavaThread "Unconstrained build operations Thread 25" [_thread_blocked, id=13628, stack(0x0000009cd5000000,0x0000009cd5100000)]
  0x000002413e3e5b90 JavaThread "Unconstrained build operations Thread 26" [_thread_blocked, id=16316, stack(0x0000009cd5100000,0x0000009cd5200000)]
  0x00000241418a6bc0 JavaThread "Unconstrained build operations Thread 27" [_thread_blocked, id=2216, stack(0x0000009cd5200000,0x0000009cd5300000)]
  0x00000241418a66b0 JavaThread "Unconstrained build operations Thread 28" [_thread_blocked, id=13464, stack(0x0000009cd5300000,0x0000009cd5400000)]
  0x00000241418a4850 JavaThread "Unconstrained build operations Thread 29" [_thread_blocked, id=14668, stack(0x0000009cd5400000,0x0000009cd5500000)]
  0x00000241418aa370 JavaThread "Unconstrained build operations Thread 30" [_thread_blocked, id=16296, stack(0x0000009cd5500000,0x0000009cd5600000)]
  0x00000241418aa880 JavaThread "Unconstrained build operations Thread 31" [_thread_blocked, id=900, stack(0x0000009cd5600000,0x0000009cd5700000)]
  0x00000241418a3e30 JavaThread "Unconstrained build operations Thread 32" [_thread_blocked, id=13704, stack(0x0000009cd5700000,0x0000009cd5800000)]
  0x00000241418a8000 JavaThread "Unconstrained build operations Thread 33" [_thread_blocked, id=18852, stack(0x0000009cd5800000,0x0000009cd5900000)]
  0x00000241418a8510 JavaThread "Unconstrained build operations Thread 34" [_thread_blocked, id=17620, stack(0x0000009cd5900000,0x0000009cd5a00000)]
  0x00000241418a8a20 JavaThread "Unconstrained build operations Thread 35" [_thread_blocked, id=5016, stack(0x0000009cd5a00000,0x0000009cd5b00000)]
  0x00000241418a5270 JavaThread "Unconstrained build operations Thread 36" [_thread_blocked, id=19432, stack(0x0000009cd5b00000,0x0000009cd5c00000)]
  0x00000241418a61a0 JavaThread "jar transforms Thread 4" [_thread_blocked, id=7604, stack(0x0000009cd5c00000,0x0000009cd5d00000)]
  0x00000241418a9e60 JavaThread "Cache worker for Build Output Cleanup Cache (C:\Users\wwwgo\ShoppingApp\android\.gradle\buildOutputCleanup)" [_thread_blocked, id=2572, stack(0x0000009cd5d00000,0x0000009cd5e00000)]
  0x00000241418ab2a0 JavaThread "Unconstrained build operations Thread 37" [_thread_blocked, id=10124, stack(0x0000009cd5e00000,0x0000009cd5f00000)]
  0x00000241418a8f30 JavaThread "Unconstrained build operations Thread 38" [_thread_blocked, id=10316, stack(0x0000009cd5f00000,0x0000009cd6000000)]
  0x00000241418a5780 JavaThread "Unconstrained build operations Thread 39" [_thread_blocked, id=5488, stack(0x0000009cd6000000,0x0000009cd6100000)]
  0x00000241418a9440 JavaThread "Unconstrained build operations Thread 40" [_thread_blocked, id=9948, stack(0x0000009cd6100000,0x0000009cd6200000)]
  0x00000241418a75e0 JavaThread "build event listener" [_thread_blocked, id=19412, stack(0x0000009cd6200000,0x0000009cd6300000)]

Other Threads:
=>0x000002411db10df0 VMThread "VM Thread" [stack: 0x0000009cd0100000,0x0000009cd0200000] [id=11688]
  0x000002411dd225f0 WatcherThread [stack: 0x0000009cd0d00000,0x0000009cd0e00000] [id=12776]
  0x000002417ff33d70 GCTaskThread "GC Thread#0" [stack: 0x0000009ccfc00000,0x0000009ccfd00000] [id=10456]
  0x000002411ddf0300 GCTaskThread "GC Thread#1" [stack: 0x0000009cd0e00000,0x0000009cd0f00000] [id=4924]
  0x000002411ddd7d10 GCTaskThread "GC Thread#2" [stack: 0x0000009cd0f00000,0x0000009cd1000000] [id=12188]
  0x000002413dbc88e0 GCTaskThread "GC Thread#3" [stack: 0x0000009cd1000000,0x0000009cd1100000] [id=4796]
  0x000002417ff44cc0 ConcurrentGCThread "G1 Main Marker" [stack: 0x0000009ccfd00000,0x0000009ccfe00000] [id=6760]
  0x000002417ff456e0 ConcurrentGCThread "G1 Conc#0" [stack: 0x0000009ccfe00000,0x0000009ccff00000] [id=2992]
  0x000002411d9d20c0 ConcurrentGCThread "G1 Refine#0" [stack: 0x0000009ccff00000,0x0000009cd0000000] [id=18056]
  0x000002413db38a20 ConcurrentGCThread "G1 Refine#1" [stack: 0x0000009cd2800000,0x0000009cd2900000] [id=15292]
  0x000002413edf8360 ConcurrentGCThread "G1 Refine#2" [stack: 0x0000009cd2900000,0x0000009cd2a00000] [id=17668]
  0x000002411d9d2af0 ConcurrentGCThread "G1 Service" [stack: 0x0000009cd0000000,0x0000009cd0100000] [id=14020]

Threads with active compile tasks:
C2 CompilerThread0   141857 16362   !   4       org.gradle.internal.execution.history.impl.DefaultImmutableWorkspaceMetadataStore::loadWorkspaceMetadata (185 bytes)

VM state: at safepoint (normal execution)

VM Mutex/Monitor currently owned by a thread:  ([mutex/lock_event])
[0x000002417fed59d0] Threads_lock - owner thread: 0x000002411db10df0
[0x000002417fed4f20] Heap_lock - owner thread: 0x000002413f485a40

Heap address: 0x0000000080000000, size: 2048 MB, Compressed Oops mode: 32-bit

CDS archive(s) mapped at: [0x000002411e000000-0x000002411ebb0000-0x000002411ebb0000), size 12255232, SharedBaseAddress: 0x000002411e000000, ArchiveRelocationMode: 1.
Compressed class space mapped at: 0x000002411f000000-0x0000024139000000, reserved size: 436207616
Narrow klass base: 0x000002411e000000, Narrow klass shift: 0, Narrow klass range: 0x100000000

GC Precious Log:
 CPUs: 4 total, 4 available
 Memory: 8025M
 Large Page Support: Disabled
 NUMA Support: Disabled
 Compressed Oops: Enabled (32-bit)
 Heap Region Size: 1M
 Heap Min Capacity: 8M
 Heap Initial Capacity: 126M
 Heap Max Capacity: 2G
 Pre-touch: Disabled
 Parallel Workers: 4
 Concurrent Workers: 1
 Concurrent Refinement Workers: 4
 Periodic GC: Disabled

Heap:
 garbage-first heap   total 306176K, used 231706K [0x0000000080000000, 0x0000000100000000)
  region size 1024K, 3 young (3072K), 3 survivors (3072K)
 Metaspace       used 108213K, committed 109504K, reserved 557056K
  class space    used 15134K, committed 15744K, reserved 425984K

Heap Regions: E=young(eden), S=young(survivor), O=old, HS=humongous(starts), HC=humongous(continues), CS=collection set, F=free, OA=open archive, CA=closed archive, TAMS=top-at-mark-start (previous, next)
|   0|0x0000000080000000, 0x0000000080100000, 0x0000000080100000|100%|HS|  |TAMS 0x0000000080100000, 0x0000000080000000| Complete 
|   1|0x0000000080100000, 0x0000000080200000, 0x0000000080200000|100%|HC|  |TAMS 0x0000000080200000, 0x0000000080100000| Complete 
|   2|0x0000000080200000, 0x0000000080300000, 0x0000000080300000|100%|HC|  |TAMS 0x0000000080300000, 0x0000000080200000| Complete 
|   3|0x0000000080300000, 0x0000000080400000, 0x0000000080400000|100%|HC|  |TAMS 0x0000000080400000, 0x0000000080300000| Complete 
|   4|0x0000000080400000, 0x0000000080500000, 0x0000000080500000|100%| O|  |TAMS 0x0000000080500000, 0x0000000080400000| Untracked 
|   5|0x0000000080500000, 0x0000000080600000, 0x0000000080600000|100%| O|  |TAMS 0x0000000080600000, 0x0000000080500000| Untracked 
|   6|0x0000000080600000, 0x0000000080700000, 0x0000000080700000|100%| O|  |TAMS 0x0000000080700000, 0x0000000080600000| Untracked 
|   7|0x0000000080700000, 0x0000000080800000, 0x0000000080800000|100%| O|  |TAMS 0x0000000080800000, 0x0000000080700000| Untracked 
|   8|0x0000000080800000, 0x0000000080900000, 0x0000000080900000|100%| O|  |TAMS 0x0000000080900000, 0x0000000080800000| Untracked 
|   9|0x0000000080900000, 0x0000000080a00000, 0x0000000080a00000|100%| O|  |TAMS 0x0000000080a00000, 0x0000000080900000| Untracked 
|  10|0x0000000080a00000, 0x0000000080b00000, 0x0000000080b00000|100%| O|  |TAMS 0x0000000080b00000, 0x0000000080a00000| Untracked 
|  11|0x0000000080b00000, 0x0000000080c00000, 0x0000000080c00000|100%|HS|  |TAMS 0x0000000080c00000, 0x0000000080b00000| Complete 
|  12|0x0000000080c00000, 0x0000000080d00000, 0x0000000080d00000|100%| O|  |TAMS 0x0000000080d00000, 0x0000000080c00000| Untracked 
|  13|0x0000000080d00000, 0x0000000080e00000, 0x0000000080e00000|100%| O|  |TAMS 0x0000000080e00000, 0x0000000080d00000| Untracked 
|  14|0x0000000080e00000, 0x0000000080f00000, 0x0000000080f00000|100%| O|  |TAMS 0x0000000080f00000, 0x0000000080e00000| Untracked 
|  15|0x0000000080f00000, 0x0000000081000000, 0x0000000081000000|100%| O|  |TAMS 0x0000000081000000, 0x0000000080f00000| Untracked 
|  16|0x0000000081000000, 0x0000000081100000, 0x0000000081100000|100%| O|  |TAMS 0x0000000081100000, 0x0000000081000000| Untracked 
|  17|0x0000000081100000, 0x0000000081200000, 0x0000000081200000|100%| O|  |TAMS 0x0000000081200000, 0x0000000081100000| Untracked 
|  18|0x0000000081200000, 0x0000000081300000, 0x0000000081300000|100%| O|  |TAMS 0x0000000081300000, 0x0000000081200000| Untracked 
|  19|0x0000000081300000, 0x0000000081400000, 0x0000000081400000|100%| O|  |TAMS 0x0000000081400000, 0x0000000081300000| Untracked 
|  20|0x0000000081400000, 0x00000000814a1e00, 0x0000000081500000| 63%| O|  |TAMS 0x00000000814a1e00, 0x0000000081400000| Untracked 
|  21|0x0000000081500000, 0x0000000081600000, 0x0000000081600000|100%| O|  |TAMS 0x0000000081600000, 0x0000000081500000| Untracked 
|  22|0x0000000081600000, 0x0000000081700000, 0x0000000081700000|100%| O|  |TAMS 0x0000000081700000, 0x0000000081600000| Untracked 
|  23|0x0000000081700000, 0x0000000081800000, 0x0000000081800000|100%| O|  |TAMS 0x0000000081800000, 0x0000000081700000| Untracked 
|  24|0x0000000081800000, 0x0000000081900000, 0x0000000081900000|100%| O|  |TAMS 0x0000000081900000, 0x0000000081800000| Untracked 
|  25|0x0000000081900000, 0x0000000081a00000, 0x0000000081a00000|100%| O|  |TAMS 0x0000000081a00000, 0x0000000081900000| Untracked 
|  26|0x0000000081a00000, 0x0000000081b00000, 0x0000000081b00000|100%| O|  |TAMS 0x0000000081b00000, 0x0000000081a00000| Untracked 
|  27|0x0000000081b00000, 0x0000000081c00000, 0x0000000081c00000|100%| O|  |TAMS 0x0000000081c00000, 0x0000000081b00000| Untracked 
|  28|0x0000000081c00000, 0x0000000081d00000, 0x0000000081d00000|100%| O|  |TAMS 0x0000000081d00000, 0x0000000081c00000| Untracked 
|  29|0x0000000081d00000, 0x0000000081e00000, 0x0000000081e00000|100%| O|  |TAMS 0x0000000081e00000, 0x0000000081d00000| Untracked 
|  30|0x0000000081e00000, 0x0000000081f00000, 0x0000000081f00000|100%| O|  |TAMS 0x0000000081f00000, 0x0000000081e00000| Untracked 
|  31|0x0000000081f00000, 0x0000000082000000, 0x0000000082000000|100%| O|  |TAMS 0x0000000082000000, 0x0000000081f00000| Untracked 
|  32|0x0000000082000000, 0x0000000082100000, 0x0000000082100000|100%| O|  |TAMS 0x0000000082100000, 0x0000000082000000| Untracked 
|  33|0x0000000082100000, 0x0000000082200000, 0x0000000082200000|100%| O|  |TAMS 0x0000000082200000, 0x0000000082100000| Untracked 
|  34|0x0000000082200000, 0x0000000082300000, 0x0000000082300000|100%| O|  |TAMS 0x0000000082300000, 0x0000000082200000| Untracked 
|  35|0x0000000082300000, 0x0000000082400000, 0x0000000082400000|100%| O|  |TAMS 0x0000000082400000, 0x0000000082300000| Untracked 
|  36|0x0000000082400000, 0x0000000082500000, 0x0000000082500000|100%| O|  |TAMS 0x0000000082500000, 0x0000000082400000| Untracked 
|  37|0x0000000082500000, 0x0000000082600000, 0x0000000082600000|100%| O|  |TAMS 0x0000000082600000, 0x0000000082500000| Untracked 
|  38|0x0000000082600000, 0x0000000082700000, 0x0000000082700000|100%| O|  |TAMS 0x0000000082700000, 0x0000000082600000| Untracked 
|  39|0x0000000082700000, 0x0000000082800000, 0x0000000082800000|100%| O|  |TAMS 0x0000000082800000, 0x0000000082700000| Untracked 
|  40|0x0000000082800000, 0x0000000082900000, 0x0000000082900000|100%| O|  |TAMS 0x0000000082900000, 0x0000000082800000| Untracked 
|  41|0x0000000082900000, 0x0000000082a00000, 0x0000000082a00000|100%| O|  |TAMS 0x0000000082a00000, 0x0000000082900000| Untracked 
|  42|0x0000000082a00000, 0x0000000082b00000, 0x0000000082b00000|100%|HS|  |TAMS 0x0000000082b00000, 0x0000000082a00000| Complete 
|  43|0x0000000082b00000, 0x0000000082c00000, 0x0000000082c00000|100%|HC|  |TAMS 0x0000000082c00000, 0x0000000082b00000| Complete 
|  44|0x0000000082c00000, 0x0000000082d00000, 0x0000000082d00000|100%|HS|  |TAMS 0x0000000082d00000, 0x0000000082c00000| Complete 
|  45|0x0000000082d00000, 0x0000000082e00000, 0x0000000082e00000|100%|HC|  |TAMS 0x0000000082e00000, 0x0000000082d00000| Complete 
|  46|0x0000000082e00000, 0x0000000082f00000, 0x0000000082f00000|100%|HS|  |TAMS 0x0000000082f00000, 0x0000000082e00000| Complete 
|  47|0x0000000082f00000, 0x0000000083000000, 0x0000000083000000|100%|HC|  |TAMS 0x0000000083000000, 0x0000000082f00000| Complete 
|  48|0x0000000083000000, 0x0000000083100000, 0x0000000083100000|100%|HC|  |TAMS 0x0000000083100000, 0x0000000083000000| Complete 
|  49|0x0000000083100000, 0x0000000083200000, 0x0000000083200000|100%|HC|  |TAMS 0x0000000083200000, 0x0000000083100000| Complete 
|  50|0x0000000083200000, 0x0000000083300000, 0x0000000083300000|100%|HS|  |TAMS 0x0000000083300000, 0x0000000083200000| Complete 
|  51|0x0000000083300000, 0x0000000083400000, 0x0000000083400000|100%|HC|  |TAMS 0x0000000083400000, 0x0000000083300000| Complete 
|  52|0x0000000083400000, 0x0000000083500000, 0x0000000083500000|100%|HC|  |TAMS 0x0000000083500000, 0x0000000083400000| Complete 
|  53|0x0000000083500000, 0x0000000083600000, 0x0000000083600000|100%|HC|  |TAMS 0x0000000083600000, 0x0000000083500000| Complete 
|  54|0x0000000083600000, 0x0000000083700000, 0x0000000083700000|100%| O|  |TAMS 0x0000000083700000, 0x0000000083600000| Untracked 
|  55|0x0000000083700000, 0x0000000083800000, 0x0000000083800000|100%| O|  |TAMS 0x0000000083800000, 0x0000000083700000| Untracked 
|  56|0x0000000083800000, 0x0000000083900000, 0x0000000083900000|100%| O|  |TAMS 0x0000000083900000, 0x0000000083800000| Untracked 
|  57|0x0000000083900000, 0x0000000083a00000, 0x0000000083a00000|100%| O|  |TAMS 0x0000000083a00000, 0x0000000083900000| Untracked 
|  58|0x0000000083a00000, 0x0000000083b00000, 0x0000000083b00000|100%| O|  |TAMS 0x0000000083a00000, 0x0000000083a00000| Untracked 
|  59|0x0000000083b00000, 0x0000000083c00000, 0x0000000083c00000|100%| O|  |TAMS 0x0000000083c00000, 0x0000000083b00000| Untracked 
|  60|0x0000000083c00000, 0x0000000083d00000, 0x0000000083d00000|100%| O|  |TAMS 0x0000000083d00000, 0x0000000083c00000| Untracked 
|  61|0x0000000083d00000, 0x0000000083e00000, 0x0000000083e00000|100%| O|  |TAMS 0x0000000083e00000, 0x0000000083d00000| Untracked 
|  62|0x0000000083e00000, 0x0000000083f00000, 0x0000000083f00000|100%| O|  |TAMS 0x0000000083f00000, 0x0000000083e00000| Untracked 
|  63|0x0000000083f00000, 0x0000000084000000, 0x0000000084000000|100%| O|  |TAMS 0x0000000083f00000, 0x0000000083f00000| Untracked 
|  64|0x0000000084000000, 0x0000000084100000, 0x0000000084100000|100%| O|  |TAMS 0x0000000084100000, 0x0000000084000000| Untracked 
|  65|0x0000000084100000, 0x0000000084200000, 0x0000000084200000|100%| O|  |TAMS 0x0000000084100000, 0x0000000084100000| Untracked 
|  66|0x0000000084200000, 0x0000000084300000, 0x0000000084300000|100%| O|  |TAMS 0x0000000084300000, 0x0000000084200000| Untracked 
|  67|0x0000000084300000, 0x0000000084400000, 0x0000000084400000|100%| O|  |TAMS 0x0000000084300000, 0x0000000084300000| Untracked 
|  68|0x0000000084400000, 0x0000000084500000, 0x0000000084500000|100%| O|  |TAMS 0x0000000084400000, 0x0000000084400000| Untracked 
|  69|0x0000000084500000, 0x0000000084600000, 0x0000000084600000|100%| O|  |TAMS 0x0000000084600000, 0x0000000084500000| Untracked 
|  70|0x0000000084600000, 0x0000000084700000, 0x0000000084700000|100%| O|  |TAMS 0x0000000084700000, 0x0000000084600000| Untracked 
|  71|0x0000000084700000, 0x0000000084800000, 0x0000000084800000|100%| O|  |TAMS 0x0000000084800000, 0x0000000084700000| Untracked 
|  72|0x0000000084800000, 0x0000000084900000, 0x0000000084900000|100%| O|  |TAMS 0x0000000084900000, 0x0000000084800000| Untracked 
|  73|0x0000000084900000, 0x0000000084a00000, 0x0000000084a00000|100%| O|  |TAMS 0x0000000084a00000, 0x0000000084900000| Untracked 
|  74|0x0000000084a00000, 0x0000000084b00000, 0x0000000084b00000|100%| O|  |TAMS 0x0000000084b00000, 0x0000000084a00000| Untracked 
|  75|0x0000000084b00000, 0x0000000084c00000, 0x0000000084c00000|100%| O|  |TAMS 0x0000000084ba9c00, 0x0000000084b00000| Untracked 
|  76|0x0000000084c00000, 0x0000000084d00000, 0x0000000084d00000|100%| O|  |TAMS 0x0000000084c00000, 0x0000000084c00000| Untracked 
|  77|0x0000000084d00000, 0x0000000084e00000, 0x0000000084e00000|100%| O|  |TAMS 0x0000000084d00000, 0x0000000084d00000| Untracked 
|  78|0x0000000084e00000, 0x0000000084f00000, 0x0000000084f00000|100%| O|  |TAMS 0x0000000084e00000, 0x0000000084e00000| Untracked 
|  79|0x0000000084f00000, 0x0000000085000000, 0x0000000085000000|100%| O|  |TAMS 0x0000000084f00000, 0x0000000084f00000| Untracked 
|  80|0x0000000085000000, 0x0000000085100000, 0x0000000085100000|100%| O|  |TAMS 0x0000000085000000, 0x0000000085000000| Untracked 
|  81|0x0000000085100000, 0x0000000085200000, 0x0000000085200000|100%| O|  |TAMS 0x0000000085100000, 0x0000000085100000| Untracked 
|  82|0x0000000085200000, 0x0000000085300000, 0x0000000085300000|100%| O|  |TAMS 0x0000000085200000, 0x0000000085200000| Untracked 
|  83|0x0000000085300000, 0x0000000085400000, 0x0000000085400000|100%|HS|  |TAMS 0x0000000085300000, 0x0000000085300000| Complete 
|  84|0x0000000085400000, 0x0000000085500000, 0x0000000085500000|100%|HS|  |TAMS 0x0000000085400000, 0x0000000085400000| Complete 
|  85|0x0000000085500000, 0x0000000085600000, 0x0000000085600000|100%|HS|  |TAMS 0x0000000085500000, 0x0000000085500000| Complete 
|  86|0x0000000085600000, 0x0000000085700000, 0x0000000085700000|100%|HS|  |TAMS 0x0000000085600000, 0x0000000085600000| Complete 
|  87|0x0000000085700000, 0x0000000085800000, 0x0000000085800000|100%|HS|  |TAMS 0x0000000085700000, 0x0000000085700000| Complete 
|  88|0x0000000085800000, 0x0000000085900000, 0x0000000085900000|100%| O|  |TAMS 0x0000000085800000, 0x0000000085800000| Untracked 
|  89|0x0000000085900000, 0x0000000085a00000, 0x0000000085a00000|100%| O|  |TAMS 0x0000000085900000, 0x0000000085900000| Untracked 
|  90|0x0000000085a00000, 0x0000000085b00000, 0x0000000085b00000|100%| O|  |TAMS 0x0000000085a00000, 0x0000000085a00000| Untracked 
|  91|0x0000000085b00000, 0x0000000085c00000, 0x0000000085c00000|100%|HS|  |TAMS 0x0000000085b00000, 0x0000000085b00000| Complete 
|  92|0x0000000085c00000, 0x0000000085d00000, 0x0000000085d00000|100%| O|  |TAMS 0x0000000085c00000, 0x0000000085c00000| Untracked 
|  93|0x0000000085d00000, 0x0000000085e00000, 0x0000000085e00000|100%| O|  |TAMS 0x0000000085d00000, 0x0000000085d00000| Untracked 
|  94|0x0000000085e00000, 0x0000000085f00000, 0x0000000085f00000|100%| O|  |TAMS 0x0000000085e00000, 0x0000000085e00000| Untracked 
|  95|0x0000000085f00000, 0x0000000086000000, 0x0000000086000000|100%| O|  |TAMS 0x0000000085f00000, 0x0000000085f00000| Untracked 
|  96|0x0000000086000000, 0x0000000086100000, 0x0000000086100000|100%| O|  |TAMS 0x0000000086000000, 0x0000000086000000| Untracked 
|  97|0x0000000086100000, 0x0000000086200000, 0x0000000086200000|100%| O|  |TAMS 0x0000000086100000, 0x0000000086100000| Untracked 
|  98|0x0000000086200000, 0x0000000086300000, 0x0000000086300000|100%| O|  |TAMS 0x0000000086200000, 0x0000000086200000| Untracked 
|  99|0x0000000086300000, 0x0000000086400000, 0x0000000086400000|100%| O|  |TAMS 0x0000000086300000, 0x0000000086300000| Untracked 
| 100|0x0000000086400000, 0x0000000086500000, 0x0000000086500000|100%| O|  |TAMS 0x0000000086400000, 0x0000000086400000| Untracked 
| 101|0x0000000086500000, 0x0000000086600000, 0x0000000086600000|100%| O|  |TAMS 0x0000000086500000, 0x0000000086500000| Untracked 
| 102|0x0000000086600000, 0x0000000086700000, 0x0000000086700000|100%| O|  |TAMS 0x0000000086600000, 0x0000000086600000| Untracked 
| 103|0x0000000086700000, 0x0000000086800000, 0x0000000086800000|100%|HS|  |TAMS 0x0000000086700000, 0x0000000086700000| Complete 
| 104|0x0000000086800000, 0x0000000086900000, 0x0000000086900000|100%| O|  |TAMS 0x0000000086800000, 0x0000000086800000| Untracked 
| 105|0x0000000086900000, 0x0000000086a00000, 0x0000000086a00000|100%| O|  |TAMS 0x0000000086900000, 0x0000000086900000| Untracked 
| 106|0x0000000086a00000, 0x0000000086b00000, 0x0000000086b00000|100%| O|  |TAMS 0x0000000086a00000, 0x0000000086a00000| Untracked 
| 107|0x0000000086b00000, 0x0000000086c00000, 0x0000000086c00000|100%| O|  |TAMS 0x0000000086b00000, 0x0000000086b00000| Untracked 
| 108|0x0000000086c00000, 0x0000000086d00000, 0x0000000086d00000|100%| O|  |TAMS 0x0000000086c00000, 0x0000000086c00000| Untracked 
| 109|0x0000000086d00000, 0x0000000086e00000, 0x0000000086e00000|100%| O|  |TAMS 0x0000000086d00000, 0x0000000086d00000| Untracked 
| 110|0x0000000086e00000, 0x0000000086f00000, 0x0000000086f00000|100%| O|  |TAMS 0x0000000086e00000, 0x0000000086e00000| Untracked 
| 111|0x0000000086f00000, 0x0000000087000000, 0x0000000087000000|100%| O|  |TAMS 0x0000000086f00000, 0x0000000086f00000| Untracked 
| 112|0x0000000087000000, 0x0000000087100000, 0x0000000087100000|100%| O|  |TAMS 0x0000000087000000, 0x0000000087000000| Untracked 
| 113|0x0000000087100000, 0x0000000087200000, 0x0000000087200000|100%| O|  |TAMS 0x0000000087100000, 0x0000000087100000| Untracked 
| 114|0x0000000087200000, 0x0000000087300000, 0x0000000087300000|100%| O|  |TAMS 0x0000000087200000, 0x0000000087200000| Untracked 
| 115|0x0000000087300000, 0x0000000087400000, 0x0000000087400000|100%| O|  |TAMS 0x0000000087300000, 0x0000000087300000| Untracked 
| 116|0x0000000087400000, 0x0000000087500000, 0x0000000087500000|100%| O|  |TAMS 0x0000000087400000, 0x0000000087400000| Untracked 
| 117|0x0000000087500000, 0x0000000087600000, 0x0000000087600000|100%| O|  |TAMS 0x0000000087500000, 0x0000000087500000| Untracked 
| 118|0x0000000087600000, 0x0000000087700000, 0x0000000087700000|100%| O|  |TAMS 0x0000000087600000, 0x0000000087600000| Untracked 
| 119|0x0000000087700000, 0x0000000087800000, 0x0000000087800000|100%| O|  |TAMS 0x0000000087700000, 0x0000000087700000| Untracked 
| 120|0x0000000087800000, 0x0000000087900000, 0x0000000087900000|100%| O|  |TAMS 0x0000000087800000, 0x0000000087800000| Untracked 
| 121|0x0000000087900000, 0x0000000087a00000, 0x0000000087a00000|100%| O|  |TAMS 0x0000000087900000, 0x0000000087900000| Untracked 
| 122|0x0000000087a00000, 0x0000000087b00000, 0x0000000087b00000|100%| O|  |TAMS 0x0000000087a00000, 0x0000000087a00000| Untracked 
| 123|0x0000000087b00000, 0x0000000087c00000, 0x0000000087c00000|100%| O|  |TAMS 0x0000000087b00000, 0x0000000087b00000| Untracked 
| 124|0x0000000087c00000, 0x0000000087d00000, 0x0000000087d00000|100%| O|  |TAMS 0x0000000087c00000, 0x0000000087c00000| Untracked 
| 125|0x0000000087d00000, 0x0000000087e00000, 0x0000000087e00000|100%| O|  |TAMS 0x0000000087d00000, 0x0000000087d00000| Untracked 
| 126|0x0000000087e00000, 0x0000000087f00000, 0x0000000087f00000|100%| O|  |TAMS 0x0000000087e00000, 0x0000000087e00000| Untracked 
| 127|0x0000000087f00000, 0x0000000088000000, 0x0000000088000000|100%| O|  |TAMS 0x0000000087f00000, 0x0000000087f00000| Untracked 
| 128|0x0000000088000000, 0x0000000088100000, 0x0000000088100000|100%| O|  |TAMS 0x0000000088000000, 0x0000000088000000| Untracked 
| 129|0x0000000088100000, 0x0000000088200000, 0x0000000088200000|100%| O|  |TAMS 0x0000000088100000, 0x0000000088100000| Untracked 
| 130|0x0000000088200000, 0x0000000088300000, 0x0000000088300000|100%| O|  |TAMS 0x0000000088200000, 0x0000000088200000| Untracked 
| 131|0x0000000088300000, 0x0000000088400000, 0x0000000088400000|100%| O|  |TAMS 0x0000000088300000, 0x0000000088300000| Untracked 
| 132|0x0000000088400000, 0x0000000088500000, 0x0000000088500000|100%| O|  |TAMS 0x0000000088400000, 0x0000000088400000| Untracked 
| 133|0x0000000088500000, 0x0000000088600000, 0x0000000088600000|100%|HS|  |TAMS 0x0000000088500000, 0x0000000088500000| Complete 
| 134|0x0000000088600000, 0x0000000088700000, 0x0000000088700000|100%|HS|  |TAMS 0x0000000088600000, 0x0000000088600000| Complete 
| 135|0x0000000088700000, 0x0000000088800000, 0x0000000088800000|100%|HS|  |TAMS 0x0000000088700000, 0x0000000088700000| Complete 
| 136|0x0000000088800000, 0x0000000088900000, 0x0000000088900000|100%|HC|  |TAMS 0x0000000088800000, 0x0000000088800000| Complete 
| 137|0x0000000088900000, 0x0000000088a00000, 0x0000000088a00000|100%| O|  |TAMS 0x0000000088900000, 0x0000000088900000| Untracked 
| 138|0x0000000088a00000, 0x0000000088b00000, 0x0000000088b00000|100%| O|  |TAMS 0x0000000088a00000, 0x0000000088a00000| Untracked 
| 139|0x0000000088b00000, 0x0000000088c00000, 0x0000000088c00000|100%| O|  |TAMS 0x0000000088b00000, 0x0000000088b00000| Untracked 
| 140|0x0000000088c00000, 0x0000000088d00000, 0x0000000088d00000|100%| O|  |TAMS 0x0000000088c00000, 0x0000000088c00000| Untracked 
| 141|0x0000000088d00000, 0x0000000088e00000, 0x0000000088e00000|100%| O|  |TAMS 0x0000000088d00000, 0x0000000088d00000| Untracked 
| 142|0x0000000088e00000, 0x0000000088f00000, 0x0000000088f00000|100%| O|  |TAMS 0x0000000088e00000, 0x0000000088e00000| Untracked 
| 143|0x0000000088f00000, 0x0000000089000000, 0x0000000089000000|100%| O|  |TAMS 0x0000000088f00000, 0x0000000088f00000| Untracked 
| 144|0x0000000089000000, 0x0000000089100000, 0x0000000089100000|100%| O|  |TAMS 0x0000000089000000, 0x0000000089000000| Untracked 
| 145|0x0000000089100000, 0x0000000089200000, 0x0000000089200000|100%| O|  |TAMS 0x0000000089100000, 0x0000000089100000| Untracked 
| 146|0x0000000089200000, 0x0000000089300000, 0x0000000089300000|100%| O|  |TAMS 0x0000000089200000, 0x0000000089200000| Untracked 
| 147|0x0000000089300000, 0x0000000089400000, 0x0000000089400000|100%| O|  |TAMS 0x0000000089300000, 0x0000000089300000| Untracked 
| 148|0x0000000089400000, 0x0000000089500000, 0x0000000089500000|100%| O|  |TAMS 0x0000000089400000, 0x0000000089400000| Untracked 
| 149|0x0000000089500000, 0x0000000089600000, 0x0000000089600000|100%| O|  |TAMS 0x0000000089500000, 0x0000000089500000| Untracked 
| 150|0x0000000089600000, 0x0000000089700000, 0x0000000089700000|100%| O|  |TAMS 0x0000000089600000, 0x0000000089600000| Untracked 
| 151|0x0000000089700000, 0x0000000089800000, 0x0000000089800000|100%| O|  |TAMS 0x0000000089700000, 0x0000000089700000| Untracked 
| 152|0x0000000089800000, 0x0000000089900000, 0x0000000089900000|100%| O|  |TAMS 0x0000000089800000, 0x0000000089800000| Untracked 
| 153|0x0000000089900000, 0x0000000089a00000, 0x0000000089a00000|100%| O|  |TAMS 0x0000000089900000, 0x0000000089900000| Untracked 
| 154|0x0000000089a00000, 0x0000000089b00000, 0x0000000089b00000|100%| O|  |TAMS 0x0000000089a00000, 0x0000000089a00000| Untracked 
| 155|0x0000000089b00000, 0x0000000089c00000, 0x0000000089c00000|100%|HS|  |TAMS 0x0000000089b00000, 0x0000000089b00000| Complete 
| 156|0x0000000089c00000, 0x0000000089d00000, 0x0000000089d00000|100%| O|  |TAMS 0x0000000089c00000, 0x0000000089c00000| Untracked 
| 157|0x0000000089d00000, 0x0000000089e00000, 0x0000000089e00000|100%| O|  |TAMS 0x0000000089d00000, 0x0000000089d00000| Untracked 
| 158|0x0000000089e00000, 0x0000000089f00000, 0x0000000089f00000|100%| O|  |TAMS 0x0000000089e00000, 0x0000000089e00000| Untracked 
| 159|0x0000000089f00000, 0x000000008a000000, 0x000000008a000000|100%| O|  |TAMS 0x0000000089f00000, 0x0000000089f00000| Untracked 
| 160|0x000000008a000000, 0x000000008a100000, 0x000000008a100000|100%| O|  |TAMS 0x000000008a000000, 0x000000008a000000| Untracked 
| 161|0x000000008a100000, 0x000000008a200000, 0x000000008a200000|100%| O|  |TAMS 0x000000008a100000, 0x000000008a100000| Untracked 
| 162|0x000000008a200000, 0x000000008a300000, 0x000000008a300000|100%| O|  |TAMS 0x000000008a200000, 0x000000008a200000| Untracked 
| 163|0x000000008a300000, 0x000000008a400000, 0x000000008a400000|100%|HS|  |TAMS 0x000000008a300000, 0x000000008a300000| Complete 
| 164|0x000000008a400000, 0x000000008a500000, 0x000000008a500000|100%|HS|  |TAMS 0x000000008a400000, 0x000000008a400000| Complete 
| 165|0x000000008a500000, 0x000000008a600000, 0x000000008a600000|100%| O|  |TAMS 0x000000008a500000, 0x000000008a500000| Untracked 
| 166|0x000000008a600000, 0x000000008a700000, 0x000000008a700000|100%| O|  |TAMS 0x000000008a600000, 0x000000008a600000| Untracked 
| 167|0x000000008a700000, 0x000000008a800000, 0x000000008a800000|100%| O|  |TAMS 0x000000008a700000, 0x000000008a700000| Untracked 
| 168|0x000000008a800000, 0x000000008a900000, 0x000000008a900000|100%| O|  |TAMS 0x000000008a800000, 0x000000008a800000| Untracked 
| 169|0x000000008a900000, 0x000000008aa00000, 0x000000008aa00000|100%| O|  |TAMS 0x000000008a900000, 0x000000008a900000| Untracked 
| 170|0x000000008aa00000, 0x000000008ab00000, 0x000000008ab00000|100%| O|  |TAMS 0x000000008aa00000, 0x000000008aa00000| Untracked 
| 171|0x000000008ab00000, 0x000000008ac00000, 0x000000008ac00000|100%| O|  |TAMS 0x000000008ab00000, 0x000000008ab00000| Untracked 
| 172|0x000000008ac00000, 0x000000008ad00000, 0x000000008ad00000|100%| O|  |TAMS 0x000000008ac00000, 0x000000008ac00000| Untracked 
| 173|0x000000008ad00000, 0x000000008ae00000, 0x000000008ae00000|100%| O|  |TAMS 0x000000008ad00000, 0x000000008ad00000| Untracked 
| 174|0x000000008ae00000, 0x000000008af00000, 0x000000008af00000|100%| O|  |TAMS 0x000000008ae00000, 0x000000008ae00000| Untracked 
| 175|0x000000008af00000, 0x000000008b000000, 0x000000008b000000|100%| O|  |TAMS 0x000000008af00000, 0x000000008af00000| Untracked 
| 176|0x000000008b000000, 0x000000008b100000, 0x000000008b100000|100%| O|  |TAMS 0x000000008b000000, 0x000000008b000000| Untracked 
| 177|0x000000008b100000, 0x000000008b200000, 0x000000008b200000|100%| O|  |TAMS 0x000000008b100000, 0x000000008b100000| Untracked 
| 178|0x000000008b200000, 0x000000008b300000, 0x000000008b300000|100%| O|  |TAMS 0x000000008b200000, 0x000000008b200000| Untracked 
| 179|0x000000008b300000, 0x000000008b400000, 0x000000008b400000|100%| O|  |TAMS 0x000000008b300000, 0x000000008b300000| Untracked 
| 180|0x000000008b400000, 0x000000008b500000, 0x000000008b500000|100%| O|  |TAMS 0x000000008b400000, 0x000000008b400000| Untracked 
| 181|0x000000008b500000, 0x000000008b600000, 0x000000008b600000|100%| O|  |TAMS 0x000000008b500000, 0x000000008b500000| Untracked 
| 182|0x000000008b600000, 0x000000008b700000, 0x000000008b700000|100%| O|  |TAMS 0x000000008b600000, 0x000000008b600000| Untracked 
| 183|0x000000008b700000, 0x000000008b800000, 0x000000008b800000|100%| O|  |TAMS 0x000000008b700000, 0x000000008b700000| Untracked 
| 184|0x000000008b800000, 0x000000008b900000, 0x000000008b900000|100%| O|  |TAMS 0x000000008b800000, 0x000000008b800000| Untracked 
| 185|0x000000008b900000, 0x000000008ba00000, 0x000000008ba00000|100%| O|  |TAMS 0x000000008b900000, 0x000000008b900000| Untracked 
| 186|0x000000008ba00000, 0x000000008bb00000, 0x000000008bb00000|100%| O|  |TAMS 0x000000008ba00000, 0x000000008ba00000| Untracked 
| 187|0x000000008bb00000, 0x000000008bc00000, 0x000000008bc00000|100%| O|  |TAMS 0x000000008bb00000, 0x000000008bb00000| Untracked 
| 188|0x000000008bc00000, 0x000000008bd00000, 0x000000008bd00000|100%| O|  |TAMS 0x000000008bc00000, 0x000000008bc00000| Untracked 
| 189|0x000000008bd00000, 0x000000008be00000, 0x000000008be00000|100%| O|  |TAMS 0x000000008bd00000, 0x000000008bd00000| Untracked 
| 190|0x000000008be00000, 0x000000008bf00000, 0x000000008bf00000|100%| O|  |TAMS 0x000000008be00000, 0x000000008be00000| Untracked 
| 191|0x000000008bf00000, 0x000000008c000000, 0x000000008c000000|100%| O|  |TAMS 0x000000008bf00000, 0x000000008bf00000| Untracked 
| 192|0x000000008c000000, 0x000000008c100000, 0x000000008c100000|100%| O|  |TAMS 0x000000008c000000, 0x000000008c000000| Untracked 
| 193|0x000000008c100000, 0x000000008c200000, 0x000000008c200000|100%| O|  |TAMS 0x000000008c100000, 0x000000008c100000| Untracked 
| 194|0x000000008c200000, 0x000000008c300000, 0x000000008c300000|100%| O|  |TAMS 0x000000008c200000, 0x000000008c200000| Untracked 
| 195|0x000000008c300000, 0x000000008c400000, 0x000000008c400000|100%| O|  |TAMS 0x000000008c300000, 0x000000008c300000| Untracked 
| 196|0x000000008c400000, 0x000000008c500000, 0x000000008c500000|100%| O|  |TAMS 0x000000008c400000, 0x000000008c400000| Untracked 
| 197|0x000000008c500000, 0x000000008c600000, 0x000000008c600000|100%| O|  |TAMS 0x000000008c500000, 0x000000008c500000| Untracked 
| 198|0x000000008c600000, 0x000000008c700000, 0x000000008c700000|100%| O|  |TAMS 0x000000008c600000, 0x000000008c600000| Untracked 
| 199|0x000000008c700000, 0x000000008c800000, 0x000000008c800000|100%| O|  |TAMS 0x000000008c700000, 0x000000008c700000| Untracked 
| 200|0x000000008c800000, 0x000000008c900000, 0x000000008c900000|100%| O|  |TAMS 0x000000008c800000, 0x000000008c800000| Untracked 
| 201|0x000000008c900000, 0x000000008ca00000, 0x000000008ca00000|100%| O|  |TAMS 0x000000008c900000, 0x000000008c900000| Untracked 
| 202|0x000000008ca00000, 0x000000008cb00000, 0x000000008cb00000|100%| O|  |TAMS 0x000000008ca00000, 0x000000008ca00000| Untracked 
| 203|0x000000008cb00000, 0x000000008cc00000, 0x000000008cc00000|100%| O|  |TAMS 0x000000008cb00000, 0x000000008cb00000| Untracked 
| 204|0x000000008cc00000, 0x000000008cd00000, 0x000000008cd00000|100%| O|  |TAMS 0x000000008cc00000, 0x000000008cc00000| Untracked 
| 205|0x000000008cd00000, 0x000000008ce00000, 0x000000008ce00000|100%| O|  |TAMS 0x000000008cd00000, 0x000000008cd00000| Untracked 
| 206|0x000000008ce00000, 0x000000008cf00000, 0x000000008cf00000|100%| O|  |TAMS 0x000000008ce00000, 0x000000008ce00000| Untracked 
| 207|0x000000008cf00000, 0x000000008d000000, 0x000000008d000000|100%| O|  |TAMS 0x000000008cf00000, 0x000000008cf00000| Untracked 
| 208|0x000000008d000000, 0x000000008d100000, 0x000000008d100000|100%| O|  |TAMS 0x000000008d000000, 0x000000008d000000| Untracked 
| 209|0x000000008d100000, 0x000000008d200000, 0x000000008d200000|100%| O|  |TAMS 0x000000008d100000, 0x000000008d100000| Untracked 
| 210|0x000000008d200000, 0x000000008d300000, 0x000000008d300000|100%|HS|  |TAMS 0x000000008d200000, 0x000000008d200000| Complete 
| 211|0x000000008d300000, 0x000000008d400000, 0x000000008d400000|100%| O|  |TAMS 0x000000008d300000, 0x000000008d300000| Untracked 
| 212|0x000000008d400000, 0x000000008d500000, 0x000000008d500000|100%| O|  |TAMS 0x000000008d400000, 0x000000008d400000| Untracked 
| 213|0x000000008d500000, 0x000000008d600000, 0x000000008d600000|100%| O|  |TAMS 0x000000008d500000, 0x000000008d500000| Untracked 
| 214|0x000000008d600000, 0x000000008d700000, 0x000000008d700000|100%| O|  |TAMS 0x000000008d600000, 0x000000008d600000| Untracked 
| 215|0x000000008d700000, 0x000000008d800000, 0x000000008d800000|100%| O|  |TAMS 0x000000008d700000, 0x000000008d700000| Untracked 
| 216|0x000000008d800000, 0x000000008d900000, 0x000000008d900000|100%| O|  |TAMS 0x000000008d800000, 0x000000008d800000| Untracked 
| 217|0x000000008d900000, 0x000000008da00000, 0x000000008da00000|100%| O|  |TAMS 0x000000008d900000, 0x000000008d900000| Untracked 
| 218|0x000000008da00000, 0x000000008db00000, 0x000000008db00000|100%| O|  |TAMS 0x000000008da00000, 0x000000008da00000| Untracked 
| 219|0x000000008db00000, 0x000000008dc00000, 0x000000008dc00000|100%| O|  |TAMS 0x000000008db00000, 0x000000008db00000| Untracked 
| 220|0x000000008dc00000, 0x000000008dd00000, 0x000000008dd00000|100%| O|  |TAMS 0x000000008dc00000, 0x000000008dc00000| Untracked 
| 221|0x000000008dd00000, 0x000000008de00000, 0x000000008de00000|100%| O|  |TAMS 0x000000008dd00000, 0x000000008dd00000| Untracked 
| 222|0x000000008de00000, 0x000000008df00000, 0x000000008df00000|100%| O|  |TAMS 0x000000008de00000, 0x000000008de00000| Untracked 
| 223|0x000000008df00000, 0x000000008dfa4c00, 0x000000008e000000| 64%| O|  |TAMS 0x000000008df00000, 0x000000008df00000| Untracked 
| 224|0x000000008e000000, 0x000000008e000000, 0x000000008e100000|  0%| F|  |TAMS 0x000000008e000000, 0x000000008e000000| Untracked 
| 225|0x000000008e100000, 0x000000008e100000, 0x000000008e200000|  0%| F|  |TAMS 0x000000008e100000, 0x000000008e100000| Untracked 
| 226|0x000000008e200000, 0x000000008e200000, 0x000000008e300000|  0%| F|  |TAMS 0x000000008e200000, 0x000000008e200000| Untracked 
| 227|0x000000008e300000, 0x000000008e300000, 0x000000008e400000|  0%| F|  |TAMS 0x000000008e300000, 0x000000008e300000| Untracked 
| 228|0x000000008e400000, 0x000000008e400000, 0x000000008e500000|  0%| F|  |TAMS 0x000000008e400000, 0x000000008e400000| Untracked 
| 229|0x000000008e500000, 0x000000008e500000, 0x000000008e600000|  0%| F|  |TAMS 0x000000008e500000, 0x000000008e500000| Untracked 
| 230|0x000000008e600000, 0x000000008e600000, 0x000000008e700000|  0%| F|  |TAMS 0x000000008e600000, 0x000000008e600000| Untracked 
| 231|0x000000008e700000, 0x000000008e700000, 0x000000008e800000|  0%| F|  |TAMS 0x000000008e700000, 0x000000008e700000| Untracked 
| 232|0x000000008e800000, 0x000000008e800000, 0x000000008e900000|  0%| F|  |TAMS 0x000000008e800000, 0x000000008e800000| Untracked 
| 233|0x000000008e900000, 0x000000008e900000, 0x000000008ea00000|  0%| F|  |TAMS 0x000000008e900000, 0x000000008e900000| Untracked 
| 234|0x000000008ea00000, 0x000000008ea00000, 0x000000008eb00000|  0%| F|  |TAMS 0x000000008ea00000, 0x000000008ea00000| Untracked 
| 235|0x000000008eb00000, 0x000000008eb00000, 0x000000008ec00000|  0%| F|  |TAMS 0x000000008eb00000, 0x000000008eb00000| Untracked 
| 236|0x000000008ec00000, 0x000000008ec00000, 0x000000008ed00000|  0%| F|  |TAMS 0x000000008ec00000, 0x000000008ec00000| Untracked 
| 237|0x000000008ed00000, 0x000000008ed00000, 0x000000008ee00000|  0%| F|  |TAMS 0x000000008ed00000, 0x000000008ed00000| Untracked 
| 238|0x000000008ee00000, 0x000000008ee00000, 0x000000008ef00000|  0%| F|  |TAMS 0x000000008ee00000, 0x000000008ee00000| Untracked 
| 239|0x000000008ef00000, 0x000000008ef00000, 0x000000008f000000|  0%| F|  |TAMS 0x000000008ef00000, 0x000000008ef00000| Untracked 
| 240|0x000000008f000000, 0x000000008f000000, 0x000000008f100000|  0%| F|  |TAMS 0x000000008f000000, 0x000000008f000000| Untracked 
| 241|0x000000008f100000, 0x000000008f100000, 0x000000008f200000|  0%| F|  |TAMS 0x000000008f100000, 0x000000008f100000| Untracked 
| 242|0x000000008f200000, 0x000000008f200000, 0x000000008f300000|  0%| F|  |TAMS 0x000000008f200000, 0x000000008f200000| Untracked 
| 243|0x000000008f300000, 0x000000008f300000, 0x000000008f400000|  0%| F|  |TAMS 0x000000008f300000, 0x000000008f300000| Untracked 
| 244|0x000000008f400000, 0x000000008f400000, 0x000000008f500000|  0%| F|  |TAMS 0x000000008f400000, 0x000000008f400000| Untracked 
| 245|0x000000008f500000, 0x000000008f500000, 0x000000008f600000|  0%| F|  |TAMS 0x000000008f500000, 0x000000008f500000| Untracked 
| 246|0x000000008f600000, 0x000000008f600000, 0x000000008f700000|  0%| F|  |TAMS 0x000000008f600000, 0x000000008f600000| Untracked 
| 247|0x000000008f700000, 0x000000008f700000, 0x000000008f800000|  0%| F|  |TAMS 0x000000008f700000, 0x000000008f700000| Untracked 
| 248|0x000000008f800000, 0x000000008f800000, 0x000000008f900000|  0%| F|  |TAMS 0x000000008f800000, 0x000000008f800000| Untracked 
| 249|0x000000008f900000, 0x000000008f900000, 0x000000008fa00000|  0%| F|  |TAMS 0x000000008f900000, 0x000000008f900000| Untracked 
| 250|0x000000008fa00000, 0x000000008fa00000, 0x000000008fb00000|  0%| F|  |TAMS 0x000000008fa00000, 0x000000008fa00000| Untracked 
| 251|0x000000008fb00000, 0x000000008fb00000, 0x000000008fc00000|  0%| F|  |TAMS 0x000000008fb00000, 0x000000008fb00000| Untracked 
| 252|0x000000008fc00000, 0x000000008fc00000, 0x000000008fd00000|  0%| F|  |TAMS 0x000000008fc00000, 0x000000008fc00000| Untracked 
| 253|0x000000008fd00000, 0x000000008fd00000, 0x000000008fe00000|  0%| F|  |TAMS 0x000000008fd00000, 0x000000008fd00000| Untracked 
| 254|0x000000008fe00000, 0x000000008fe00000, 0x000000008ff00000|  0%| F|  |TAMS 0x000000008fe00000, 0x000000008fe00000| Untracked 
| 255|0x000000008ff00000, 0x000000008ff00000, 0x0000000090000000|  0%| F|  |TAMS 0x000000008ff00000, 0x000000008ff00000| Untracked 
| 256|0x0000000090000000, 0x0000000090000000, 0x0000000090100000|  0%| F|  |TAMS 0x0000000090000000, 0x0000000090000000| Untracked 
| 257|0x0000000090100000, 0x0000000090100000, 0x0000000090200000|  0%| F|  |TAMS 0x0000000090100000, 0x0000000090100000| Untracked 
| 258|0x0000000090200000, 0x0000000090200000, 0x0000000090300000|  0%| F|  |TAMS 0x0000000090200000, 0x0000000090200000| Untracked 
| 259|0x0000000090300000, 0x0000000090300000, 0x0000000090400000|  0%| F|  |TAMS 0x0000000090300000, 0x0000000090300000| Untracked 
| 260|0x0000000090400000, 0x0000000090400000, 0x0000000090500000|  0%| F|  |TAMS 0x0000000090400000, 0x0000000090400000| Untracked 
| 261|0x0000000090500000, 0x0000000090500000, 0x0000000090600000|  0%| F|  |TAMS 0x0000000090500000, 0x0000000090500000| Untracked 
| 262|0x0000000090600000, 0x0000000090600000, 0x0000000090700000|  0%| F|  |TAMS 0x0000000090600000, 0x0000000090600000| Untracked 
| 263|0x0000000090700000, 0x0000000090800000, 0x0000000090800000|100%| S|CS|TAMS 0x0000000090700000, 0x0000000090700000| Complete 
| 264|0x0000000090800000, 0x0000000090900000, 0x0000000090900000|100%| S|CS|TAMS 0x0000000090800000, 0x0000000090800000| Complete 
| 265|0x0000000090900000, 0x0000000090a00000, 0x0000000090a00000|100%| S|CS|TAMS 0x0000000090900000, 0x0000000090900000| Complete 
| 266|0x0000000090a00000, 0x0000000090a00000, 0x0000000090b00000|  0%| F|  |TAMS 0x0000000090a00000, 0x0000000090a00000| Untracked 
| 267|0x0000000090b00000, 0x0000000090b00000, 0x0000000090c00000|  0%| F|  |TAMS 0x0000000090b00000, 0x0000000090b00000| Untracked 
| 268|0x0000000090c00000, 0x0000000090c00000, 0x0000000090d00000|  0%| F|  |TAMS 0x0000000090c00000, 0x0000000090c00000| Untracked 
| 269|0x0000000090d00000, 0x0000000090d00000, 0x0000000090e00000|  0%| F|  |TAMS 0x0000000090d00000, 0x0000000090d00000| Untracked 
| 270|0x0000000090e00000, 0x0000000090e00000, 0x0000000090f00000|  0%| F|  |TAMS 0x0000000090e00000, 0x0000000090e00000| Untracked 
| 271|0x0000000090f00000, 0x0000000090f00000, 0x0000000091000000|  0%| F|  |TAMS 0x0000000090f00000, 0x0000000090f00000| Untracked 
| 272|0x0000000091000000, 0x0000000091000000, 0x0000000091100000|  0%| F|  |TAMS 0x0000000091000000, 0x0000000091000000| Untracked 
| 273|0x0000000091100000, 0x0000000091100000, 0x0000000091200000|  0%| F|  |TAMS 0x0000000091100000, 0x0000000091100000| Untracked 
| 274|0x0000000091200000, 0x0000000091200000, 0x0000000091300000|  0%| F|  |TAMS 0x0000000091200000, 0x0000000091200000| Untracked 
| 275|0x0000000091300000, 0x0000000091300000, 0x0000000091400000|  0%| F|  |TAMS 0x0000000091300000, 0x0000000091300000| Untracked 
| 276|0x0000000091400000, 0x0000000091400000, 0x0000000091500000|  0%| F|  |TAMS 0x0000000091400000, 0x0000000091400000| Untracked 
| 277|0x0000000091500000, 0x0000000091500000, 0x0000000091600000|  0%| F|  |TAMS 0x0000000091500000, 0x0000000091500000| Untracked 
| 278|0x0000000091600000, 0x0000000091600000, 0x0000000091700000|  0%| F|  |TAMS 0x0000000091600000, 0x0000000091600000| Untracked 
| 279|0x0000000091700000, 0x0000000091700000, 0x0000000091800000|  0%| F|  |TAMS 0x0000000091700000, 0x0000000091700000| Untracked 
| 280|0x0000000091800000, 0x0000000091800000, 0x0000000091900000|  0%| F|  |TAMS 0x0000000091800000, 0x0000000091800000| Untracked 
| 281|0x0000000091900000, 0x0000000091900000, 0x0000000091a00000|  0%| F|  |TAMS 0x0000000091900000, 0x0000000091900000| Untracked 
| 282|0x0000000091a00000, 0x0000000091a00000, 0x0000000091b00000|  0%| F|  |TAMS 0x0000000091a00000, 0x0000000091a00000| Untracked 
| 283|0x0000000091b00000, 0x0000000091b00000, 0x0000000091c00000|  0%| F|  |TAMS 0x0000000091b00000, 0x0000000091b00000| Untracked 
| 284|0x0000000091c00000, 0x0000000091c00000, 0x0000000091d00000|  0%| F|  |TAMS 0x0000000091c00000, 0x0000000091c00000| Untracked 
| 285|0x0000000091d00000, 0x0000000091d00000, 0x0000000091e00000|  0%| F|  |TAMS 0x0000000091d00000, 0x0000000091d00000| Untracked 
| 286|0x0000000091e00000, 0x0000000091e00000, 0x0000000091f00000|  0%| F|  |TAMS 0x0000000091e00000, 0x0000000091e00000| Untracked 
| 287|0x0000000091f00000, 0x0000000091f00000, 0x0000000092000000|  0%| F|  |TAMS 0x0000000091f00000, 0x0000000091f00000| Untracked 
| 288|0x0000000092000000, 0x0000000092000000, 0x0000000092100000|  0%| F|  |TAMS 0x0000000092000000, 0x0000000092000000| Untracked 
| 289|0x0000000092100000, 0x0000000092100000, 0x0000000092200000|  0%| F|  |TAMS 0x0000000092100000, 0x0000000092100000| Untracked 
| 290|0x0000000092200000, 0x0000000092200000, 0x0000000092300000|  0%| F|  |TAMS 0x0000000092200000, 0x0000000092200000| Untracked 
| 291|0x0000000092300000, 0x0000000092300000, 0x0000000092400000|  0%| F|  |TAMS 0x0000000092300000, 0x0000000092300000| Untracked 
| 292|0x0000000092400000, 0x0000000092400000, 0x0000000092500000|  0%| F|  |TAMS 0x0000000092400000, 0x0000000092400000| Untracked 
| 293|0x0000000092500000, 0x0000000092500000, 0x0000000092600000|  0%| F|  |TAMS 0x0000000092500000, 0x0000000092500000| Untracked 
| 294|0x0000000092600000, 0x0000000092600000, 0x0000000092700000|  0%| F|  |TAMS 0x0000000092600000, 0x0000000092600000| Untracked 
| 295|0x0000000092700000, 0x0000000092700000, 0x0000000092800000|  0%| F|  |TAMS 0x0000000092700000, 0x0000000092700000| Untracked 
| 296|0x0000000092800000, 0x0000000092800000, 0x0000000092900000|  0%| F|  |TAMS 0x0000000092800000, 0x0000000092800000| Untracked 
| 297|0x0000000092900000, 0x0000000092900000, 0x0000000092a00000|  0%| F|  |TAMS 0x0000000092900000, 0x0000000092900000| Untracked 
| 298|0x0000000092a00000, 0x0000000092a00000, 0x0000000092b00000|  0%| F|  |TAMS 0x0000000092a00000, 0x0000000092a00000| Untracked 

Card table byte_map: [0x0000024116e70000,0x0000024117270000] _byte_map_base: 0x0000024116a70000

Marking Bits (Prev, Next): (CMBitMap*) 0x000002417ff34390, (CMBitMap*) 0x000002417ff343d0
 Prev Bits: [0x0000024117670000, 0x0000024119670000)
 Next Bits: [0x0000024119670000, 0x000002411b670000)

Polling page: 0x000002417ddb0000

Metaspace:

Usage:
  Non-class:     90.90 MB used.
      Class:     14.78 MB used.
       Both:    105.68 MB used.

Virtual space:
  Non-class space:      128.00 MB reserved,      91.56 MB ( 72%) committed,  2 nodes.
      Class space:      416.00 MB reserved,      15.38 MB (  4%) committed,  1 nodes.
             Both:      544.00 MB reserved,     106.94 MB ( 20%) committed. 

Chunk freelists:
   Non-Class:  4.25 MB
       Class:  606.00 KB
        Both:  4.84 MB

MaxMetaspaceSize: 512.00 MB
CompressedClassSpaceSize: 416.00 MB
Initial GC threshold: 21.00 MB
Current GC threshold: 120.94 MB
CDS: on
MetaspaceReclaimPolicy: balanced
 - commit_granule_bytes: 65536.
 - commit_granule_words: 8192.
 - virtual_space_node_default_size: 8388608.
 - enlarge_chunks_in_place: 1.
 - new_chunks_are_fully_committed: 0.
 - uncommit_free_chunks: 1.
 - use_allocation_guard: 0.
 - handle_deallocations: 1.


Internal statistics:

num_allocs_failed_limit: 6.
num_arena_births: 1722.
num_arena_deaths: 0.
num_vsnodes_births: 3.
num_vsnodes_deaths: 0.
num_space_committed: 1711.
num_space_uncommitted: 0.
num_chunks_returned_to_freelist: 6.
num_chunks_taken_from_freelist: 6785.
num_chunk_merges: 3.
num_chunk_splits: 4291.
num_chunks_enlarged: 2606.
num_inconsistent_stats: 0.

CodeHeap 'non-profiled nmethods': size=120000Kb used=10467Kb max_used=10527Kb free=109532Kb
 bounds [0x000002410f540000, 0x000002410ffa0000, 0x0000024116a70000]
CodeHeap 'profiled nmethods': size=120000Kb used=25321Kb max_used=27047Kb free=94678Kb
 bounds [0x0000024107a70000, 0x00000241094e0000, 0x000002410efa0000]
CodeHeap 'non-nmethods': size=5760Kb used=2442Kb max_used=2565Kb free=3317Kb
 bounds [0x000002410efa0000, 0x000002410f230000, 0x000002410f540000]
 total_blobs=14285 nmethods=13302 adapters=894
 compilation: enabled
              stopped_count=0, restarted_count=0
 full_count=0

Compilation events (20 events):
Event: 141.254 Thread 0x000002411dbb8070 nmethod 16352 0x000002410fe57390 code [0x000002410fe57520, 0x000002410fe575f8]
Event: 141.266 Thread 0x000002411db38240 16353       4       org.gradle.internal.fingerprint.impl.DefaultFileSystemLocationFingerprint::compareTo (9 bytes)
Event: 141.271 Thread 0x000002411db38240 nmethod 16353 0x000002410fecae90 code [0x000002410fecb040, 0x000002410fecb458]
Event: 141.271 Thread 0x000002411db38240 16354       4       org.gradle.internal.hash.HashCode$HashCode128::compareTo (9 bytes)
Event: 141.273 Thread 0x000002411db38240 nmethod 16354 0x000002410fbc3f10 code [0x000002410fbc4080, 0x000002410fbc4178]
Event: 141.273 Thread 0x000002411db38240 16355       4       org.gradle.internal.Deferrable$1::getCompleted (23 bytes)
Event: 141.274 Thread 0x000002411dbb8070 16356       1       org.gradle.internal.operations.DefaultBuildOperationQueue::access$1000 (5 bytes)
Event: 141.274 Thread 0x000002411dbb8070 nmethod 16356 0x000002410fbc3c10 code [0x000002410fbc3da0, 0x000002410fbc3e58]
Event: 141.274 Thread 0x000002411dbb8070 16357       3       org.gradle.internal.operations.DefaultBuildOperationQueue$WorkerRunnable::doRunBatch (44 bytes)
Event: 141.275 Thread 0x000002411dbb8070 nmethod 16357 0x0000024108502e90 code [0x00000241085030a0, 0x00000241085035e8]
Event: 141.307 Thread 0x000002411db38240 nmethod 16355 0x000002410fc94590 code [0x000002410fc947e0, 0x000002410fc954e0]
Event: 141.418 Thread 0x000002411db38240 16358       4       java.io.FileInputStream::<init> (107 bytes)
Event: 141.440 Thread 0x000002411db38240 nmethod 16358 0x000002410f91a990 code [0x000002410f91ab60, 0x000002410f91b8b8]
Event: 141.440 Thread 0x000002411db38240 16359       4       sun.nio.fs.WindowsPath::resolve (6 bytes)
Event: 141.441 Thread 0x000002411db38240 nmethod 16359 0x000002410fc94290 code [0x000002410fc94420, 0x000002410fc944c8]
Event: 141.452 Thread 0x000002411db38240 16360       4       sun.nio.fs.WindowsPath::resolve (393 bytes)
Event: 141.467 Thread 0x000002411db38240 nmethod 16360 0x000002410fbc2b90 code [0x000002410fbc2d60, 0x000002410fbc34d8]
Event: 141.645 Thread 0x000002411db38240 16361       4       java.util.LinkedHashMap$LinkedHashIterator::remove (75 bytes)
Event: 141.647 Thread 0x000002411db38240 nmethod 16361 0x000002410fc93c90 code [0x000002410fc93e20, 0x000002410fc93fa8]
Event: 141.663 Thread 0x000002411db38240 16362   !   4       org.gradle.internal.execution.history.impl.DefaultImmutableWorkspaceMetadataStore::loadWorkspaceMetadata (185 bytes)

GC Heap History (20 events):
Event: 135.181 GC heap after
{Heap after GC invocations=90 (full 0):
 garbage-first heap   total 254976K, used 206741K [0x0000000080000000, 0x0000000100000000)
  region size 1024K, 3 young (3072K), 3 survivors (3072K)
 Metaspace       used 107453K, committed 108672K, reserved 557056K
  class space    used 15049K, committed 15616K, reserved 425984K
}
Event: 135.347 GC heap before
{Heap before GC invocations=90 (full 0):
 garbage-first heap   total 254976K, used 221077K [0x0000000080000000, 0x0000000100000000)
  region size 1024K, 18 young (18432K), 3 survivors (3072K)
 Metaspace       used 107453K, committed 108672K, reserved 557056K
  class space    used 15049K, committed 15616K, reserved 425984K
}
Event: 135.353 GC heap after
{Heap after GC invocations=91 (full 0):
 garbage-first heap   total 254976K, used 207933K [0x0000000080000000, 0x0000000100000000)
  region size 1024K, 3 young (3072K), 3 survivors (3072K)
 Metaspace       used 107453K, committed 108672K, reserved 557056K
  class space    used 15049K, committed 15616K, reserved 425984K
}
Event: 135.507 GC heap before
{Heap before GC invocations=91 (full 0):
 garbage-first heap   total 254976K, used 221245K [0x0000000080000000, 0x0000000100000000)
  region size 1024K, 17 young (17408K), 3 survivors (3072K)
 Metaspace       used 107455K, committed 108672K, reserved 557056K
  class space    used 15049K, committed 15616K, reserved 425984K
}
Event: 135.514 GC heap after
{Heap after GC invocations=92 (full 0):
 garbage-first heap   total 306176K, used 208720K [0x0000000080000000, 0x0000000100000000)
  region size 1024K, 3 young (3072K), 3 survivors (3072K)
 Metaspace       used 107455K, committed 108672K, reserved 557056K
  class space    used 15049K, committed 15616K, reserved 425984K
}
Event: 136.162 GC heap before
{Heap before GC invocations=92 (full 0):
 garbage-first heap   total 306176K, used 255824K [0x0000000080000000, 0x0000000100000000)
  region size 1024K, 50 young (51200K), 3 survivors (3072K)
 Metaspace       used 107554K, committed 108736K, reserved 557056K
  class space    used 15061K, committed 15616K, reserved 425984K
}
Event: 136.170 GC heap after
{Heap after GC invocations=93 (full 0):
 garbage-first heap   total 306176K, used 211365K [0x0000000080000000, 0x0000000100000000)
  region size 1024K, 5 young (5120K), 5 survivors (5120K)
 Metaspace       used 107554K, committed 108736K, reserved 557056K
  class space    used 15061K, committed 15616K, reserved 425984K
}
Event: 137.503 GC heap before
{Heap before GC invocations=93 (full 0):
 garbage-first heap   total 306176K, used 258469K [0x0000000080000000, 0x0000000100000000)
  region size 1024K, 51 young (52224K), 5 survivors (5120K)
 Metaspace       used 107754K, committed 108992K, reserved 557056K
  class space    used 15085K, committed 15680K, reserved 425984K
}
Event: 137.518 GC heap after
{Heap after GC invocations=94 (full 0):
 garbage-first heap   total 306176K, used 215510K [0x0000000080000000, 0x0000000100000000)
  region size 1024K, 7 young (7168K), 7 survivors (7168K)
 Metaspace       used 107754K, committed 108992K, reserved 557056K
  class space    used 15085K, committed 15680K, reserved 425984K
}
Event: 137.932 GC heap before
{Heap before GC invocations=94 (full 0):
 garbage-first heap   total 306176K, used 257494K [0x0000000080000000, 0x0000000100000000)
  region size 1024K, 49 young (50176K), 7 survivors (7168K)
 Metaspace       used 107754K, committed 108992K, reserved 557056K
  class space    used 15085K, committed 15680K, reserved 425984K
}
Event: 137.947 GC heap after
{Heap after GC invocations=95 (full 0):
 garbage-first heap   total 306176K, used 216879K [0x0000000080000000, 0x0000000100000000)
  region size 1024K, 4 young (4096K), 4 survivors (4096K)
 Metaspace       used 107754K, committed 108992K, reserved 557056K
  class space    used 15085K, committed 15680K, reserved 425984K
}
Event: 138.360 GC heap before
{Heap before GC invocations=95 (full 0):
 garbage-first heap   total 306176K, used 258863K [0x0000000080000000, 0x0000000100000000)
  region size 1024K, 46 young (47104K), 4 survivors (4096K)
 Metaspace       used 107754K, committed 108992K, reserved 557056K
  class space    used 15085K, committed 15680K, reserved 425984K
}
Event: 138.369 GC heap after
{Heap after GC invocations=96 (full 0):
 garbage-first heap   total 306176K, used 217432K [0x0000000080000000, 0x0000000100000000)
  region size 1024K, 4 young (4096K), 4 survivors (4096K)
 Metaspace       used 107754K, committed 108992K, reserved 557056K
  class space    used 15085K, committed 15680K, reserved 425984K
}
Event: 139.984 GC heap before
{Heap before GC invocations=96 (full 0):
 garbage-first heap   total 306176K, used 260440K [0x0000000080000000, 0x0000000100000000)
  region size 1024K, 46 young (47104K), 4 survivors (4096K)
 Metaspace       used 108052K, committed 109376K, reserved 557056K
  class space    used 15116K, committed 15744K, reserved 425984K
}
Event: 139.997 GC heap after
{Heap after GC invocations=97 (full 0):
 garbage-first heap   total 306176K, used 225052K [0x0000000080000000, 0x0000000100000000)
  region size 1024K, 6 young (6144K), 6 survivors (6144K)
 Metaspace       used 108052K, committed 109376K, reserved 557056K
  class space    used 15116K, committed 15744K, reserved 425984K
}
Event: 141.234 GC heap before
{Heap before GC invocations=97 (full 0):
 garbage-first heap   total 306176K, used 257820K [0x0000000080000000, 0x0000000100000000)
  region size 1024K, 39 young (39936K), 6 survivors (6144K)
 Metaspace       used 108212K, committed 109504K, reserved 557056K
  class space    used 15134K, committed 15744K, reserved 425984K
}
Event: 141.248 GC heap after
{Heap after GC invocations=98 (full 0):
 garbage-first heap   total 306176K, used 229713K [0x0000000080000000, 0x0000000100000000)
  region size 1024K, 5 young (5120K), 5 survivors (5120K)
 Metaspace       used 108212K, committed 109504K, reserved 557056K
  class space    used 15134K, committed 15744K, reserved 425984K
}
Event: 141.535 GC heap before
{Heap before GC invocations=98 (full 0):
 garbage-first heap   total 306176K, used 260433K [0x0000000080000000, 0x0000000100000000)
  region size 1024K, 36 young (36864K), 5 survivors (5120K)
 Metaspace       used 108213K, committed 109504K, reserved 557056K
  class space    used 15134K, committed 15744K, reserved 425984K
}
Event: 141.545 GC heap after
{Heap after GC invocations=99 (full 0):
 garbage-first heap   total 306176K, used 230825K [0x0000000080000000, 0x0000000100000000)
  region size 1024K, 3 young (3072K), 3 survivors (3072K)
 Metaspace       used 108213K, committed 109504K, reserved 557056K
  class space    used 15134K, committed 15744K, reserved 425984K
}
Event: 141.800 GC heap before
{Heap before GC invocations=99 (full 0):
 garbage-first heap   total 306176K, used 261545K [0x0000000080000000, 0x0000000100000000)
  region size 1024K, 34 young (34816K), 3 survivors (3072K)
 Metaspace       used 108213K, committed 109504K, reserved 557056K
  class space    used 15134K, committed 15744K, reserved 425984K
}

Dll operation events (15 events):
Event: 0.023 Loaded shared library C:\Program Files\Microsoft\jdk-17.0.12.7-hotspot\bin\java.dll
Event: 0.053 Loaded shared library C:\Program Files\Microsoft\jdk-17.0.12.7-hotspot\bin\jsvml.dll
Event: 0.298 Loaded shared library C:\Program Files\Microsoft\jdk-17.0.12.7-hotspot\bin\zip.dll
Event: 0.311 Loaded shared library C:\Program Files\Microsoft\jdk-17.0.12.7-hotspot\bin\instrument.dll
Event: 0.323 Loaded shared library C:\Program Files\Microsoft\jdk-17.0.12.7-hotspot\bin\net.dll
Event: 0.384 Loaded shared library C:\Program Files\Microsoft\jdk-17.0.12.7-hotspot\bin\nio.dll
Event: 0.399 Loaded shared library C:\Program Files\Microsoft\jdk-17.0.12.7-hotspot\bin\zip.dll
Event: 1.623 Loaded shared library C:\Program Files\Microsoft\jdk-17.0.12.7-hotspot\bin\jimage.dll
Event: 1.887 Loaded shared library C:\Program Files\Microsoft\jdk-17.0.12.7-hotspot\bin\verify.dll
Event: 2.488 Loaded shared library C:\Users\wwwgo\.gradle\native\c067742578af261105cb4f569cf0c3c89f3d7b1fecec35dd04571415982c5e48\windows-amd64\native-platform.dll
Event: 2.831 Loaded shared library C:\Users\wwwgo\.gradle\native\100fb08df4bc3b14c8652ba06237920a3bd2aa13389f12d3474272988ae205f9\windows-amd64\native-platform-file-events.dll
Event: 7.553 Loaded shared library C:\Program Files\Microsoft\jdk-17.0.12.7-hotspot\bin\management.dll
Event: 7.558 Loaded shared library C:\Program Files\Microsoft\jdk-17.0.12.7-hotspot\bin\management_ext.dll
Event: 8.170 Loaded shared library C:\Program Files\Microsoft\jdk-17.0.12.7-hotspot\bin\extnet.dll
Event: 9.503 Loaded shared library C:\Program Files\Microsoft\jdk-17.0.12.7-hotspot\bin\sunmscapi.dll

Deoptimization events (20 events):
Event: 139.463 Thread 0x000002413e566020 DEOPT PACKING pc=0x000002410f5e1c68 sp=0x0000009cd17f4ae0
Event: 139.463 Thread 0x000002413e566020 DEOPT UNPACKING pc=0x000002410eff69a3 sp=0x0000009cd17f49d8 mode 2
Event: 139.927 Thread 0x000002413e566020 DEOPT PACKING pc=0x000002410852cd60 sp=0x0000009cd17f97c0
Event: 139.927 Thread 0x000002413e566020 DEOPT UNPACKING pc=0x000002410eff7143 sp=0x0000009cd17f8d80 mode 0
Event: 139.948 Thread 0x000002413e566020 DEOPT PACKING pc=0x000002410852cd60 sp=0x0000009cd17f9670
Event: 139.948 Thread 0x000002413e566020 DEOPT UNPACKING pc=0x000002410eff7143 sp=0x0000009cd17f8c30 mode 0
Event: 139.969 Thread 0x000002413e566020 DEOPT PACKING pc=0x000002410852cd60 sp=0x0000009cd17f97d0
Event: 139.969 Thread 0x000002413e566020 DEOPT UNPACKING pc=0x000002410eff7143 sp=0x0000009cd17f8d90 mode 0
Event: 140.002 Thread 0x000002413e566020 DEOPT PACKING pc=0x000002410852cd60 sp=0x0000009cd17f9590
Event: 140.002 Thread 0x000002413e566020 DEOPT UNPACKING pc=0x000002410eff7143 sp=0x0000009cd17f8b50 mode 0
Event: 140.115 Thread 0x000002413e566020 DEOPT PACKING pc=0x000002410852cd60 sp=0x0000009cd17f9590
Event: 140.115 Thread 0x000002413e566020 DEOPT UNPACKING pc=0x000002410eff7143 sp=0x0000009cd17f8b50 mode 0
Event: 140.116 Thread 0x000002413e566020 DEOPT PACKING pc=0x000002410852cd60 sp=0x0000009cd17f97c0
Event: 140.116 Thread 0x000002413e566020 DEOPT UNPACKING pc=0x000002410eff7143 sp=0x0000009cd17f8d80 mode 0
Event: 140.125 Thread 0x000002413e566020 DEOPT PACKING pc=0x000002410852cd60 sp=0x0000009cd17f97c0
Event: 140.125 Thread 0x000002413e566020 DEOPT UNPACKING pc=0x000002410eff7143 sp=0x0000009cd17f8d80 mode 0
Event: 140.133 Thread 0x000002413e566020 DEOPT PACKING pc=0x000002410852cd60 sp=0x0000009cd17f97d0
Event: 140.133 Thread 0x000002413e566020 DEOPT UNPACKING pc=0x000002410eff7143 sp=0x0000009cd17f8d90 mode 0
Event: 140.147 Thread 0x000002413e566020 DEOPT PACKING pc=0x000002410852cd60 sp=0x0000009cd17f9590
Event: 140.147 Thread 0x000002413e566020 DEOPT UNPACKING pc=0x000002410eff7143 sp=0x0000009cd17f8b50 mode 0

Classes loaded (20 events):
Event: 123.835 Loading class jdk/internal/reflect/UnsafeQualifiedStaticCharacterFieldAccessorImpl
Event: 123.836 Loading class jdk/internal/reflect/UnsafeQualifiedStaticCharacterFieldAccessorImpl done
Event: 126.992 Loading class java/net/Proxy
Event: 126.993 Loading class java/net/Proxy done
Event: 126.993 Loading class java/net/Proxy$Type
Event: 126.993 Loading class java/net/Proxy$Type done
Event: 127.142 Loading class sun/invoke/util/ValueConversions$1
Event: 127.142 Loading class sun/invoke/util/ValueConversions$1 done
Event: 127.145 Loading class java/lang/invoke/BoundMethodHandle$Species_LI
Event: 127.145 Loading class java/lang/invoke/BoundMethodHandle$Species_LI done
Event: 127.485 Loading class jdk/internal/reflect/UnsafeQualifiedIntegerFieldAccessorImpl
Event: 127.491 Loading class jdk/internal/reflect/UnsafeQualifiedIntegerFieldAccessorImpl done
Event: 131.519 Loading class java/security/cert/CertificateEncodingException
Event: 131.519 Loading class java/security/cert/CertificateEncodingException done
Event: 132.010 Loading class java/beans/ParameterDescriptor
Event: 132.011 Loading class java/beans/ParameterDescriptor done
Event: 134.299 Loading class java/security/NoSuchProviderException
Event: 134.299 Loading class java/security/NoSuchProviderException done
Event: 134.299 Loading class java/security/SignatureException
Event: 134.299 Loading class java/security/SignatureException done

Classes unloaded (0 events):
No events

Classes redefined (0 events):
No events

Internal exceptions (20 events):
Event: 136.833 Thread 0x000002413e566020 Exception <a 'java/lang/ClassNotFoundException'{0x00000000918882b0}: build_3uv4cxzielimgk2sxsvg2a5r1$_run_closure1BeanInfo> (0x00000000918882b0) 
thrown [s\src\hotspot\share\classfile\systemDictionary.cpp, line 256]
Event: 136.834 Thread 0x000002413e566020 Exception <a 'java/lang/ClassNotFoundException'{0x0000000091891108}: build_3uv4cxzielimgk2sxsvg2a5r1$_run_closure1Customizer> (0x0000000091891108) 
thrown [s\src\hotspot\share\classfile\systemDictionary.cpp, line 256]
Event: 138.575 Thread 0x000002413e566020 Exception <a 'java/lang/ClassNotFoundException'{0x000000009193bcd0}: build_3uv4cxzielimgk2sxsvg2a5r1BeanInfo> (0x000000009193bcd0) 
thrown [s\src\hotspot\share\classfile\systemDictionary.cpp, line 256]
Event: 138.576 Thread 0x000002413e566020 Exception <a 'java/lang/ClassNotFoundException'{0x0000000091942f58}: build_3uv4cxzielimgk2sxsvg2a5r1Customizer> (0x0000000091942f58) 
thrown [s\src\hotspot\share\classfile\systemDictionary.cpp, line 256]
Event: 139.513 Thread 0x000002413e566020 Exception <a 'java/lang/ClassNotFoundException'{0x0000000090ba9590}: build_3uv4cxzielimgk2sxsvg2a5r1$_run_closure2BeanInfo> (0x0000000090ba9590) 
thrown [s\src\hotspot\share\classfile\systemDictionary.cpp, line 256]
Event: 139.515 Thread 0x000002413e566020 Exception <a 'java/lang/ClassNotFoundException'{0x0000000090bb6a00}: build_3uv4cxzielimgk2sxsvg2a5r1$_run_closure2Customizer> (0x0000000090bb6a00) 
thrown [s\src\hotspot\share\classfile\systemDictionary.cpp, line 256]
Event: 139.647 Thread 0x000002413e566020 Exception <a 'java/lang/ClassNotFoundException'{0x0000000090ab9ae0}: build_3uv4cxzielimgk2sxsvg2a5r1$_run_closure2$_closure13BeanInfo> (0x0000000090ab9ae0) 
thrown [s\src\hotspot\share\classfile\systemDictionary.cpp, line 256]
Event: 139.648 Thread 0x000002413e566020 Exception <a 'java/lang/ClassNotFoundException'{0x0000000090ac75d0}: build_3uv4cxzielimgk2sxsvg2a5r1$_run_closure2$_closure13Customizer> (0x0000000090ac75d0) 
thrown [s\src\hotspot\share\classfile\systemDictionary.cpp, line 256]
Event: 139.686 Thread 0x000002413e566020 Exception <a 'java/lang/ClassNotFoundException'{0x0000000090954e48}: org/gradle/api/internal/artifacts/dsl/dependencies/DefaultDependencyConstraintHandler_DecoratedBeanInfo> (0x0000000090954e48) 
thrown [s\src\hotspot\share\classfile\systemDictionary.cpp, line 256]
Event: 139.688 Thread 0x000002413e566020 Exception <a 'java/lang/ClassNotFoundException'{0x0000000090973250}: org/gradle/api/internal/artifacts/dsl/dependencies/DefaultDependencyConstraintHandlerBeanInfo> (0x0000000090973250) 
thrown [s\src\hotspot\share\classfile\systemDictionary.cpp, line 256]
Event: 139.700 Thread 0x000002413e566020 Exception <a 'java/lang/ClassNotFoundException'{0x0000000090991658}: org/gradle/api/internal/artifacts/dsl/dependencies/DefaultDependencyConstraintHandlerCustomizer> (0x0000000090991658) 
thrown [s\src\hotspot\share\classfile\systemDictionary.cpp, line 256]
Event: 139.710 Thread 0x000002413e566020 Exception <a 'java/lang/ClassNotFoundException'{0x00000000909b90d0}: org/gradle/api/internal/artifacts/dsl/dependencies/DefaultDependencyConstraintHandler_DecoratedCustomizer> (0x00000000909b90d0) 
thrown [s\src\hotspot\share\classfile\systemDictionary.cpp, line 256]
Event: 139.721 Thread 0x000002413e566020 Exception <a 'java/lang/ClassNotFoundException'{0x0000000090835598}: org/gradle/api/internal/artifacts/dependencies/DefaultDependencyConstraint_DecoratedBeanInfo> (0x0000000090835598) 
thrown [s\src\hotspot\share\classfile\systemDictionary.cpp, line 256]
Event: 139.726 Thread 0x000002413e566020 Exception <a 'java/lang/ClassNotFoundException'{0x0000000090855888}: org/gradle/api/internal/artifacts/dependencies/DefaultDependencyConstraintBeanInfo> (0x0000000090855888) 
thrown [s\src\hotspot\share\classfile\systemDictionary.cpp, line 256]
Event: 139.729 Thread 0x000002413e566020 Exception <a 'java/lang/ClassNotFoundException'{0x0000000090875e08}: org/gradle/api/internal/artifacts/dependencies/AbstractDependencyConstraintBeanInfo> (0x0000000090875e08) 
thrown [s\src\hotspot\share\classfile\systemDictionary.cpp, line 256]
Event: 139.732 Thread 0x000002413e566020 Exception <a 'java/lang/ClassNotFoundException'{0x0000000090896100}: org/gradle/api/internal/artifacts/dependencies/AbstractDependencyConstraintCustomizer> (0x0000000090896100) 
thrown [s\src\hotspot\share\classfile\systemDictionary.cpp, line 256]
Event: 139.735 Thread 0x000002413e566020 Exception <a 'java/lang/ClassNotFoundException'{0x00000000908b9e50}: org/gradle/api/internal/artifacts/dependencies/DefaultDependencyConstraintCustomizer> (0x00000000908b9e50) 
thrown [s\src\hotspot\share\classfile\systemDictionary.cpp, line 256]
Event: 139.737 Thread 0x000002413e566020 Exception <a 'java/lang/ClassNotFoundException'{0x00000000908ec088}: org/gradle/api/internal/artifacts/dependencies/DefaultDependencyConstraint_DecoratedCustomizer> (0x00000000908ec088) 
thrown [s\src\hotspot\share\classfile\systemDictionary.cpp, line 256]
Event: 140.415 Thread 0x000002413e566020 Exception <a 'java/lang/ClassNotFoundException'{0x0000000091e298a0}: build_wiix0cxlz3eb9694t5lh6o25BeanInfo> (0x0000000091e298a0) 
thrown [s\src\hotspot\share\classfile\systemDictionary.cpp, line 256]
Event: 140.416 Thread 0x000002413e566020 Exception <a 'java/lang/ClassNotFoundException'{0x0000000091e30b68}: build_wiix0cxlz3eb9694t5lh6o25Customizer> (0x0000000091e30b68) 
thrown [s\src\hotspot\share\classfile\systemDictionary.cpp, line 256]

VM Operations (20 events):
Event: 137.470 Executing VM operation: HandshakeAllThreads done
Event: 137.503 Executing VM operation: G1CollectForAllocation
Event: 137.521 Executing VM operation: G1CollectForAllocation done
Event: 137.683 Executing VM operation: HandshakeAllThreads
Event: 137.683 Executing VM operation: HandshakeAllThreads done
Event: 137.932 Executing VM operation: G1CollectForAllocation
Event: 137.947 Executing VM operation: G1CollectForAllocation done
Event: 138.360 Executing VM operation: G1CollectForAllocation
Event: 138.370 Executing VM operation: G1CollectForAllocation done
Event: 139.373 Executing VM operation: Cleanup
Event: 139.373 Executing VM operation: Cleanup done
Event: 139.984 Executing VM operation: G1CollectForAllocation
Event: 139.998 Executing VM operation: G1CollectForAllocation done
Event: 141.000 Executing VM operation: Cleanup
Event: 141.000 Executing VM operation: Cleanup done
Event: 141.234 Executing VM operation: G1CollectForAllocation
Event: 141.249 Executing VM operation: G1CollectForAllocation done
Event: 141.535 Executing VM operation: G1CollectForAllocation
Event: 141.545 Executing VM operation: G1CollectForAllocation done
Event: 141.800 Executing VM operation: G1CollectForAllocation

Events (20 events):
Event: 137.710 Thread 0x000002411dbb8680 flushing nmethod 0x000002410905c890
Event: 137.710 Thread 0x000002411dbb8680 flushing nmethod 0x0000024109096d10
Event: 137.710 Thread 0x000002411dbb8680 flushing nmethod 0x00000241090a7090
Event: 137.710 Thread 0x000002411dbb8680 flushing nmethod 0x00000241090b6810
Event: 137.710 Thread 0x000002411dbb8680 flushing nmethod 0x00000241090c2990
Event: 137.711 Thread 0x000002411dbb8680 flushing nmethod 0x0000024109166110
Event: 137.712 Thread 0x000002411dbb8680 flushing nmethod 0x00000241091caf90
Event: 137.712 Thread 0x000002411dbb8680 flushing nmethod 0x0000024109200110
Event: 137.712 Thread 0x000002411dbb8680 flushing nmethod 0x0000024109225590
Event: 137.712 Thread 0x000002411dbb8680 flushing nmethod 0x0000024109241390
Event: 137.712 Thread 0x000002411dbb8680 flushing nmethod 0x0000024109274210
Event: 137.713 Thread 0x000002411dbb8680 flushing nmethod 0x00000241092e5190
Event: 137.713 Thread 0x000002411dbb8680 flushing nmethod 0x00000241092f6290
Event: 137.713 Thread 0x000002411dbb8680 flushing nmethod 0x0000024109306d10
Event: 137.713 Thread 0x000002411dbb8680 flushing nmethod 0x0000024109330210
Event: 137.713 Thread 0x000002411dbb8680 flushing nmethod 0x0000024109333010
Event: 137.713 Thread 0x000002411dbb8680 flushing nmethod 0x0000024109360f90
Event: 137.713 Thread 0x000002411dbb8680 flushing nmethod 0x00000241093d0190
Event: 137.714 Thread 0x000002411dbb8680 flushing nmethod 0x0000024109414790
Event: 137.750 Thread 0x0000024142a89040 Thread exited: 0x0000024142a89040


Dynamic libraries:
0x00007ff7d5ea0000 - 0x00007ff7d5eae000 	C:\Program Files\Microsoft\jdk-17.0.12.7-hotspot\bin\java.exe
0x00007ffa93430000 - 0x00007ffa93647000 	C:\WINDOWS\SYSTEM32\ntdll.dll
0x00007ffa91b60000 - 0x00007ffa91c24000 	C:\WINDOWS\System32\KERNEL32.DLL
0x00007ffa909a0000 - 0x00007ffa90d59000 	C:\WINDOWS\System32\KERNELBASE.dll
0x00007ffa90730000 - 0x00007ffa90841000 	C:\WINDOWS\System32\ucrtbase.dll
0x00007ffa5c050000 - 0x00007ffa5c067000 	C:\Program Files\Microsoft\jdk-17.0.12.7-hotspot\bin\jli.dll
0x00007ffa91ce0000 - 0x00007ffa91e8e000 	C:\WINDOWS\System32\USER32.dll
0x00007ffa90850000 - 0x00007ffa90876000 	C:\WINDOWS\System32\win32u.dll
0x00007ffa911e0000 - 0x00007ffa91209000 	C:\WINDOWS\System32\GDI32.dll
0x00007ffa90880000 - 0x00007ffa9099b000 	C:\WINDOWS\System32\gdi32full.dll
0x00007ffa910b0000 - 0x00007ffa9114a000 	C:\WINDOWS\System32\msvcp_win.dll
0x00007ffa5c030000 - 0x00007ffa5c04d000 	C:\Program Files\Microsoft\jdk-17.0.12.7-hotspot\bin\VCRUNTIME140.dll
0x00007ffa734d0000 - 0x00007ffa73762000 	C:\WINDOWS\WinSxS\amd64_microsoft.windows.common-controls_6595b64144ccf1df_6.0.22621.4391_none_2715d37f73803e96\COMCTL32.dll
0x00007ffa91820000 - 0x00007ffa918c7000 	C:\WINDOWS\System32\msvcrt.dll
0x00007ffa93200000 - 0x00007ffa93231000 	C:\WINDOWS\System32\IMM32.DLL
0x00007ffa59940000 - 0x00007ffa5994c000 	C:\Program Files\Microsoft\jdk-17.0.12.7-hotspot\bin\vcruntime140_1.dll
0x00007ffa58760000 - 0x00007ffa587ed000 	C:\Program Files\Microsoft\jdk-17.0.12.7-hotspot\bin\msvcp140.dll
0x00007ffa14210000 - 0x00007ffa14e80000 	C:\Program Files\Microsoft\jdk-17.0.12.7-hotspot\bin\server\jvm.dll
0x00007ffa932a0000 - 0x00007ffa93352000 	C:\WINDOWS\System32\ADVAPI32.dll
0x00007ffa91c30000 - 0x00007ffa91cd7000 	C:\WINDOWS\System32\sechost.dll
0x00007ffa91010000 - 0x00007ffa91038000 	C:\WINDOWS\System32\bcrypt.dll
0x00007ffa92d50000 - 0x00007ffa92e64000 	C:\WINDOWS\System32\RPCRT4.dll
0x00007ffa91160000 - 0x00007ffa911d1000 	C:\WINDOWS\System32\WS2_32.dll
0x00007ffa90600000 - 0x00007ffa9064d000 	C:\WINDOWS\SYSTEM32\POWRPROF.dll
0x00007ffa86130000 - 0x00007ffa86164000 	C:\WINDOWS\SYSTEM32\WINMM.dll
0x00007ffa84e50000 - 0x00007ffa84e5a000 	C:\WINDOWS\SYSTEM32\VERSION.dll
0x00007ffa905e0000 - 0x00007ffa905f3000 	C:\WINDOWS\SYSTEM32\UMPDC.dll
0x00007ffa8f730000 - 0x00007ffa8f748000 	C:\WINDOWS\SYSTEM32\kernel.appcore.dll
0x00007ffa59930000 - 0x00007ffa5993a000 	C:\Program Files\Microsoft\jdk-17.0.12.7-hotspot\bin\jimage.dll
0x00007ffa8ae80000 - 0x00007ffa8b0b2000 	C:\WINDOWS\SYSTEM32\DBGHELP.DLL
0x00007ffa92e70000 - 0x00007ffa931ff000 	C:\WINDOWS\System32\combase.dll
0x00007ffa92a20000 - 0x00007ffa92af7000 	C:\WINDOWS\System32\OLEAUT32.dll
0x00007ffa7ed50000 - 0x00007ffa7ed82000 	C:\WINDOWS\SYSTEM32\dbgcore.DLL
0x00007ffa90e20000 - 0x00007ffa90e9b000 	C:\WINDOWS\System32\bcryptPrimitives.dll
0x00007ffa59920000 - 0x00007ffa5992e000 	C:\Program Files\Microsoft\jdk-17.0.12.7-hotspot\bin\instrument.dll
0x00007ffa598f0000 - 0x00007ffa59915000 	C:\Program Files\Microsoft\jdk-17.0.12.7-hotspot\bin\java.dll
0x00007ffa15510000 - 0x00007ffa155e7000 	C:\Program Files\Microsoft\jdk-17.0.12.7-hotspot\bin\jsvml.dll
0x00007ffa91f90000 - 0x00007ffa92806000 	C:\WINDOWS\System32\SHELL32.dll
0x00007ffa8e620000 - 0x00007ffa8ef23000 	C:\WINDOWS\SYSTEM32\windows.storage.dll
0x00007ffa8e4e0000 - 0x00007ffa8e61f000 	C:\WINDOWS\SYSTEM32\wintypes.dll
0x00007ffa91210000 - 0x00007ffa91309000 	C:\WINDOWS\System32\SHCORE.dll
0x00007ffa92cf0000 - 0x00007ffa92d4e000 	C:\WINDOWS\System32\shlwapi.dll
0x00007ffa90660000 - 0x00007ffa9068b000 	C:\WINDOWS\SYSTEM32\profapi.dll
0x00007ffa202d0000 - 0x00007ffa202e8000 	C:\Program Files\Microsoft\jdk-17.0.12.7-hotspot\bin\zip.dll
0x00007ffa202b0000 - 0x00007ffa202ca000 	C:\Program Files\Microsoft\jdk-17.0.12.7-hotspot\bin\net.dll
0x00007ffa85070000 - 0x00007ffa851a6000 	C:\WINDOWS\SYSTEM32\WINHTTP.dll
0x00007ffa8fbb0000 - 0x00007ffa8fc19000 	C:\WINDOWS\system32\mswsock.dll
0x00007ffa20290000 - 0x00007ffa202a6000 	C:\Program Files\Microsoft\jdk-17.0.12.7-hotspot\bin\nio.dll
0x00007ffa503d0000 - 0x00007ffa503e0000 	C:\Program Files\Microsoft\jdk-17.0.12.7-hotspot\bin\verify.dll
0x00007ffa1e0a0000 - 0x00007ffa1e0c7000 	C:\Users\wwwgo\.gradle\native\c067742578af261105cb4f569cf0c3c89f3d7b1fecec35dd04571415982c5e48\windows-amd64\native-platform.dll
0x00007ffa140c0000 - 0x00007ffa14204000 	C:\Users\wwwgo\.gradle\native\100fb08df4bc3b14c8652ba06237920a3bd2aa13389f12d3474272988ae205f9\windows-amd64\native-platform-file-events.dll
0x00007ffa4e630000 - 0x00007ffa4e63a000 	C:\Program Files\Microsoft\jdk-17.0.12.7-hotspot\bin\management.dll
0x00007ffa4e2f0000 - 0x00007ffa4e2fb000 	C:\Program Files\Microsoft\jdk-17.0.12.7-hotspot\bin\management_ext.dll
0x00007ffa91310000 - 0x00007ffa91318000 	C:\WINDOWS\System32\PSAPI.DLL
0x00007ffa8fde0000 - 0x00007ffa8fdfb000 	C:\WINDOWS\SYSTEM32\CRYPTSP.dll
0x00007ffa8f690000 - 0x00007ffa8f6c5000 	C:\WINDOWS\system32\rsaenh.dll
0x00007ffa8fc70000 - 0x00007ffa8fc98000 	C:\WINDOWS\SYSTEM32\USERENV.dll
0x00007ffa8fe00000 - 0x00007ffa8fe0c000 	C:\WINDOWS\SYSTEM32\CRYPTBASE.dll
0x00007ffa8f1d0000 - 0x00007ffa8f1fd000 	C:\WINDOWS\SYSTEM32\IPHLPAPI.DLL
0x00007ffa91150000 - 0x00007ffa91159000 	C:\WINDOWS\System32\NSI.dll
0x00007ffa853b0000 - 0x00007ffa853c9000 	C:\WINDOWS\SYSTEM32\dhcpcsvc6.DLL
0x00007ffa84fb0000 - 0x00007ffa84fcf000 	C:\WINDOWS\SYSTEM32\dhcpcsvc.DLL
0x00007ffa8f250000 - 0x00007ffa8f352000 	C:\WINDOWS\SYSTEM32\DNSAPI.dll
0x00007ffa4dd10000 - 0x00007ffa4dd19000 	C:\Program Files\Microsoft\jdk-17.0.12.7-hotspot\bin\extnet.dll
0x00007ffa4d800000 - 0x00007ffa4d80e000 	C:\Program Files\Microsoft\jdk-17.0.12.7-hotspot\bin\sunmscapi.dll
0x00007ffa90ea0000 - 0x00007ffa91006000 	C:\WINDOWS\System32\CRYPT32.dll
0x00007ffa90000000 - 0x00007ffa9002d000 	C:\WINDOWS\SYSTEM32\ncrypt.dll
0x00007ffa8ffc0000 - 0x00007ffa8fff7000 	C:\WINDOWS\SYSTEM32\NTASN1.dll
0x00007ffa79b40000 - 0x00007ffa79b48000 	C:\WINDOWS\system32\wshunix.dll
0x00007ffa6e790000 - 0x00007ffa6e7a7000 	C:\WINDOWS\system32\napinsp.dll
0x00007ffa4fd00000 - 0x00007ffa4fd1b000 	C:\WINDOWS\system32\pnrpnsp.dll
0x00007ffa4f3a0000 - 0x00007ffa4f3b1000 	C:\WINDOWS\System32\winrnr.dll
0x00007ffa853d0000 - 0x00007ffa853e5000 	C:\WINDOWS\system32\wshbth.dll
0x00007ffa7e8e0000 - 0x00007ffa7e907000 	C:\WINDOWS\system32\nlansp_c.dll
0x00007ffa853a0000 - 0x00007ffa853aa000 	C:\Windows\System32\rasadhlp.dll
0x00007ffa821a0000 - 0x00007ffa82223000 	C:\WINDOWS\System32\fwpuclnt.dll

dbghelp: loaded successfully - version: 4.0.5 - missing functions: none
symbol engine: initialized successfully - sym options: 0x614 - pdb path: .;C:\Program Files\Microsoft\jdk-17.0.12.7-hotspot\bin;C:\WINDOWS\SYSTEM32;C:\WINDOWS\WinSxS\amd64_microsoft.windows.common-controls_6595b64144ccf1df_6.0.22621.4391_none_2715d37f73803e96;C:\Program Files\Microsoft\jdk-17.0.12.7-hotspot\bin\server;C:\Users\wwwgo\.gradle\native\c067742578af261105cb4f569cf0c3c89f3d7b1fecec35dd04571415982c5e48\windows-amd64;C:\Users\wwwgo\.gradle\native\100fb08df4bc3b14c8652ba06237920a3bd2aa13389f12d3474272988ae205f9\windows-amd64

VM Arguments:
jvm_args: -XX:MaxMetaspaceSize=512m --add-opens=java.base/java.util=ALL-UNNAMED --add-opens=java.base/java.lang=ALL-UNNAMED --add-opens=java.base/java.lang.invoke=ALL-UNNAMED --add-opens=java.prefs/java.util.prefs=ALL-UNNAMED --add-opens=java.base/java.nio.charset=ALL-UNNAMED --add-opens=java.base/java.net=ALL-UNNAMED --add-opens=java.base/java.util.concurrent.atomic=ALL-UNNAMED -Xmx2048m -Dfile.encoding=utf8 -Duser.country=IN -Duser.language=en -Duser.variant -javaagent:C:\Users\wwwgo\.gradle\wrapper\dists\gradle-8.8-all\6gdy1pgp427xkqcjbxw3ylt6h\gradle-8.8\lib\agents\gradle-instrumentation-agent-8.8.jar 
java_command: org.gradle.launcher.daemon.bootstrap.GradleDaemon 8.8
java_class_path (initial): C:\Users\wwwgo\.gradle\wrapper\dists\gradle-8.8-all\6gdy1pgp427xkqcjbxw3ylt6h\gradle-8.8\lib\gradle-launcher-8.8.jar
Launcher Type: SUN_STANDARD

[Global flags]
     intx CICompilerCount                          = 3                                         {product} {ergonomic}
   size_t CompressedClassSpaceSize                 = 436207616                                 {product} {ergonomic}
     uint ConcGCThreads                            = 1                                         {product} {ergonomic}
     uint G1ConcRefinementThreads                  = 4                                         {product} {ergonomic}
   size_t G1HeapRegionSize                         = 1048576                                   {product} {ergonomic}
    uintx GCDrainStackTargetSize                   = 64                                        {product} {ergonomic}
   size_t InitialHeapSize                          = 132120576                                 {product} {ergonomic}
   size_t MarkStackSize                            = 4194304                                   {product} {ergonomic}
   size_t MaxHeapSize                              = 2147483648                                {product} {command line}
   size_t MaxMetaspaceSize                         = 536870912                                 {product} {command line}
   size_t MaxNewSize                               = 1287651328                                {product} {ergonomic}
   size_t MinHeapDeltaBytes                        = 1048576                                   {product} {ergonomic}
   size_t MinHeapSize                              = 8388608                                   {product} {ergonomic}
    uintx NonNMethodCodeHeapSize                   = 5832780                                {pd product} {ergonomic}
    uintx NonProfiledCodeHeapSize                  = 122912730                              {pd product} {ergonomic}
    uintx ProfiledCodeHeapSize                     = 122912730                              {pd product} {ergonomic}
    uintx ReservedCodeCacheSize                    = 251658240                              {pd product} {ergonomic}
     bool SegmentedCodeCache                       = true                                      {product} {ergonomic}
   size_t SoftMaxHeapSize                          = 2147483648                             {manageable} {ergonomic}
     bool UseCompressedClassPointers               = true                           {product lp64_product} {ergonomic}
     bool UseCompressedOops                        = true                           {product lp64_product} {ergonomic}
     bool UseG1GC                                  = true                                      {product} {ergonomic}
     bool UseLargePagesIndividualAllocation        = false                                  {pd product} {ergonomic}

Logging:
Log output configuration:
 #0: stdout all=warning uptime,level,tags
 #1: stderr all=off uptime,level,tags

Environment Variables:
JAVA_HOME=C:\Program Files\Microsoft\jdk-17.0.12.7-hotspot\
PATH=C:\Program Files\Microsoft\jdk-17.0.12.7-hotspot\bin;C:\Python312\Scripts\;C:\Python312\;C:\WINDOWS\system32;C:\WINDOWS;C:\WINDOWS\System32\Wbem;C:\WINDOWS\System32\WindowsPowerShell\v1.0\;C:\WINDOWS\System32\OpenSSH\;C:\Program Files\Git\cmd;C:\xampp2\php;C:\ProgramData\ComposerSetup\bin;C:\ProgramData\chocolatey\bin;C:\Program Files\nodejs\;C:\Users\wwwgo\AppData\Local\Android\Sdk\platform-tools;C:\Users\wwwgo\AppData\Local\Microsoft\WindowsApps;;C:\Users\wwwgo\AppData\Local\Programs\Microsoft VS Code\bin;C:\Users\wwwgo\AppData\Roaming\Composer\vendor\bin;C:\Users\wwwgo\AppData\Roaming\npm
USERNAME=wwwgo
OS=Windows_NT
PROCESSOR_IDENTIFIER=Intel64 Family 6 Model 142 Stepping 12, GenuineIntel
TMP=C:\Users\wwwgo\AppData\Local\Temp
TEMP=C:\Users\wwwgo\AppData\Local\Temp



Periodic native trim disabled


---------------  S Y S T E M  ---------------

OS:
 Windows 11 , 64 bit Build 22621 (10.0.22621.4391)
OS uptime: 1 days 2:16 hours
Hyper-V role detected

CPU: total 4 (initial active 4) (2 cores per cpu, 2 threads per core) family 6 model 142 stepping 12 microcode 0xde, cx8, cmov, fxsr, ht, mmx, 3dnowpref, sse, sse2, sse3, ssse3, sse4.1, sse4.2, popcnt, lzcnt, tsc, tscinvbit, avx, avx2, aes, erms, clmul, bmi1, bmi2, adx, fma, vzeroupper, clflush, clflushopt, hv
Processor Information for processor 0
  Max Mhz: 2592, Current Mhz: 2592, Mhz Limit: 2073
Processor Information for processor 1
  Max Mhz: 2592, Current Mhz: 2592, Mhz Limit: 2073
Processor Information for processor 2
  Max Mhz: 2592, Current Mhz: 1495, Mhz Limit: 2073
Processor Information for processor 3
  Max Mhz: 2592, Current Mhz: 1495, Mhz Limit: 2073

Memory: 4k page, system-wide physical 8025M (275M free)
TotalPageFile size 18054M (AvailPageFile size 6M)
current process WorkingSet (physical memory assigned to process): 573M, peak: 577M
current process commit charge ("private bytes"): 646M, peak: 706M

vm_info: OpenJDK 64-Bit Server VM (17.0.12+7-LTS) for windows-amd64 JRE (17.0.12+7-LTS), built on Jul 16 2024 18:11:44 by "MicrosoftCorporation" with unknown MS VC++:1939

END.
