#
# There is insufficient memory for the Java Runtime Environment to continue.
# Native memory allocation (malloc) failed to allocate 583280 bytes. Error detail: Chunk::new
# Possible reasons:
#   The system is out of physical RAM or swap space
#   This process is running with CompressedOops enabled, and the Java Heap may be blocking the growth of the native heap
# Possible solutions:
#   Reduce memory load on the system
#   Increase physical memory or swap space
#   Check if swap backing store is full
#   Decrease Java heap size (-Xmx/-Xms)
#   Decrease number of Java threads
#   Decrease Java thread stack sizes (-Xss)
#   Set larger code cache with -XX:ReservedCodeCacheSize=
#   JVM is running with Unscaled Compressed Oops mode in which the Java heap is
#     placed in the first 4GB address space. The Java Heap base address is the
#     maximum limit for the native heap growth. Please use -XX:HeapBaseMinAddress
#     to set the Java Heap base and to place the Java Heap above 4GB virtual address.
# This output file may be truncated or incomplete.
#
#  Out of Memory Error (arena.cpp:191), pid=15776, tid=21084
#
# JRE version: OpenJDK Runtime Environment Temurin-17.0.13+11 (17.0.13+11) (build 17.0.13+11)
# Java VM: OpenJDK 64-Bit Server VM Temurin-17.0.13+11 (17.0.13+11, mixed mode, tiered, compressed oops, compressed class ptrs, parallel gc, windows-amd64)
# No core dump will be written. Minidumps are not enabled by default on client versions of Windows
#

---------------  S U M M A R Y ------------

Command Line: --add-modules=ALL-SYSTEM --add-opens=java.base/java.util=ALL-UNNAMED --add-opens=java.base/java.lang=ALL-UNNAMED --add-opens=java.base/sun.nio.fs=ALL-UNNAMED -Declipse.application=org.eclipse.jdt.ls.core.id1 -Dosgi.bundles.defaultStartLevel=4 -Declipse.product=org.eclipse.jdt.ls.core.product -Djava.import.generatesMetadataFilesAtProjectRoot=false -DDetectVMInstallationsJob.disabled=true -Dfile.encoding=utf8 -XX:+UseParallelGC -XX:GCTimeRatio=4 -XX:AdaptiveSizePolicyWeight=90 -Dsun.zip.disableMemoryMapping=true -Xmx1G -Xms100m -Xlog:disable -javaagent:c:\Users\wwwgo\.vscode\extensions\redhat.java-1.36.0-win32-x64\lombok\lombok-1.18.35.jar -XX:+HeapDumpOnOutOfMemoryError -XX:HeapDumpPath=c:\Users\wwwgo\AppData\Roaming\Code\User\workspaceStorage\249a18d9a02ff7ef2690f734e7d3763f\redhat.java -Daether.dependencyCollector.impl=bf c:\Users\wwwgo\.vscode\extensions\redhat.java-1.36.0-win32-x64\server\plugins\org.eclipse.equinox.launcher_1.6.900.v20240613-2009.jar -configuration c:\Users\wwwgo\AppData\Roaming\Code\User\globalStorage\redhat.java\1.36.0\config_win -data c:\Users\wwwgo\AppData\Roaming\Code\User\workspaceStorage\249a18d9a02ff7ef2690f734e7d3763f\redhat.java\jdt_ws --pipe=\\.\pipe\lsp-14d38451b8bbec880c9e67ef053e93a8-sock

Host: Intel(R) Core(TM) i3-10110U CPU @ 2.10GHz, 4 cores, 7G,  Windows 11 , 64 bit Build 22621 (10.0.22621.3958)
Time: Tue Nov 12 16:09:30 2024 India Standard Time elapsed time: 2.377551 seconds (0d 0h 0m 2s)

---------------  T H R E A D  ---------------

Current thread (0x0000016633d1f3e0):  JavaThread "C2 CompilerThread0" daemon [_thread_in_native, id=21084, stack(0x000000140f500000,0x000000140f600000)]


Current CompileTask:
C2:   2377  792   !   4       java.util.jar.Attributes::read (498 bytes)

Stack: [0x000000140f500000,0x000000140f600000]
Native frames: (J=compiled Java code, j=interpreted, Vv=VM code, C=native code)
V  [jvm.dll+0x682a19]
V  [jvm.dll+0x839538]
V  [jvm.dll+0x83afe3]
V  [jvm.dll+0x83b653]
V  [jvm.dll+0x24704f]
V  [jvm.dll+0xace34]
V  [jvm.dll+0xad4cc]
V  [jvm.dll+0x36597e]
V  [jvm.dll+0x32fbd8]
V  [jvm.dll+0x32f05a]
V  [jvm.dll+0x21804f]
V  [jvm.dll+0x21748f]
V  [jvm.dll+0x1a3070]
V  [jvm.dll+0x22788c]
V  [jvm.dll+0x2259eb]
V  [jvm.dll+0x7eec98]
V  [jvm.dll+0x7e8ffc]
V  [jvm.dll+0x6818f7]
C  [ucrtbase.dll+0x29333]
C  [KERNEL32.DLL+0x1257d]
C  [ntdll.dll+0x5af08]


---------------  P R O C E S S  ---------------

Threads class SMR info:
_java_thread_list=0x0000016639234f40, length=12, elements={
0x000001661feaccf0, 0x000001661ff5cfa0, 0x000001661ff5e4d0, 0x0000016633d1b330,
0x0000016633d1be60, 0x0000016633d1cbf0, 0x0000016633d1e730, 0x0000016633d1f3e0,
0x0000016633d3e9f0, 0x0000016638f56b20, 0x0000016639007630, 0x000001663921ba60
}

Java Threads: ( => current thread )
  0x000001661feaccf0 JavaThread "main" [_thread_in_vm, id=14128, stack(0x000000140ec00000,0x000000140ed00000)]
  0x000001661ff5cfa0 JavaThread "Reference Handler" daemon [_thread_blocked, id=18244, stack(0x000000140ef00000,0x000000140f000000)]
  0x000001661ff5e4d0 JavaThread "Finalizer" daemon [_thread_blocked, id=12860, stack(0x000000140f000000,0x000000140f100000)]
  0x0000016633d1b330 JavaThread "Signal Dispatcher" daemon [_thread_blocked, id=14180, stack(0x000000140f100000,0x000000140f200000)]
  0x0000016633d1be60 JavaThread "Attach Listener" daemon [_thread_blocked, id=5732, stack(0x000000140f200000,0x000000140f300000)]
  0x0000016633d1cbf0 JavaThread "Service Thread" daemon [_thread_blocked, id=5868, stack(0x000000140f300000,0x000000140f400000)]
  0x0000016633d1e730 JavaThread "Monitor Deflation Thread" daemon [_thread_blocked, id=7820, stack(0x000000140f400000,0x000000140f500000)]
=>0x0000016633d1f3e0 JavaThread "C2 CompilerThread0" daemon [_thread_in_native, id=21084, stack(0x000000140f500000,0x000000140f600000)]
  0x0000016633d3e9f0 JavaThread "C1 CompilerThread0" daemon [_thread_blocked, id=11980, stack(0x000000140f600000,0x000000140f700000)]
  0x0000016638f56b20 JavaThread "Sweeper thread" daemon [_thread_blocked, id=19468, stack(0x000000140f700000,0x000000140f800000)]
  0x0000016639007630 JavaThread "Common-Cleaner" daemon [_thread_blocked, id=2416, stack(0x000000140f800000,0x000000140f900000)]
  0x000001663921ba60 JavaThread "Notification Thread" daemon [_thread_blocked, id=9856, stack(0x000000140f900000,0x000000140fa00000)]

Other Threads:
  0x000001661ff59bd0 VMThread "VM Thread" [stack: 0x000000140ee00000,0x000000140ef00000] [id=17552]
  0x00000166392f2d10 WatcherThread [stack: 0x000000140fa00000,0x000000140fb00000] [id=18000]
  0x000001661fec3ec0 GCTaskThread "GC Thread#0" [stack: 0x000000140ed00000,0x000000140ee00000] [id=18320]

Threads with active compile tasks:
C2 CompilerThread0     2401  792   !   4       java.util.jar.Attributes::read (498 bytes)

VM state: not at safepoint (normal execution)

VM Mutex/Monitor currently owned by a thread: None

Heap address: 0x00000000c0000000, size: 1024 MB, Compressed Oops mode: 32-bit

CDS archive(s) not mapped
Compressed class space mapped at: 0x0000000100000000-0x0000000140000000, reserved size: 1073741824
Narrow klass base: 0x0000000000000000, Narrow klass shift: 3, Narrow klass range: 0x140000000

GC Precious Log:
 CPUs: 4 total, 4 available
 Memory: 8025M
 Large Page Support: Disabled
 NUMA Support: Disabled
 Compressed Oops: Enabled (32-bit)
 Alignments: Space 512K, Generation 512K, Heap 2M
 Heap Min Capacity: 100M
 Heap Initial Capacity: 100M
 Heap Max Capacity: 1G
 Pre-touch: Disabled
 Parallel Workers: 4

Heap:
 PSYoungGen      total 29696K, used 22705K [0x00000000eab00000, 0x00000000ecc00000, 0x0000000100000000)
  eden space 25600K, 88% used [0x00000000eab00000,0x00000000ec12c790,0x00000000ec400000)
  from space 4096K, 0% used [0x00000000ec800000,0x00000000ec800000,0x00000000ecc00000)
  to   space 4096K, 0% used [0x00000000ec400000,0x00000000ec400000,0x00000000ec800000)
 ParOldGen       total 68608K, used 0K [0x00000000c0000000, 0x00000000c4300000, 0x00000000eab00000)
  object space 68608K, 0% used [0x00000000c0000000,0x00000000c0000000,0x00000000c4300000)
 Metaspace       used 10125K, committed 10304K, reserved 1114112K
  class space    used 1012K, committed 1088K, reserved 1048576K

Card table byte_map: [0x000001661f840000,0x000001661fa50000] _byte_map_base: 0x000001661f240000

Marking Bits: (ParMarkBitMap*) 0x00007ffb2ac86940
 Begin Bits: [0x0000016631b40000, 0x0000016632b40000)
 End Bits:   [0x0000016632b40000, 0x0000016633b40000)

Polling page: 0x000001661dd20000

Metaspace:

Usage:
  Non-class:      8.90 MB used.
      Class:   1012.62 KB used.
       Both:      9.89 MB used.

Virtual space:
  Non-class space:       64.00 MB reserved,       9.00 MB ( 14%) committed,  1 nodes.
      Class space:        1.00 GB reserved,       1.06 MB ( <1%) committed,  1 nodes.
             Both:        1.06 GB reserved,      10.06 MB ( <1%) committed. 

Chunk freelists:
   Non-Class:  6.64 MB
       Class:  14.99 MB
        Both:  21.63 MB

MaxMetaspaceSize: unlimited
CompressedClassSpaceSize: 1.00 GB
Initial GC threshold: 21.00 MB
Current GC threshold: 21.00 MB
CDS: off
MetaspaceReclaimPolicy: balanced
 - commit_granule_bytes: 65536.
 - commit_granule_words: 8192.
 - virtual_space_node_default_size: 8388608.
 - enlarge_chunks_in_place: 1.
 - new_chunks_are_fully_committed: 0.
 - uncommit_free_chunks: 1.
 - use_allocation_guard: 0.
 - handle_deallocations: 1.


Internal statistics:

num_allocs_failed_limit: 0.
num_arena_births: 14.
num_arena_deaths: 0.
num_vsnodes_births: 2.
num_vsnodes_deaths: 0.
num_space_committed: 161.
num_space_uncommitted: 0.
num_chunks_returned_to_freelist: 0.
num_chunks_taken_from_freelist: 67.
num_chunk_merges: 0.
num_chunk_splits: 40.
num_chunks_enlarged: 34.
num_inconsistent_stats: 0.

CodeHeap 'non-profiled nmethods': size=120000Kb used=322Kb max_used=322Kb free=119677Kb
 bounds [0x000001662a610000, 0x000001662a880000, 0x0000016631b40000]
CodeHeap 'profiled nmethods': size=120000Kb used=1324Kb max_used=1324Kb free=118675Kb
 bounds [0x0000016622b40000, 0x0000016622db0000, 0x000001662a070000]
CodeHeap 'non-nmethods': size=5760Kb used=1134Kb max_used=1154Kb free=4625Kb
 bounds [0x000001662a070000, 0x000001662a2e0000, 0x000001662a610000]
 total_blobs=1250 nmethods=825 adapters=340
 compilation: enabled
              stopped_count=0, restarted_count=0
 full_count=0

Compilation events (20 events):
Event: 2.334 Thread 0x0000016633d3e9f0  799       3       java.util.LinkedHashMap$LinkedEntryIterator::next (5 bytes)
Event: 2.334 Thread 0x0000016633d3e9f0 nmethod 799 0x0000016622c80690 code [0x0000016622c80840, 0x0000016622c809c8]
Event: 2.334 Thread 0x0000016633d3e9f0  800       3       java.util.LinkedHashMap$LinkedHashIterator::<init> (31 bytes)
Event: 2.334 Thread 0x0000016633d3e9f0 nmethod 800 0x0000016622c80a90 code [0x0000016622c80c20, 0x0000016622c80dd8]
Event: 2.334 Thread 0x0000016633d3e9f0  801       3       java.util.jar.Attributes::entrySet (10 bytes)
Event: 2.334 Thread 0x0000016633d3e9f0 nmethod 801 0x0000016622c80e90 code [0x0000016622c81040, 0x0000016622c81208]
Event: 2.334 Thread 0x0000016633d3e9f0  802       3       java.util.LinkedHashMap::entrySet (27 bytes)
Event: 2.334 Thread 0x0000016633d3e9f0 nmethod 802 0x0000016622c81310 code [0x0000016622c814e0, 0x0000016622c81858]
Event: 2.336 Thread 0x0000016633d3e9f0  803       3       java.util.LinkedHashMap$LinkedEntrySet::iterator (12 bytes)
Event: 2.336 Thread 0x0000016633d3e9f0 nmethod 803 0x0000016622c81990 code [0x0000016622c81b40, 0x0000016622c81e18]
Event: 2.336 Thread 0x0000016633d3e9f0  804       3       java.util.LinkedHashMap$LinkedEntryIterator::<init> (11 bytes)
Event: 2.336 Thread 0x0000016633d3e9f0 nmethod 804 0x0000016622c81f90 code [0x0000016622c82140, 0x0000016622c82378]
Event: 2.336 Thread 0x0000016633d3e9f0  805       3       java.util.LinkedHashMap::<init> (16 bytes)
Event: 2.337 Thread 0x0000016633d3e9f0 nmethod 805 0x0000016622c82490 code [0x0000016622c82640, 0x0000016622c828a8]
Event: 2.337 Thread 0x0000016633d3e9f0  806       3       java.util.jar.Attributes::clone (9 bytes)
Event: 2.337 Thread 0x0000016633d3e9f0 nmethod 806 0x0000016622c82a10 code [0x0000016622c82be0, 0x0000016622c83068]
Event: 2.337 Thread 0x0000016633d3e9f0  807       3       java.util.jar.Attributes::<init> (17 bytes)
Event: 2.337 Thread 0x0000016633d3e9f0 nmethod 807 0x0000016622c83290 code [0x0000016622c83460, 0x0000016622c83828]
Event: 2.337 Thread 0x0000016633d1f3e0 nmethod 790 0x000001662a65ec10 code [0x000001662a65edc0, 0x000001662a65f3d8]
Event: 2.337 Thread 0x0000016633d1f3e0  792   !   4       java.util.jar.Attributes::read (498 bytes)

GC Heap History (0 events):
No events

Dll operation events (8 events):
Event: 0.010 Loaded shared library c:\Users\wwwgo\.vscode\extensions\redhat.java-1.36.0-win32-x64\jre\17.0.13-win32-x86_64\bin\java.dll
Event: 0.633 Loaded shared library c:\Users\wwwgo\.vscode\extensions\redhat.java-1.36.0-win32-x64\jre\17.0.13-win32-x86_64\bin\zip.dll
Event: 0.636 Loaded shared library C:\Users\wwwgo\.vscode\extensions\redhat.java-1.36.0-win32-x64\jre\17.0.13-win32-x86_64\bin\instrument.dll
Event: 0.707 Loaded shared library C:\Users\wwwgo\.vscode\extensions\redhat.java-1.36.0-win32-x64\jre\17.0.13-win32-x86_64\bin\net.dll
Event: 0.712 Loaded shared library C:\Users\wwwgo\.vscode\extensions\redhat.java-1.36.0-win32-x64\jre\17.0.13-win32-x86_64\bin\nio.dll
Event: 0.723 Loaded shared library C:\Users\wwwgo\.vscode\extensions\redhat.java-1.36.0-win32-x64\jre\17.0.13-win32-x86_64\bin\zip.dll
Event: 0.783 Loaded shared library C:\Users\wwwgo\.vscode\extensions\redhat.java-1.36.0-win32-x64\jre\17.0.13-win32-x86_64\bin\jimage.dll
Event: 1.165 Loaded shared library c:\Users\wwwgo\.vscode\extensions\redhat.java-1.36.0-win32-x64\jre\17.0.13-win32-x86_64\bin\verify.dll

Deoptimization events (20 events):
Event: 2.366 Thread 0x000001661feaccf0 DEOPT PACKING pc=0x0000016622c4c1c4 sp=0x000000140ecfd5f0
Event: 2.366 Thread 0x000001661feaccf0 DEOPT UNPACKING pc=0x000001662a0c6e43 sp=0x000000140ecfca60 mode 0
Event: 2.367 Thread 0x000001661feaccf0 DEOPT PACKING pc=0x0000016622c4c1c4 sp=0x000000140ecfd5f0
Event: 2.367 Thread 0x000001661feaccf0 DEOPT UNPACKING pc=0x000001662a0c6e43 sp=0x000000140ecfca60 mode 0
Event: 2.367 Thread 0x000001661feaccf0 DEOPT PACKING pc=0x0000016622c4c1c4 sp=0x000000140ecfd5f0
Event: 2.367 Thread 0x000001661feaccf0 DEOPT UNPACKING pc=0x000001662a0c6e43 sp=0x000000140ecfca60 mode 0
Event: 2.367 Thread 0x000001661feaccf0 DEOPT PACKING pc=0x0000016622c4c1c4 sp=0x000000140ecfd5f0
Event: 2.367 Thread 0x000001661feaccf0 DEOPT UNPACKING pc=0x000001662a0c6e43 sp=0x000000140ecfca60 mode 0
Event: 2.367 Thread 0x000001661feaccf0 DEOPT PACKING pc=0x0000016622c4c1c4 sp=0x000000140ecfd5f0
Event: 2.367 Thread 0x000001661feaccf0 DEOPT UNPACKING pc=0x000001662a0c6e43 sp=0x000000140ecfca60 mode 0
Event: 2.367 Thread 0x000001661feaccf0 DEOPT PACKING pc=0x0000016622c4c1c4 sp=0x000000140ecfd5f0
Event: 2.368 Thread 0x000001661feaccf0 DEOPT UNPACKING pc=0x000001662a0c6e43 sp=0x000000140ecfca60 mode 0
Event: 2.368 Thread 0x000001661feaccf0 DEOPT PACKING pc=0x0000016622c4c1c4 sp=0x000000140ecfd5f0
Event: 2.368 Thread 0x000001661feaccf0 DEOPT UNPACKING pc=0x000001662a0c6e43 sp=0x000000140ecfca60 mode 0
Event: 2.368 Thread 0x000001661feaccf0 DEOPT PACKING pc=0x0000016622c4c1c4 sp=0x000000140ecfd5f0
Event: 2.368 Thread 0x000001661feaccf0 DEOPT UNPACKING pc=0x000001662a0c6e43 sp=0x000000140ecfca60 mode 0
Event: 2.368 Thread 0x000001661feaccf0 DEOPT PACKING pc=0x0000016622c4c1c4 sp=0x000000140ecfd5f0
Event: 2.368 Thread 0x000001661feaccf0 DEOPT UNPACKING pc=0x000001662a0c6e43 sp=0x000000140ecfca60 mode 0
Event: 2.368 Thread 0x000001661feaccf0 DEOPT PACKING pc=0x0000016622c4c1c4 sp=0x000000140ecfd5f0
Event: 2.368 Thread 0x000001661feaccf0 DEOPT UNPACKING pc=0x000001662a0c6e43 sp=0x000000140ecfca60 mode 0

Classes loaded (20 events):
Event: 2.371 Loading class sun/util/logging/PlatformLogger$ConfigurableBridge
Event: 2.371 Loading class sun/util/logging/PlatformLogger$ConfigurableBridge done
Event: 2.371 Loading class jdk/internal/logger/BootstrapLogger done
Event: 2.372 Loading class jdk/internal/logger/BootstrapLogger$DetectBackend
Event: 2.372 Loading class jdk/internal/logger/BootstrapLogger$DetectBackend done
Event: 2.372 Loading class jdk/internal/logger/BootstrapLogger$DetectBackend$1
Event: 2.372 Loading class jdk/internal/logger/BootstrapLogger$DetectBackend$1 done
Event: 2.373 Loading class java/util/concurrent/CopyOnWriteArrayList$COWIterator
Event: 2.373 Loading class java/util/concurrent/CopyOnWriteArrayList$COWIterator done
Event: 2.373 Loading class sun/util/logging/internal/LoggingProviderImpl
Event: 2.373 Loading class sun/util/logging/internal/LoggingProviderImpl done
Event: 2.373 Loading class sun/util/logging/internal/LoggingProviderImpl$LogManagerAccess
Event: 2.373 Loading class sun/util/logging/internal/LoggingProviderImpl$LogManagerAccess done
Event: 2.374 Loading class java/util/ServiceLoader$1
Event: 2.374 Loading class java/util/ServiceLoader$1 done
Event: 2.375 Loading class java/util/ServiceLoader$ProviderImpl
Event: 2.375 Loading class java/util/ServiceLoader$Provider
Event: 2.375 Loading class java/util/ServiceLoader$Provider done
Event: 2.375 Loading class java/util/ServiceLoader$ProviderImpl done
Event: 2.375 Loading class jdk/internal/logger/BootstrapLogger$LoggingBackend

Classes unloaded (0 events):
No events

Classes redefined (0 events):
No events

Internal exceptions (9 events):
Event: 0.606 Thread 0x000001661feaccf0 Exception <a 'java/lang/NoSuchMethodError'{0x00000000eacb4e50}: 'void java.lang.invoke.DirectMethodHandle$Holder.invokeStatic(java.lang.Object, java.lang.Object, java.lang.Object)'> (0x00000000eacb4e50) 
thrown [s\src\hotspot\share\interpreter\linkResolver.cpp, line 759]
Event: 1.212 Thread 0x000001661feaccf0 Exception <a 'java/lang/reflect/InvocationTargetException'{0x00000000eafe7a80}> (0x00000000eafe7a80) 
thrown [s\src\hotspot\share\runtime\reflection.cpp, line 1128]
Event: 1.944 Thread 0x000001661feaccf0 Exception <a 'java/lang/ClassNotFoundException'{0x00000000eb882320}: sun/net/www/protocol/c/Handler> (0x00000000eb882320) 
thrown [s\src\hotspot\share\classfile\systemDictionary.cpp, line 256]
Event: 1.959 Thread 0x000001661feaccf0 Exception <a 'java/io/FileNotFoundException'{0x00000000eb89d440}> (0x00000000eb89d440) 
thrown [s\src\hotspot\share\prims\jni.cpp, line 516]
Event: 1.959 Thread 0x000001661feaccf0 Exception <a 'java/io/FileNotFoundException'{0x00000000eb89e160}> (0x00000000eb89e160) 
thrown [s\src\hotspot\share\prims\jni.cpp, line 516]
Event: 1.960 Thread 0x000001661feaccf0 Exception <a 'java/io/FileNotFoundException'{0x00000000eb89ee60}> (0x00000000eb89ee60) 
thrown [s\src\hotspot\share\prims\jni.cpp, line 516]
Event: 1.960 Thread 0x000001661feaccf0 Exception <a 'java/io/FileNotFoundException'{0x00000000eb89fb30}> (0x00000000eb89fb30) 
thrown [s\src\hotspot\share\prims\jni.cpp, line 516]
Event: 1.963 Thread 0x000001661feaccf0 Implicit null exception at 0x000001662a6378f2 to 0x000001662a637e40
Event: 1.966 Thread 0x000001661feaccf0 Exception <a 'java/io/FileNotFoundException'{0x00000000eb8d8b68}> (0x00000000eb8d8b68) 
thrown [s\src\hotspot\share\prims\jni.cpp, line 516]

VM Operations (10 events):
Event: 0.612 Executing VM operation: HandshakeAllThreads
Event: 0.612 Executing VM operation: HandshakeAllThreads done
Event: 0.838 Executing VM operation: HandshakeAllThreads
Event: 0.838 Executing VM operation: HandshakeAllThreads done
Event: 1.807 Executing VM operation: HandshakeAllThreads
Event: 1.807 Executing VM operation: HandshakeAllThreads done
Event: 1.807 Executing VM operation: Cleanup
Event: 1.807 Executing VM operation: Cleanup done
Event: 1.938 Executing VM operation: HandshakeAllThreads
Event: 1.938 Executing VM operation: HandshakeAllThreads done

Memory protections (0 events):
No events

Nmethod flushes (0 events):
No events

Events (12 events):
Event: 0.102 Thread 0x000001661feaccf0 Thread added: 0x000001661feaccf0
Event: 0.168 Thread 0x000001661feaccf0 Thread added: 0x000001661ff5cfa0
Event: 0.168 Thread 0x000001661feaccf0 Thread added: 0x000001661ff5e4d0
Event: 0.186 Thread 0x000001661feaccf0 Thread added: 0x0000016633d1b330
Event: 0.186 Thread 0x000001661feaccf0 Thread added: 0x0000016633d1be60
Event: 0.186 Thread 0x000001661feaccf0 Thread added: 0x0000016633d1cbf0
Event: 0.187 Thread 0x000001661feaccf0 Thread added: 0x0000016633d1e730
Event: 0.187 Thread 0x000001661feaccf0 Thread added: 0x0000016633d1f3e0
Event: 0.218 Thread 0x000001661feaccf0 Thread added: 0x0000016633d3e9f0
Event: 0.266 Thread 0x000001661feaccf0 Thread added: 0x0000016638f56b20
Event: 0.479 Thread 0x000001661feaccf0 Thread added: 0x0000016639007630
Event: 1.445 Thread 0x000001661feaccf0 Thread added: 0x000001663921ba60


Dynamic libraries:
0x00007ff60b4a0000 - 0x00007ff60b4ae000 	c:\Users\wwwgo\.vscode\extensions\redhat.java-1.36.0-win32-x64\jre\17.0.13-win32-x86_64\bin\java.exe
0x00007ffba0770000 - 0x00007ffba0987000 	C:\WINDOWS\SYSTEM32\ntdll.dll
0x00007ffb9f3a0000 - 0x00007ffb9f464000 	C:\WINDOWS\System32\KERNEL32.DLL
0x00007ffb9e0e0000 - 0x00007ffb9e497000 	C:\WINDOWS\System32\KERNELBASE.dll
0x00007ffb9db70000 - 0x00007ffb9dc81000 	C:\WINDOWS\System32\ucrtbase.dll
0x00007ffb60240000 - 0x00007ffb60257000 	c:\Users\wwwgo\.vscode\extensions\redhat.java-1.36.0-win32-x64\jre\17.0.13-win32-x86_64\bin\jli.dll
0x00007ffb9fa10000 - 0x00007ffb9fbbf000 	C:\WINDOWS\System32\USER32.dll
0x00007ffb9dd30000 - 0x00007ffb9dd56000 	C:\WINDOWS\System32\win32u.dll
0x00007ffb9f6f0000 - 0x00007ffb9f719000 	C:\WINDOWS\System32\GDI32.dll
0x00007ffb9dd60000 - 0x00007ffb9de78000 	C:\WINDOWS\System32\gdi32full.dll
0x00007ffb9dc90000 - 0x00007ffb9dd2a000 	C:\WINDOWS\System32\msvcp_win.dll
0x00007ffb60180000 - 0x00007ffb6019e000 	c:\Users\wwwgo\.vscode\extensions\redhat.java-1.36.0-win32-x64\jre\17.0.13-win32-x86_64\bin\VCRUNTIME140.dll
0x00007ffb77100000 - 0x00007ffb77393000 	C:\WINDOWS\WinSxS\amd64_microsoft.windows.common-controls_6595b64144ccf1df_6.0.22621.3672_none_2713b9d173822955\COMCTL32.dll
0x00007ffb9f810000 - 0x00007ffb9f8b7000 	C:\WINDOWS\System32\msvcrt.dll
0x00007ffb9f9d0000 - 0x00007ffb9fa01000 	C:\WINDOWS\System32\IMM32.DLL
0x00007ffb92b70000 - 0x00007ffb92b7c000 	c:\Users\wwwgo\.vscode\extensions\redhat.java-1.36.0-win32-x64\jre\17.0.13-win32-x86_64\bin\vcruntime140_1.dll
0x00007ffb3be60000 - 0x00007ffb3beed000 	c:\Users\wwwgo\.vscode\extensions\redhat.java-1.36.0-win32-x64\jre\17.0.13-win32-x86_64\bin\msvcp140.dll
0x00007ffb2a0e0000 - 0x00007ffb2ad4b000 	c:\Users\wwwgo\.vscode\extensions\redhat.java-1.36.0-win32-x64\jre\17.0.13-win32-x86_64\bin\server\jvm.dll
0x00007ffb9f470000 - 0x00007ffb9f522000 	C:\WINDOWS\System32\ADVAPI32.dll
0x00007ffb9f920000 - 0x00007ffb9f9c8000 	C:\WINDOWS\System32\sechost.dll
0x00007ffb9db40000 - 0x00007ffb9db68000 	C:\WINDOWS\System32\bcrypt.dll
0x00007ffb9efa0000 - 0x00007ffb9f0b4000 	C:\WINDOWS\System32\RPCRT4.dll
0x00007ffb9f160000 - 0x00007ffb9f1d1000 	C:\WINDOWS\System32\WS2_32.dll
0x00007ffb9d950000 - 0x00007ffb9d99d000 	C:\WINDOWS\SYSTEM32\POWRPROF.dll
0x00007ffb93370000 - 0x00007ffb933a4000 	C:\WINDOWS\SYSTEM32\WINMM.dll
0x00007ffb91b50000 - 0x00007ffb91b5a000 	C:\WINDOWS\SYSTEM32\VERSION.dll
0x00007ffb9d880000 - 0x00007ffb9d893000 	C:\WINDOWS\SYSTEM32\UMPDC.dll
0x00007ffb9ca90000 - 0x00007ffb9caa8000 	C:\WINDOWS\SYSTEM32\kernel.appcore.dll
0x00007ffb88620000 - 0x00007ffb8862a000 	c:\Users\wwwgo\.vscode\extensions\redhat.java-1.36.0-win32-x64\jre\17.0.13-win32-x86_64\bin\jimage.dll
0x00007ffb982f0000 - 0x00007ffb98522000 	C:\WINDOWS\SYSTEM32\DBGHELP.DLL
0x00007ffba01a0000 - 0x00007ffba052e000 	C:\WINDOWS\System32\combase.dll
0x00007ffb9e4a0000 - 0x00007ffb9e577000 	C:\WINDOWS\System32\OLEAUT32.dll
0x00007ffb65c60000 - 0x00007ffb65c92000 	C:\WINDOWS\SYSTEM32\dbgcore.DLL
0x00007ffb9e060000 - 0x00007ffb9e0db000 	C:\WINDOWS\System32\bcryptPrimitives.dll
0x00007ffb73140000 - 0x00007ffb7314e000 	c:\Users\wwwgo\.vscode\extensions\redhat.java-1.36.0-win32-x64\jre\17.0.13-win32-x86_64\bin\instrument.dll
0x00007ffb52980000 - 0x00007ffb529a5000 	c:\Users\wwwgo\.vscode\extensions\redhat.java-1.36.0-win32-x64\jre\17.0.13-win32-x86_64\bin\java.dll
0x00007ffb3f080000 - 0x00007ffb3f098000 	c:\Users\wwwgo\.vscode\extensions\redhat.java-1.36.0-win32-x64\jre\17.0.13-win32-x86_64\bin\zip.dll
0x00007ffb9e580000 - 0x00007ffb9ede9000 	C:\WINDOWS\System32\SHELL32.dll
0x00007ffb9b9a0000 - 0x00007ffb9c29f000 	C:\WINDOWS\SYSTEM32\windows.storage.dll
0x00007ffb9b860000 - 0x00007ffb9b99f000 	C:\WINDOWS\SYSTEM32\wintypes.dll
0x00007ffb9ee00000 - 0x00007ffb9eef9000 	C:\WINDOWS\System32\SHCORE.dll
0x00007ffb9f730000 - 0x00007ffb9f78e000 	C:\WINDOWS\System32\shlwapi.dll
0x00007ffb9d9b0000 - 0x00007ffb9d9d7000 	C:\WINDOWS\SYSTEM32\profapi.dll
0x00007ffb3be40000 - 0x00007ffb3be59000 	C:\Users\wwwgo\.vscode\extensions\redhat.java-1.36.0-win32-x64\jre\17.0.13-win32-x86_64\bin\net.dll
0x00007ffb93a00000 - 0x00007ffb93b36000 	C:\WINDOWS\SYSTEM32\WINHTTP.dll
0x00007ffb9cf00000 - 0x00007ffb9cf69000 	C:\WINDOWS\system32\mswsock.dll
0x00007ffb3b640000 - 0x00007ffb3b656000 	C:\Users\wwwgo\.vscode\extensions\redhat.java-1.36.0-win32-x64\jre\17.0.13-win32-x86_64\bin\nio.dll
0x00007ffb71bf0000 - 0x00007ffb71c00000 	c:\Users\wwwgo\.vscode\extensions\redhat.java-1.36.0-win32-x64\jre\17.0.13-win32-x86_64\bin\verify.dll

dbghelp: loaded successfully - version: 4.0.5 - missing functions: none
symbol engine: initialized successfully - sym options: 0x614 - pdb path: .;c:\Users\wwwgo\.vscode\extensions\redhat.java-1.36.0-win32-x64\jre\17.0.13-win32-x86_64\bin;C:\WINDOWS\SYSTEM32;C:\WINDOWS\WinSxS\amd64_microsoft.windows.common-controls_6595b64144ccf1df_6.0.22621.3672_none_2713b9d173822955;c:\Users\wwwgo\.vscode\extensions\redhat.java-1.36.0-win32-x64\jre\17.0.13-win32-x86_64\bin\server

VM Arguments:
jvm_args: --add-modules=ALL-SYSTEM --add-opens=java.base/java.util=ALL-UNNAMED --add-opens=java.base/java.lang=ALL-UNNAMED --add-opens=java.base/sun.nio.fs=ALL-UNNAMED -Declipse.application=org.eclipse.jdt.ls.core.id1 -Dosgi.bundles.defaultStartLevel=4 -Declipse.product=org.eclipse.jdt.ls.core.product -Djava.import.generatesMetadataFilesAtProjectRoot=false -DDetectVMInstallationsJob.disabled=true -Dfile.encoding=utf8 -XX:+UseParallelGC -XX:GCTimeRatio=4 -XX:AdaptiveSizePolicyWeight=90 -Dsun.zip.disableMemoryMapping=true -Xmx1G -Xms100m -Xlog:disable -javaagent:c:\Users\wwwgo\.vscode\extensions\redhat.java-1.36.0-win32-x64\lombok\lombok-1.18.35.jar -XX:+HeapDumpOnOutOfMemoryError -XX:HeapDumpPath=c:\Users\wwwgo\AppData\Roaming\Code\User\workspaceStorage\249a18d9a02ff7ef2690f734e7d3763f\redhat.java -Daether.dependencyCollector.impl=bf 
java_command: c:\Users\wwwgo\.vscode\extensions\redhat.java-1.36.0-win32-x64\server\plugins\org.eclipse.equinox.launcher_1.6.900.v20240613-2009.jar -configuration c:\Users\wwwgo\AppData\Roaming\Code\User\globalStorage\redhat.java\1.36.0\config_win -data c:\Users\wwwgo\AppData\Roaming\Code\User\workspaceStorage\249a18d9a02ff7ef2690f734e7d3763f\redhat.java\jdt_ws --pipe=\\.\pipe\lsp-14d38451b8bbec880c9e67ef053e93a8-sock
java_class_path (initial): c:\Users\wwwgo\.vscode\extensions\redhat.java-1.36.0-win32-x64\server\plugins\org.eclipse.equinox.launcher_1.6.900.v20240613-2009.jar
Launcher Type: SUN_STANDARD

[Global flags]
    uintx AdaptiveSizePolicyWeight                 = 90                                        {product} {command line}
     intx CICompilerCount                          = 3                                         {product} {ergonomic}
    uintx GCTimeRatio                              = 4                                         {product} {command line}
     bool HeapDumpOnOutOfMemoryError               = true                                   {manageable} {command line}
    ccstr HeapDumpPath                             = c:\Users\wwwgo\AppData\Roaming\Code\User\workspaceStorage\249a18d9a02ff7ef2690f734e7d3763f\redhat.java         {manageable} {command line}
   size_t InitialHeapSize                          = 104857600                                 {product} {command line}
   size_t MaxHeapSize                              = 1073741824                                {product} {command line}
   size_t MaxNewSize                               = 357564416                                 {product} {ergonomic}
   size_t MinHeapDeltaBytes                        = 524288                                    {product} {ergonomic}
   size_t MinHeapSize                              = 104857600                                 {product} {command line}
   size_t NewSize                                  = 34603008                                  {product} {ergonomic}
    uintx NonNMethodCodeHeapSize                   = 5832780                                {pd product} {ergonomic}
    uintx NonProfiledCodeHeapSize                  = 122912730                              {pd product} {ergonomic}
   size_t OldSize                                  = 70254592                                  {product} {ergonomic}
    uintx ProfiledCodeHeapSize                     = 122912730                              {pd product} {ergonomic}
    uintx ReservedCodeCacheSize                    = 251658240                              {pd product} {ergonomic}
     bool SegmentedCodeCache                       = true                                      {product} {ergonomic}
   size_t SoftMaxHeapSize                          = 1073741824                             {manageable} {ergonomic}
     bool UseCompressedClassPointers               = true                           {product lp64_product} {ergonomic}
     bool UseCompressedOops                        = true                           {product lp64_product} {ergonomic}
     bool UseLargePagesIndividualAllocation        = false                                  {pd product} {ergonomic}
     bool UseParallelGC                            = true                                      {product} {command line}

Logging:
Log output configuration:
 #0: stdout all=off uptime,level,tags
 #1: stderr all=off uptime,level,tags

Environment Variables:
JAVA_HOME=C:\Program Files\Microsoft\jdk-17.0.12.7-hotspot\
PATH=C:\Program Files\Microsoft\jdk-17.0.12.7-hotspot\bin;C:\Python312\Scripts\;C:\Python312\;C:\WINDOWS\system32;C:\WINDOWS;C:\WINDOWS\System32\Wbem;C:\WINDOWS\System32\WindowsPowerShell\v1.0\;C:\WINDOWS\System32\OpenSSH\;C:\Program Files\Git\cmd;C:\xampp2\php;C:\ProgramData\ComposerSetup\bin;C:\ProgramData\chocolatey\bin;C:\Program Files\nodejs\;C:\Users\wwwgo\AppData\Local\Android\Sdk\platform-tools;C:\Users\wwwgo\AppData\Local\Microsoft\WindowsApps;;C:\Users\wwwgo\AppData\Local\Programs\Microsoft VS Code\bin;C:\Users\wwwgo\AppData\Roaming\Composer\vendor\bin;C:\Users\wwwgo\AppData\Roaming\npm
USERNAME=wwwgo
OS=Windows_NT
PROCESSOR_IDENTIFIER=Intel64 Family 6 Model 142 Stepping 12, GenuineIntel
TMP=C:\Users\wwwgo\AppData\Local\Temp
TEMP=C:\Users\wwwgo\AppData\Local\Temp



Periodic native trim disabled


---------------  S Y S T E M  ---------------

OS:
 Windows 11 , 64 bit Build 22621 (10.0.22621.3958)
OS uptime: 19 days 5:52 hours
Hyper-V role detected

CPU: total 4 (initial active 4) (2 cores per cpu, 2 threads per core) family 6 model 142 stepping 12 microcode 0xde, cx8, cmov, fxsr, ht, mmx, 3dnowpref, sse, sse2, sse3, ssse3, sse4.1, sse4.2, popcnt, lzcnt, tsc, tscinvbit, avx, avx2, aes, erms, clmul, bmi1, bmi2, adx, fma, vzeroupper, clflush, clflushopt, hv
Processor Information for all 4 processors :
  Max Mhz: 2592, Current Mhz: 2592, Mhz Limit: 2073

Memory: 4k page, system-wide physical 8025M (165M free)
TotalPageFile size 18054M (AvailPageFile size 0M)
current process WorkingSet (physical memory assigned to process): 66M, peak: 66M
current process commit charge ("private bytes"): 183M, peak: 184M

vm_info: OpenJDK 64-Bit Server VM (17.0.13+11) for windows-amd64 JRE (17.0.13+11), built on Oct 16 2024 00:10:08 by "admin" with MS VC++ 17.7 (VS2022)

END.
