#
# There is insufficient memory for the Java Runtime Environment to continue.
# Native memory allocation (malloc) failed to allocate 239856 bytes. Error detail: Chunk::new
# Possible reasons:
#   The system is out of physical RAM or swap space
#   This process is running with CompressedOops enabled, and the Java Heap may be blocking the growth of the native heap
# Possible solutions:
#   Reduce memory load on the system
#   Increase physical memory or swap space
#   Check if swap backing store is full
#   Decrease Java heap size (-Xmx/-Xms)
#   Decrease number of Java threads
#   Decrease Java thread stack sizes (-Xss)
#   Set larger code cache with -XX:ReservedCodeCacheSize=
#   JVM is running with Unscaled Compressed Oops mode in which the Java heap is
#     placed in the first 4GB address space. The Java Heap base address is the
#     maximum limit for the native heap growth. Please use -XX:HeapBaseMinAddress
#     to set the Java Heap base and to place the Java Heap above 4GB virtual address.
# This output file may be truncated or incomplete.
#
#  Out of Memory Error (arena.cpp:191), pid=14772, tid=19572
#
# JRE version: OpenJDK Runtime Environment Temurin-17.0.13+11 (17.0.13+11) (build 17.0.13+11)
# Java VM: OpenJDK 64-Bit Server VM Temurin-17.0.13+11 (17.0.13+11, mixed mode, tiered, compressed oops, compressed class ptrs, parallel gc, windows-amd64)
# No core dump will be written. Minidumps are not enabled by default on client versions of Windows
#

---------------  S U M M A R Y ------------

Command Line: --add-modules=ALL-SYSTEM --add-opens=java.base/java.util=ALL-UNNAMED --add-opens=java.base/java.lang=ALL-UNNAMED --add-opens=java.base/sun.nio.fs=ALL-UNNAMED -Declipse.application=org.eclipse.jdt.ls.core.id1 -Dosgi.bundles.defaultStartLevel=4 -Declipse.product=org.eclipse.jdt.ls.core.product -Djava.import.generatesMetadataFilesAtProjectRoot=false -DDetectVMInstallationsJob.disabled=true -Dfile.encoding=utf8 -XX:+UseParallelGC -XX:GCTimeRatio=4 -XX:AdaptiveSizePolicyWeight=90 -Dsun.zip.disableMemoryMapping=true -Xmx1G -Xms100m -Xlog:disable -javaagent:c:\Users\wwwgo\.vscode\extensions\redhat.java-1.37.0-win32-x64\lombok\lombok-1.18.34.jar c:\Users\wwwgo\.vscode\extensions\redhat.java-1.37.0-win32-x64\server\plugins\org.eclipse.equinox.launcher_1.6.900.v20240613-2009.jar -configuration c:\Users\wwwgo\AppData\Roaming\Code\User\globalStorage\redhat.java\1.37.0\config_ss_win -data c:\Users\wwwgo\AppData\Roaming\Code\User\workspaceStorage\249a18d9a02ff7ef2690f734e7d3763f\redhat.java\ss_ws --pipe=\\.\pipe\lsp-1db895d7ef2e439f172eb4feff9b0824-sock

Host: Intel(R) Core(TM) i3-10110U CPU @ 2.10GHz, 4 cores, 7G,  Windows 11 , 64 bit Build 22621 (10.0.22621.4391)
Time: Mon Dec  9 11:12:16 2024 India Standard Time elapsed time: 7.777970 seconds (0d 0h 0m 7s)

---------------  T H R E A D  ---------------

Current thread (0x000002097f4b1f90):  JavaThread "C2 CompilerThread0" daemon [_thread_in_native, id=19572, stack(0x00000022ba700000,0x00000022ba800000)]


Current CompileTask:
C2:   7778 1450       4       java.io.WinNTFileSystem::normalize (143 bytes)

Stack: [0x00000022ba700000,0x00000022ba800000]
Native frames: (J=compiled Java code, j=interpreted, Vv=VM code, C=native code)
V  [jvm.dll+0x682a19]
V  [jvm.dll+0x839538]
V  [jvm.dll+0x83afe3]
V  [jvm.dll+0x83b653]
V  [jvm.dll+0x24704f]
V  [jvm.dll+0xace34]
V  [jvm.dll+0xad4cc]
V  [jvm.dll+0x2ac84f]
V  [jvm.dll+0x588a79]
V  [jvm.dll+0x220ea2]
V  [jvm.dll+0x219cd2]
V  [jvm.dll+0x21738b]
V  [jvm.dll+0x1a3070]
V  [jvm.dll+0x22788c]
V  [jvm.dll+0x2259eb]
V  [jvm.dll+0x7eec98]
V  [jvm.dll+0x7e8ffc]
V  [jvm.dll+0x6818f7]
C  [ucrtbase.dll+0x29333]
C  [KERNEL32.DLL+0x1259d]
C  [ntdll.dll+0x5af38]


---------------  P R O C E S S  ---------------

Threads class SMR info:
_java_thread_list=0x0000020905105d60, length=13, elements={
0x00000209696ef1b0, 0x000002096979bff0, 0x000002096979cac0, 0x000002097f4ad560,
0x000002097f4ae030, 0x000002097f4b0a10, 0x000002097f4b12e0, 0x000002097f4b1f90,
0x0000020904696ac0, 0x0000020904697780, 0x00000209047235e0, 0x0000020904972b50,
0x0000020904f84200
}

Java Threads: ( => current thread )
  0x00000209696ef1b0 JavaThread "main" [_thread_in_native, id=276, stack(0x00000022b9d00000,0x00000022b9e00000)]
  0x000002096979bff0 JavaThread "Reference Handler" daemon [_thread_blocked, id=16900, stack(0x00000022ba100000,0x00000022ba200000)]
  0x000002096979cac0 JavaThread "Finalizer" daemon [_thread_blocked, id=28752, stack(0x00000022ba200000,0x00000022ba300000)]
  0x000002097f4ad560 JavaThread "Signal Dispatcher" daemon [_thread_blocked, id=10380, stack(0x00000022ba300000,0x00000022ba400000)]
  0x000002097f4ae030 JavaThread "Attach Listener" daemon [_thread_blocked, id=20820, stack(0x00000022ba400000,0x00000022ba500000)]
  0x000002097f4b0a10 JavaThread "Service Thread" daemon [_thread_blocked, id=28652, stack(0x00000022ba500000,0x00000022ba600000)]
  0x000002097f4b12e0 JavaThread "Monitor Deflation Thread" daemon [_thread_blocked, id=1580, stack(0x00000022ba600000,0x00000022ba700000)]
=>0x000002097f4b1f90 JavaThread "C2 CompilerThread0" daemon [_thread_in_native, id=19572, stack(0x00000022ba700000,0x00000022ba800000)]
  0x0000020904696ac0 JavaThread "C1 CompilerThread0" daemon [_thread_blocked, id=11428, stack(0x00000022ba800000,0x00000022ba900000)]
  0x0000020904697780 JavaThread "Sweeper thread" daemon [_thread_blocked, id=26148, stack(0x00000022ba900000,0x00000022baa00000)]
  0x00000209047235e0 JavaThread "Common-Cleaner" daemon [_thread_blocked, id=2432, stack(0x00000022baa00000,0x00000022bab00000)]
  0x0000020904972b50 JavaThread "Notification Thread" daemon [_thread_blocked, id=16932, stack(0x00000022bab00000,0x00000022bac00000)]
  0x0000020904f84200 JavaThread "Active Thread: Equinox Container: d51931b2-a096-499c-9f7a-4404803e0fa4" [_thread_blocked, id=20516, stack(0x00000022bb000000,0x00000022bb100000)]

Other Threads:
  0x00000209697989e0 VMThread "VM Thread" [stack: 0x00000022ba000000,0x00000022ba100000] [id=17088]
  0x00000209048d6760 WatcherThread [stack: 0x00000022bac00000,0x00000022bad00000] [id=30248]
  0x0000020969705c20 GCTaskThread "GC Thread#0" [stack: 0x00000022b9f00000,0x00000022ba000000] [id=19624]
  0x0000020905296b80 GCTaskThread "GC Thread#1" [stack: 0x00000022bad00000,0x00000022bae00000] [id=22372]
  0x000002090487c840 GCTaskThread "GC Thread#2" [stack: 0x00000022bae00000,0x00000022baf00000] [id=15424]
  0x000002090487cb00 GCTaskThread "GC Thread#3" [stack: 0x00000022baf00000,0x00000022bb000000] [id=21836]

Threads with active compile tasks:
C2 CompilerThread0     7810 1450       4       java.io.WinNTFileSystem::normalize (143 bytes)

VM state: not at safepoint (normal execution)

VM Mutex/Monitor currently owned by a thread: None

Heap address: 0x00000000c0000000, size: 1024 MB, Compressed Oops mode: 32-bit

CDS archive(s) not mapped
Compressed class space mapped at: 0x0000000100000000-0x0000000140000000, reserved size: 1073741824
Narrow klass base: 0x0000000000000000, Narrow klass shift: 3, Narrow klass range: 0x140000000

GC Precious Log:
 CPUs: 4 total, 4 available
 Memory: 8025M
 Large Page Support: Disabled
 NUMA Support: Disabled
 Compressed Oops: Enabled (32-bit)
 Alignments: Space 512K, Generation 512K, Heap 2M
 Heap Min Capacity: 100M
 Heap Initial Capacity: 100M
 Heap Max Capacity: 1G
 Pre-touch: Disabled
 Parallel Workers: 4

Heap:
 PSYoungGen      total 29696K, used 22525K [0x00000000eab00000, 0x00000000ecc00000, 0x0000000100000000)
  eden space 25600K, 75% used [0x00000000eab00000,0x00000000ebde3d28,0x00000000ec400000)
  from space 4096K, 77% used [0x00000000ec400000,0x00000000ec71b7b8,0x00000000ec800000)
  to   space 4096K, 0% used [0x00000000ec800000,0x00000000ec800000,0x00000000ecc00000)
 ParOldGen       total 68608K, used 0K [0x00000000c0000000, 0x00000000c4300000, 0x00000000eab00000)
  object space 68608K, 0% used [0x00000000c0000000,0x00000000c0000000,0x00000000c4300000)
 Metaspace       used 13769K, committed 13952K, reserved 1114112K
  class space    used 1366K, committed 1472K, reserved 1048576K

Card table byte_map: [0x000002097cd40000,0x000002097cf50000] _byte_map_base: 0x000002097c740000

Marking Bits: (ParMarkBitMap*) 0x00007ff8bbb36940
 Begin Bits: [0x000002097d0b0000, 0x000002097e0b0000)
 End Bits:   [0x000002097e0b0000, 0x000002097f0b0000)

Polling page: 0x00000209697a0000

Metaspace:

Usage:
  Non-class:     12.11 MB used.
      Class:      1.33 MB used.
       Both:     13.45 MB used.

Virtual space:
  Non-class space:       64.00 MB reserved,      12.19 MB ( 19%) committed,  1 nodes.
      Class space:        1.00 GB reserved,       1.44 MB ( <1%) committed,  1 nodes.
             Both:        1.06 GB reserved,      13.62 MB (  1%) committed. 

Chunk freelists:
   Non-Class:  3.33 MB
       Class:  14.48 MB
        Both:  17.81 MB

MaxMetaspaceSize: unlimited
CompressedClassSpaceSize: 1.00 GB
Initial GC threshold: 21.00 MB
Current GC threshold: 21.00 MB
CDS: off
MetaspaceReclaimPolicy: balanced
 - commit_granule_bytes: 65536.
 - commit_granule_words: 8192.
 - virtual_space_node_default_size: 8388608.
 - enlarge_chunks_in_place: 1.
 - new_chunks_are_fully_committed: 0.
 - uncommit_free_chunks: 1.
 - use_allocation_guard: 0.
 - handle_deallocations: 1.


Internal statistics:

num_allocs_failed_limit: 0.
num_arena_births: 56.
num_arena_deaths: 0.
num_vsnodes_births: 2.
num_vsnodes_deaths: 0.
num_space_committed: 218.
num_space_uncommitted: 0.
num_chunks_returned_to_freelist: 0.
num_chunks_taken_from_freelist: 216.
num_chunk_merges: 0.
num_chunk_splits: 152.
num_chunks_enlarged: 125.
num_inconsistent_stats: 0.

CodeHeap 'non-profiled nmethods': size=120000Kb used=628Kb max_used=628Kb free=119371Kb
 bounds [0x0000020975620000, 0x0000020975890000, 0x000002097cb50000]
CodeHeap 'profiled nmethods': size=120000Kb used=2572Kb max_used=2572Kb free=117427Kb
 bounds [0x000002096db50000, 0x000002096dde0000, 0x0000020975080000]
CodeHeap 'non-nmethods': size=5760Kb used=1159Kb max_used=1177Kb free=4600Kb
 bounds [0x0000020975080000, 0x00000209752f0000, 0x0000020975620000]
 total_blobs=1901 nmethods=1451 adapters=364
 compilation: enabled
              stopped_count=0, restarted_count=0
 full_count=0

Compilation events (20 events):
Event: 5.345 Thread 0x0000020904696ac0 nmethod 1444 0x000002096ddca710 code [0x000002096ddcaa20, 0x000002096ddcbc18]
Event: 5.345 Thread 0x0000020904696ac0 1445       1       sun.nio.fs.NativeBuffer::address (5 bytes)
Event: 5.345 Thread 0x0000020904696ac0 nmethod 1445 0x00000209756bd090 code [0x00000209756bd220, 0x00000209756bd2f8]
Event: 7.371 Thread 0x0000020904696ac0 1446       3       java.lang.String::getChars (54 bytes)
Event: 7.372 Thread 0x0000020904696ac0 nmethod 1446 0x000002096ddcc310 code [0x000002096ddcc500, 0x000002096ddcc958]
Event: 7.372 Thread 0x0000020904696ac0 1447       3       java.lang.StringLatin1::getChars (12 bytes)
Event: 7.372 Thread 0x0000020904696ac0 nmethod 1447 0x000002096ddccb10 code [0x000002096ddccca0, 0x000002096ddccdc8]
Event: 7.658 Thread 0x0000020904696ac0 1448       3       sun.nio.fs.WindowsPathParser::nextNonSlash (24 bytes)
Event: 7.659 Thread 0x0000020904696ac0 nmethod 1448 0x000002096ddcce90 code [0x000002096ddcd0a0, 0x000002096ddcd7d8]
Event: 7.747 Thread 0x0000020904696ac0 1449       3       java.lang.AbstractStringBuilder::checkRange (63 bytes)
Event: 7.747 Thread 0x0000020904696ac0 nmethod 1449 0x000002096ddcdb10 code [0x000002096ddcdda0, 0x000002096ddce6b8]
Event: 7.749 Thread 0x000002097f4b1f90 1450       4       java.io.WinNTFileSystem::normalize (143 bytes)
Event: 7.750 Thread 0x0000020904696ac0 1451       3       org.eclipse.osgi.framework.util.SecureAction::getProperty (31 bytes)
Event: 7.751 Thread 0x0000020904696ac0 nmethod 1451 0x000002096ddcea90 code [0x000002096ddced20, 0x000002096ddcf778]
Event: 7.754 Thread 0x0000020904696ac0 1452       3       java.lang.AbstractStringBuilder::appendChars (207 bytes)
Event: 7.756 Thread 0x0000020904696ac0 nmethod 1452 0x000002096ddcfb10 code [0x000002096ddcfdc0, 0x000002096ddd0d08]
Event: 7.758 Thread 0x0000020904696ac0 1453       3       java.net.URL::isBuiltinStreamHandler (32 bytes)
Event: 7.759 Thread 0x0000020904696ac0 nmethod 1453 0x000002096ddd1310 code [0x000002096ddd1600, 0x000002096ddd2638]
Event: 7.760 Thread 0x0000020904696ac0 1454       3       java.net.URL::isBuiltinStreamHandler (7 bytes)
Event: 7.760 Thread 0x0000020904696ac0 nmethod 1454 0x000002096ddd2c10 code [0x000002096ddd2dc0, 0x000002096ddd2f88]

GC Heap History (2 events):
Event: 3.384 GC heap before
{Heap before GC invocations=1 (full 0):
 PSYoungGen      total 29696K, used 25600K [0x00000000eab00000, 0x00000000ecc00000, 0x0000000100000000)
  eden space 25600K, 100% used [0x00000000eab00000,0x00000000ec400000,0x00000000ec400000)
  from space 4096K, 0% used [0x00000000ec800000,0x00000000ec800000,0x00000000ecc00000)
  to   space 4096K, 0% used [0x00000000ec400000,0x00000000ec400000,0x00000000ec800000)
 ParOldGen       total 68608K, used 0K [0x00000000c0000000, 0x00000000c4300000, 0x00000000eab00000)
  object space 68608K, 0% used [0x00000000c0000000,0x00000000c0000000,0x00000000c4300000)
 Metaspace       used 10979K, committed 11200K, reserved 1114112K
  class space    used 1093K, committed 1216K, reserved 1048576K
}
Event: 3.442 GC heap after
{Heap after GC invocations=1 (full 0):
 PSYoungGen      total 29696K, used 3181K [0x00000000eab00000, 0x00000000ecc00000, 0x0000000100000000)
  eden space 25600K, 0% used [0x00000000eab00000,0x00000000eab00000,0x00000000ec400000)
  from space 4096K, 77% used [0x00000000ec400000,0x00000000ec71b7b8,0x00000000ec800000)
  to   space 4096K, 0% used [0x00000000ec800000,0x00000000ec800000,0x00000000ecc00000)
 ParOldGen       total 68608K, used 0K [0x00000000c0000000, 0x00000000c4300000, 0x00000000eab00000)
  object space 68608K, 0% used [0x00000000c0000000,0x00000000c0000000,0x00000000c4300000)
 Metaspace       used 10979K, committed 11200K, reserved 1114112K
  class space    used 1093K, committed 1216K, reserved 1048576K
}

Dll operation events (8 events):
Event: 0.018 Loaded shared library c:\Users\wwwgo\.vscode\extensions\redhat.java-1.37.0-win32-x64\jre\17.0.13-win32-x86_64\bin\java.dll
Event: 0.644 Loaded shared library c:\Users\wwwgo\.vscode\extensions\redhat.java-1.37.0-win32-x64\jre\17.0.13-win32-x86_64\bin\zip.dll
Event: 0.650 Loaded shared library C:\Users\wwwgo\.vscode\extensions\redhat.java-1.37.0-win32-x64\jre\17.0.13-win32-x86_64\bin\instrument.dll
Event: 0.688 Loaded shared library C:\Users\wwwgo\.vscode\extensions\redhat.java-1.37.0-win32-x64\jre\17.0.13-win32-x86_64\bin\net.dll
Event: 0.692 Loaded shared library C:\Users\wwwgo\.vscode\extensions\redhat.java-1.37.0-win32-x64\jre\17.0.13-win32-x86_64\bin\nio.dll
Event: 0.702 Loaded shared library C:\Users\wwwgo\.vscode\extensions\redhat.java-1.37.0-win32-x64\jre\17.0.13-win32-x86_64\bin\zip.dll
Event: 0.846 Loaded shared library C:\Users\wwwgo\.vscode\extensions\redhat.java-1.37.0-win32-x64\jre\17.0.13-win32-x86_64\bin\jimage.dll
Event: 1.069 Loaded shared library c:\Users\wwwgo\.vscode\extensions\redhat.java-1.37.0-win32-x64\jre\17.0.13-win32-x86_64\bin\verify.dll

Deoptimization events (20 events):
Event: 3.996 Thread 0x00000209696ef1b0 DEOPT PACKING pc=0x000002096dbc3da1 sp=0x00000022b9df79e0
Event: 3.996 Thread 0x00000209696ef1b0 DEOPT UNPACKING pc=0x00000209750d6e43 sp=0x00000022b9df6e90 mode 0
Event: 4.072 Thread 0x00000209696ef1b0 Uncommon trap: trap_request=0xffffffc6 fr.pc=0x000002097564e760 relative=0x00000000000002c0
Event: 4.072 Thread 0x00000209696ef1b0 Uncommon trap: reason=bimorphic_or_optimized_type_check action=maybe_recompile pc=0x000002097564e760 method=java.util.Collections$UnmodifiableCollection$1.next()Ljava/lang/Object; @ 4 c2
Event: 4.072 Thread 0x00000209696ef1b0 DEOPT PACKING pc=0x000002097564e760 sp=0x00000022b9df80b0
Event: 4.072 Thread 0x00000209696ef1b0 DEOPT UNPACKING pc=0x00000209750d66a3 sp=0x00000022b9df8060 mode 2
Event: 4.072 Thread 0x00000209696ef1b0 Uncommon trap: trap_request=0xffffffc6 fr.pc=0x000002097564e760 relative=0x00000000000002c0
Event: 4.072 Thread 0x00000209696ef1b0 Uncommon trap: reason=bimorphic_or_optimized_type_check action=maybe_recompile pc=0x000002097564e760 method=java.util.Collections$UnmodifiableCollection$1.next()Ljava/lang/Object; @ 4 c2
Event: 4.072 Thread 0x00000209696ef1b0 DEOPT PACKING pc=0x000002097564e760 sp=0x00000022b9df80b0
Event: 4.072 Thread 0x00000209696ef1b0 DEOPT UNPACKING pc=0x00000209750d66a3 sp=0x00000022b9df8060 mode 2
Event: 5.018 Thread 0x00000209696ef1b0 Uncommon trap: trap_request=0xffffffde fr.pc=0x000002097568e4c0 relative=0x0000000000000980
Event: 5.018 Thread 0x00000209696ef1b0 Uncommon trap: reason=class_check action=maybe_recompile pc=0x000002097568e4c0 method=java.util.HashMap.putVal(ILjava/lang/Object;Ljava/lang/Object;ZZ)Ljava/lang/Object; @ 253 c2
Event: 5.018 Thread 0x00000209696ef1b0 DEOPT PACKING pc=0x000002097568e4c0 sp=0x00000022b9dfded0
Event: 5.018 Thread 0x00000209696ef1b0 DEOPT UNPACKING pc=0x00000209750d66a3 sp=0x00000022b9dfde50 mode 2
Event: 5.027 Thread 0x00000209696ef1b0 Uncommon trap: trap_request=0xffffffde fr.pc=0x000002097568e4c0 relative=0x0000000000000980
Event: 5.027 Thread 0x00000209696ef1b0 Uncommon trap: reason=class_check action=maybe_recompile pc=0x000002097568e4c0 method=java.util.HashMap.putVal(ILjava/lang/Object;Ljava/lang/Object;ZZ)Ljava/lang/Object; @ 253 c2
Event: 5.027 Thread 0x00000209696ef1b0 DEOPT PACKING pc=0x000002097568e4c0 sp=0x00000022b9dfded0
Event: 5.027 Thread 0x00000209696ef1b0 DEOPT UNPACKING pc=0x00000209750d66a3 sp=0x00000022b9dfde50 mode 2
Event: 5.172 Thread 0x00000209696ef1b0 DEOPT PACKING pc=0x000002096dc12f00 sp=0x00000022b9dfc1f0
Event: 5.172 Thread 0x00000209696ef1b0 DEOPT UNPACKING pc=0x00000209750d6e43 sp=0x00000022b9dfb670 mode 0

Classes loaded (20 events):
Event: 5.142 Loading class javax/xml/parsers/ParserConfigurationException
Event: 5.143 Loading class javax/xml/parsers/ParserConfigurationException done
Event: 5.145 Loading class java/security/KeyStoreException
Event: 5.146 Loading class java/security/KeyStoreException done
Event: 5.157 Loading class sun/security/x509/SubjectAlternativeNameExtension
Event: 5.157 Loading class sun/security/x509/SubjectAlternativeNameExtension done
Event: 5.158 Loading class sun/security/x509/RFC822Name
Event: 5.158 Loading class sun/security/x509/RFC822Name done
Event: 5.240 Loading class java/util/LinkedList$Node
Event: 5.241 Loading class java/util/LinkedList$Node done
Event: 5.241 Loading class java/util/LinkedList$ListItr
Event: 5.241 Loading class java/util/LinkedList$ListItr done
Event: 5.257 Loading class sun/nio/fs/WindowsChannelFactory
Event: 5.257 Loading class sun/nio/fs/WindowsChannelFactory done
Event: 5.257 Loading class sun/nio/fs/WindowsChannelFactory$1
Event: 5.258 Loading class sun/nio/fs/WindowsChannelFactory$1 done
Event: 5.258 Loading class sun/nio/fs/WindowsChannelFactory$Flags
Event: 5.258 Loading class sun/nio/fs/WindowsChannelFactory$Flags done
Event: 5.258 Loading class sun/nio/ch/FileChannelImpl$Closer
Event: 5.258 Loading class sun/nio/ch/FileChannelImpl$Closer done

Classes unloaded (0 events):
No events

Classes redefined (0 events):
No events

Internal exceptions (20 events):
Event: 2.096 Thread 0x00000209696ef1b0 Exception <a 'java/io/FileNotFoundException'{0x00000000eb88c278}> (0x00000000eb88c278) 
thrown [s\src\hotspot\share\prims\jni.cpp, line 516]
Event: 2.105 Thread 0x00000209696ef1b0 Implicit null exception at 0x00000209756465f2 to 0x0000020975646b40
Event: 2.105 Thread 0x00000209696ef1b0 Implicit null exception at 0x00000209756471f2 to 0x0000020975647754
Event: 2.119 Thread 0x00000209696ef1b0 Exception <a 'java/io/FileNotFoundException'{0x00000000eb8c5098}> (0x00000000eb8c5098) 
thrown [s\src\hotspot\share\prims\jni.cpp, line 516]
Event: 2.805 Thread 0x00000209696ef1b0 Exception <a 'java/lang/ClassNotFoundException'{0x00000000ec103088}: sun/net/www/protocol/c/Handler> (0x00000000ec103088) 
thrown [s\src\hotspot\share\classfile\systemDictionary.cpp, line 256]
Event: 2.806 Thread 0x00000209696ef1b0 Exception <a 'java/lang/ClassNotFoundException'{0x00000000ec1043b0}: sun/net/www/protocol/c/Handler> (0x00000000ec1043b0) 
thrown [s\src\hotspot\share\classfile\systemDictionary.cpp, line 256]
Event: 2.806 Thread 0x00000209696ef1b0 Exception <a 'java/lang/ClassNotFoundException'{0x00000000ec105500}: sun/net/www/protocol/c/Handler> (0x00000000ec105500) 
thrown [s\src\hotspot\share\classfile\systemDictionary.cpp, line 256]
Event: 2.815 Thread 0x00000209696ef1b0 Exception <a 'java/io/FileNotFoundException'{0x00000000ec128b40}> (0x00000000ec128b40) 
thrown [s\src\hotspot\share\prims\jni.cpp, line 516]
Event: 2.946 Thread 0x00000209696ef1b0 Implicit null exception at 0x0000020975680d80 to 0x00000209756817f4
Event: 2.946 Thread 0x00000209696ef1b0 Implicit null exception at 0x000002097567718c to 0x00000209756773d8
Event: 2.946 Thread 0x00000209696ef1b0 Implicit null exception at 0x000002097566c20c to 0x000002097566c458
Event: 2.946 Thread 0x00000209696ef1b0 Implicit null exception at 0x000002097566a08f to 0x000002097566a109
Event: 3.443 Thread 0x00000209696ef1b0 Exception <a 'java/lang/NoSuchMethodError'{0x00000000eab03798}: 'int java.lang.invoke.DirectMethodHandle$Holder.invokeStaticInit(java.lang.Object, java.lang.Object, java.lang.Object, java.lang.Object)'> (0x00000000eab03798) 
thrown [s\src\hotspot\share\interpreter\linkResolver.cpp, line 759]
Event: 3.445 Thread 0x00000209696ef1b0 Exception <a 'java/lang/NoSuchMethodError'{0x00000000eab0df80}: 'java.lang.Object java.lang.invoke.DirectMethodHandle$Holder.invokeInterface(java.lang.Object, java.lang.Object)'> (0x00000000eab0df80) 
thrown [s\src\hotspot\share\interpreter\linkResolver.cpp, line 759]
Event: 3.446 Thread 0x00000209696ef1b0 Exception <a 'java/lang/IncompatibleClassChangeError'{0x00000000eab11778}: Found class java.lang.Object, but interface was expected> (0x00000000eab11778) 
thrown [s\src\hotspot\share\interpreter\linkResolver.cpp, line 826]
Event: 3.447 Thread 0x00000209696ef1b0 Exception <a 'java/lang/NoSuchMethodError'{0x00000000eab15c58}: 'void java.lang.invoke.DirectMethodHandle$Holder.invokeStatic(java.lang.Object, java.lang.Object)'> (0x00000000eab15c58) 
thrown [s\src\hotspot\share\interpreter\linkResolver.cpp, line 759]
Event: 3.451 Thread 0x00000209696ef1b0 Exception <a 'java/lang/NoSuchMethodError'{0x00000000eab19458}: 'void java.lang.invoke.DirectMethodHandle$Holder.invokeStaticInit(java.lang.Object, java.lang.Object)'> (0x00000000eab19458) 
thrown [s\src\hotspot\share\interpreter\linkResolver.cpp, line 759]
Event: 3.452 Thread 0x00000209696ef1b0 Exception <a 'java/lang/NoSuchMethodError'{0x00000000eab20978}: 'int java.lang.invoke.DirectMethodHandle$Holder.invokeStaticInit(java.lang.Object, java.lang.Object)'> (0x00000000eab20978) 
thrown [s\src\hotspot\share\interpreter\linkResolver.cpp, line 759]
Event: 3.543 Thread 0x00000209696ef1b0 Exception <a 'java/lang/NoSuchMethodError'{0x00000000eac8cb58}: 'void java.lang.invoke.DirectMethodHandle$Holder.invokeSpecial(java.lang.Object, java.lang.Object, java.lang.Object)'> (0x00000000eac8cb58) 
thrown [s\src\hotspot\share\interpreter\linkResolver.cpp, line 759]
Event: 4.905 Thread 0x00000209696ef1b0 Exception <a 'java/lang/NoSuchMethodError'{0x00000000eb8efbf0}: 'java.lang.Object java.lang.invoke.DirectMethodHandle$Holder.newInvokeSpecial(java.lang.Object, int, java.lang.Object)'> (0x00000000eb8efbf0) 
thrown [s\src\hotspot\share\interpreter\linkResolver.cpp, line 759]

VM Operations (20 events):
Event: 1.982 Executing VM operation: HandshakeAllThreads
Event: 1.982 Executing VM operation: HandshakeAllThreads done
Event: 2.057 Executing VM operation: HandshakeAllThreads
Event: 2.057 Executing VM operation: HandshakeAllThreads done
Event: 2.745 Executing VM operation: HandshakeAllThreads
Event: 2.745 Executing VM operation: HandshakeAllThreads done
Event: 3.384 Executing VM operation: ParallelGCFailedAllocation
Event: 3.442 Executing VM operation: ParallelGCFailedAllocation done
Event: 4.451 Executing VM operation: Cleanup
Event: 4.467 Executing VM operation: Cleanup done
Event: 4.615 Executing VM operation: HandshakeAllThreads
Event: 4.712 Executing VM operation: HandshakeAllThreads done
Event: 4.713 Executing VM operation: HandshakeAllThreads
Event: 4.713 Executing VM operation: HandshakeAllThreads done
Event: 4.740 Executing VM operation: HandshakeAllThreads
Event: 4.740 Executing VM operation: HandshakeAllThreads done
Event: 4.897 Executing VM operation: HandshakeAllThreads
Event: 4.897 Executing VM operation: HandshakeAllThreads done
Event: 5.904 Executing VM operation: Cleanup
Event: 5.904 Executing VM operation: Cleanup done

Memory protections (0 events):
No events

Nmethod flushes (0 events):
No events

Events (19 events):
Event: 0.183 Thread 0x00000209696ef1b0 Thread added: 0x00000209696ef1b0
Event: 0.258 Thread 0x00000209696ef1b0 Thread added: 0x000002096979bff0
Event: 0.259 Thread 0x00000209696ef1b0 Thread added: 0x000002096979cac0
Event: 0.282 Thread 0x00000209696ef1b0 Thread added: 0x000002097f4ad560
Event: 0.282 Thread 0x00000209696ef1b0 Thread added: 0x000002097f4ae030
Event: 0.283 Thread 0x00000209696ef1b0 Thread added: 0x000002097f4b0a10
Event: 0.283 Thread 0x00000209696ef1b0 Thread added: 0x000002097f4b12e0
Event: 0.283 Thread 0x00000209696ef1b0 Thread added: 0x000002097f4b1f90
Event: 0.308 Thread 0x00000209696ef1b0 Thread added: 0x0000020904696ac0
Event: 0.341 Thread 0x00000209696ef1b0 Thread added: 0x0000020904697780
Event: 0.527 Thread 0x00000209696ef1b0 Thread added: 0x00000209047235e0
Event: 1.328 Thread 0x00000209696ef1b0 Thread added: 0x0000020904972b50
Event: 1.666 Thread 0x0000020904696ac0 Thread added: 0x000002090487c480
Event: 2.869 Thread 0x000002090487c480 Thread exited: 0x000002090487c480
Event: 3.778 Thread 0x0000020904696ac0 Thread added: 0x00000209052da030
Event: 4.188 Thread 0x00000209052da030 Thread exited: 0x00000209052da030
Event: 4.589 Thread 0x00000209696ef1b0 Thread added: 0x0000020904f84200
Event: 5.164 Thread 0x0000020904696ac0 Thread added: 0x00000209051c13c0
Event: 5.341 Thread 0x00000209051c13c0 Thread exited: 0x00000209051c13c0


Dynamic libraries:
0x00007ff6cb4a0000 - 0x00007ff6cb4ae000 	c:\Users\wwwgo\.vscode\extensions\redhat.java-1.37.0-win32-x64\jre\17.0.13-win32-x86_64\bin\java.exe
0x00007ff95f1f0000 - 0x00007ff95f407000 	C:\WINDOWS\SYSTEM32\ntdll.dll
0x00007ff95e510000 - 0x00007ff95e5d4000 	C:\WINDOWS\System32\KERNEL32.DLL
0x00007ff95c4d0000 - 0x00007ff95c88a000 	C:\WINDOWS\System32\KERNELBASE.dll
0x00007ff95c890000 - 0x00007ff95c9a1000 	C:\WINDOWS\System32\ucrtbase.dll
0x00007ff948830000 - 0x00007ff948847000 	c:\Users\wwwgo\.vscode\extensions\redhat.java-1.37.0-win32-x64\jre\17.0.13-win32-x86_64\bin\jli.dll
0x00007ff95ea50000 - 0x00007ff95ebfe000 	C:\WINDOWS\System32\USER32.dll
0x00007ff95cce0000 - 0x00007ff95cd06000 	C:\WINDOWS\System32\win32u.dll
0x00007ff95ea20000 - 0x00007ff95ea49000 	C:\WINDOWS\System32\GDI32.dll
0x00007ff95c9b0000 - 0x00007ff95cacb000 	C:\WINDOWS\System32\gdi32full.dll
0x00007ff95cc40000 - 0x00007ff95ccda000 	C:\WINDOWS\System32\msvcp_win.dll
0x00007ff9487f0000 - 0x00007ff94880e000 	c:\Users\wwwgo\.vscode\extensions\redhat.java-1.37.0-win32-x64\jre\17.0.13-win32-x86_64\bin\VCRUNTIME140.dll
0x00007ff936830000 - 0x00007ff936ac2000 	C:\WINDOWS\WinSxS\amd64_microsoft.windows.common-controls_6595b64144ccf1df_6.0.22621.4541_none_2710d1c57384c085\COMCTL32.dll
0x00007ff95d4f0000 - 0x00007ff95d597000 	C:\WINDOWS\System32\msvcrt.dll
0x00007ff95de80000 - 0x00007ff95deb1000 	C:\WINDOWS\System32\IMM32.DLL
0x00007ff9533a0000 - 0x00007ff9533ac000 	c:\Users\wwwgo\.vscode\extensions\redhat.java-1.37.0-win32-x64\jre\17.0.13-win32-x86_64\bin\vcruntime140_1.dll
0x00007ff9147e0000 - 0x00007ff91486d000 	c:\Users\wwwgo\.vscode\extensions\redhat.java-1.37.0-win32-x64\jre\17.0.13-win32-x86_64\bin\msvcp140.dll
0x00007ff8baf90000 - 0x00007ff8bbbfb000 	c:\Users\wwwgo\.vscode\extensions\redhat.java-1.37.0-win32-x64\jre\17.0.13-win32-x86_64\bin\server\jvm.dll
0x00007ff95d150000 - 0x00007ff95d202000 	C:\WINDOWS\System32\ADVAPI32.dll
0x00007ff95ef00000 - 0x00007ff95efa7000 	C:\WINDOWS\System32\sechost.dll
0x00007ff95ce10000 - 0x00007ff95ce38000 	C:\WINDOWS\System32\bcrypt.dll
0x00007ff95ec00000 - 0x00007ff95ed14000 	C:\WINDOWS\System32\RPCRT4.dll
0x00007ff95d370000 - 0x00007ff95d3e1000 	C:\WINDOWS\System32\WS2_32.dll
0x00007ff95c3a0000 - 0x00007ff95c3ed000 	C:\WINDOWS\SYSTEM32\POWRPROF.dll
0x00007ff9521d0000 - 0x00007ff952204000 	C:\WINDOWS\SYSTEM32\WINMM.dll
0x00007ff950760000 - 0x00007ff95076a000 	C:\WINDOWS\SYSTEM32\VERSION.dll
0x00007ff95c380000 - 0x00007ff95c393000 	C:\WINDOWS\SYSTEM32\UMPDC.dll
0x00007ff95b4d0000 - 0x00007ff95b4e8000 	C:\WINDOWS\SYSTEM32\kernel.appcore.dll
0x00007ff9522a0000 - 0x00007ff9522aa000 	c:\Users\wwwgo\.vscode\extensions\redhat.java-1.37.0-win32-x64\jre\17.0.13-win32-x86_64\bin\jimage.dll
0x00007ff956c20000 - 0x00007ff956e52000 	C:\WINDOWS\SYSTEM32\DBGHELP.DLL
0x00007ff95e600000 - 0x00007ff95e98f000 	C:\WINDOWS\System32\combase.dll
0x00007ff95ed70000 - 0x00007ff95ee47000 	C:\WINDOWS\System32\OLEAUT32.dll
0x00007ff9294a0000 - 0x00007ff9294d2000 	C:\WINDOWS\SYSTEM32\dbgcore.DLL
0x00007ff95cd90000 - 0x00007ff95ce0b000 	C:\WINDOWS\System32\bcryptPrimitives.dll
0x00007ff952280000 - 0x00007ff95228e000 	c:\Users\wwwgo\.vscode\extensions\redhat.java-1.37.0-win32-x64\jre\17.0.13-win32-x86_64\bin\instrument.dll
0x00007ff94cbe0000 - 0x00007ff94cc05000 	c:\Users\wwwgo\.vscode\extensions\redhat.java-1.37.0-win32-x64\jre\17.0.13-win32-x86_64\bin\java.dll
0x00007ff94cbc0000 - 0x00007ff94cbd8000 	c:\Users\wwwgo\.vscode\extensions\redhat.java-1.37.0-win32-x64\jre\17.0.13-win32-x86_64\bin\zip.dll
0x00007ff95d600000 - 0x00007ff95de78000 	C:\WINDOWS\System32\SHELL32.dll
0x00007ff95a3c0000 - 0x00007ff95acc8000 	C:\WINDOWS\SYSTEM32\windows.storage.dll
0x00007ff95a280000 - 0x00007ff95a3bf000 	C:\WINDOWS\SYSTEM32\wintypes.dll
0x00007ff95d3f0000 - 0x00007ff95d4ea000 	C:\WINDOWS\System32\SHCORE.dll
0x00007ff95cf00000 - 0x00007ff95cf5e000 	C:\WINDOWS\System32\shlwapi.dll
0x00007ff95c400000 - 0x00007ff95c42b000 	C:\WINDOWS\SYSTEM32\profapi.dll
0x00007ff94cba0000 - 0x00007ff94cbb9000 	C:\Users\wwwgo\.vscode\extensions\redhat.java-1.37.0-win32-x64\jre\17.0.13-win32-x86_64\bin\net.dll
0x00007ff951e90000 - 0x00007ff951fc6000 	C:\WINDOWS\SYSTEM32\WINHTTP.dll
0x00007ff95b950000 - 0x00007ff95b9b9000 	C:\WINDOWS\system32\mswsock.dll
0x00007ff94cb80000 - 0x00007ff94cb96000 	C:\Users\wwwgo\.vscode\extensions\redhat.java-1.37.0-win32-x64\jre\17.0.13-win32-x86_64\bin\nio.dll
0x00007ff952270000 - 0x00007ff952280000 	c:\Users\wwwgo\.vscode\extensions\redhat.java-1.37.0-win32-x64\jre\17.0.13-win32-x86_64\bin\verify.dll

dbghelp: loaded successfully - version: 4.0.5 - missing functions: none
symbol engine: initialized successfully - sym options: 0x614 - pdb path: .;c:\Users\wwwgo\.vscode\extensions\redhat.java-1.37.0-win32-x64\jre\17.0.13-win32-x86_64\bin;C:\WINDOWS\SYSTEM32;C:\WINDOWS\WinSxS\amd64_microsoft.windows.common-controls_6595b64144ccf1df_6.0.22621.4541_none_2710d1c57384c085;c:\Users\wwwgo\.vscode\extensions\redhat.java-1.37.0-win32-x64\jre\17.0.13-win32-x86_64\bin\server

VM Arguments:
jvm_args: --add-modules=ALL-SYSTEM --add-opens=java.base/java.util=ALL-UNNAMED --add-opens=java.base/java.lang=ALL-UNNAMED --add-opens=java.base/sun.nio.fs=ALL-UNNAMED -Declipse.application=org.eclipse.jdt.ls.core.id1 -Dosgi.bundles.defaultStartLevel=4 -Declipse.product=org.eclipse.jdt.ls.core.product -Djava.import.generatesMetadataFilesAtProjectRoot=false -DDetectVMInstallationsJob.disabled=true -Dfile.encoding=utf8 -XX:+UseParallelGC -XX:GCTimeRatio=4 -XX:AdaptiveSizePolicyWeight=90 -Dsun.zip.disableMemoryMapping=true -Xmx1G -Xms100m -Xlog:disable -javaagent:c:\Users\wwwgo\.vscode\extensions\redhat.java-1.37.0-win32-x64\lombok\lombok-1.18.34.jar 
java_command: c:\Users\wwwgo\.vscode\extensions\redhat.java-1.37.0-win32-x64\server\plugins\org.eclipse.equinox.launcher_1.6.900.v20240613-2009.jar -configuration c:\Users\wwwgo\AppData\Roaming\Code\User\globalStorage\redhat.java\1.37.0\config_ss_win -data c:\Users\wwwgo\AppData\Roaming\Code\User\workspaceStorage\249a18d9a02ff7ef2690f734e7d3763f\redhat.java\ss_ws --pipe=\\.\pipe\lsp-1db895d7ef2e439f172eb4feff9b0824-sock
java_class_path (initial): c:\Users\wwwgo\.vscode\extensions\redhat.java-1.37.0-win32-x64\server\plugins\org.eclipse.equinox.launcher_1.6.900.v20240613-2009.jar
Launcher Type: SUN_STANDARD

[Global flags]
    uintx AdaptiveSizePolicyWeight                 = 90                                        {product} {command line}
     intx CICompilerCount                          = 3                                         {product} {ergonomic}
    uintx GCTimeRatio                              = 4                                         {product} {command line}
   size_t InitialHeapSize                          = 104857600                                 {product} {command line}
   size_t MaxHeapSize                              = 1073741824                                {product} {command line}
   size_t MaxNewSize                               = 357564416                                 {product} {ergonomic}
   size_t MinHeapDeltaBytes                        = 524288                                    {product} {ergonomic}
   size_t MinHeapSize                              = 104857600                                 {product} {command line}
   size_t NewSize                                  = 34603008                                  {product} {ergonomic}
    uintx NonNMethodCodeHeapSize                   = 5832780                                {pd product} {ergonomic}
    uintx NonProfiledCodeHeapSize                  = 122912730                              {pd product} {ergonomic}
   size_t OldSize                                  = 70254592                                  {product} {ergonomic}
    uintx ProfiledCodeHeapSize                     = 122912730                              {pd product} {ergonomic}
    uintx ReservedCodeCacheSize                    = 251658240                              {pd product} {ergonomic}
     bool SegmentedCodeCache                       = true                                      {product} {ergonomic}
   size_t SoftMaxHeapSize                          = 1073741824                             {manageable} {ergonomic}
     bool UseCompressedClassPointers               = true                           {product lp64_product} {ergonomic}
     bool UseCompressedOops                        = true                           {product lp64_product} {ergonomic}
     bool UseLargePagesIndividualAllocation        = false                                  {pd product} {ergonomic}
     bool UseParallelGC                            = true                                      {product} {command line}

Logging:
Log output configuration:
 #0: stdout all=off uptime,level,tags
 #1: stderr all=off uptime,level,tags

Environment Variables:
JAVA_HOME=C:\Program Files\Microsoft\jdk-17.0.12.7-hotspot\
PATH=C:\Program Files\Microsoft\jdk-17.0.12.7-hotspot\bin;C:\Python312\Scripts\;C:\Python312\;C:\WINDOWS\system32;C:\WINDOWS;C:\WINDOWS\System32\Wbem;C:\WINDOWS\System32\WindowsPowerShell\v1.0\;C:\WINDOWS\System32\OpenSSH\;C:\Program Files\Git\cmd;C:\xampp2\php;C:\ProgramData\ComposerSetup\bin;C:\ProgramData\chocolatey\bin;C:\Program Files\nodejs\;C:\Users\wwwgo\AppData\Local\Android\Sdk\platform-tools;C:\Users\wwwgo\AppData\Local\Android\Sdk\tools;C:\Users\wwwgo\AppData\Local\Android\Sdk\tools;C:\Users\wwwgo\AppData\Local\Android\Sdk\tools;C:\Program Files\Microsoft\jdk-17.0.12.7-hotspot\bin;C:\Python312\Scripts\;C:\Python312\;C:\WINDOWS\system32;C:\WINDOWS;C:\WINDOWS\System32\Wbem;C:\WINDOWS\System32\WindowsPowerShell\v1.0\;C:\WINDOWS\System32\OpenSSH\;C:\Program Files\Git\cmd;C:\xampp2\php;C:\ProgramData\ComposerSetup\bin;C:\ProgramData\chocolatey\bin;C:\Program Files\nodejs\;C:\Users\wwwgo\AppData\Local\Android\Sdk\platform-tools;C:\Users\wwwgo\AppData\Local\Microsoft\WindowsApps;;C:\Users\wwwgo\AppData\Local\Programs\Microsoft VS Code\bin;C:\Users\wwwgo\AppData\Roaming\Composer\vendor\bin;C:\Users\wwwgo\AppData\Roaming\npm;C:\Program Files\android-sdk-windows\platform-tools
USERNAME=wwwgo
OS=Windows_NT
PROCESSOR_IDENTIFIER=Intel64 Family 6 Model 142 Stepping 12, GenuineIntel
TMP=C:\Users\wwwgo\AppData\Local\Temp
TEMP=C:\Users\wwwgo\AppData\Local\Temp



Periodic native trim disabled


---------------  S Y S T E M  ---------------

OS:
 Windows 11 , 64 bit Build 22621 (10.0.22621.4391)
OS uptime: 12 days 17:32 hours
Hyper-V role detected

CPU: total 4 (initial active 4) (2 cores per cpu, 2 threads per core) family 6 model 142 stepping 12 microcode 0xde, cx8, cmov, fxsr, ht, mmx, 3dnowpref, sse, sse2, sse3, ssse3, sse4.1, sse4.2, popcnt, lzcnt, tsc, tscinvbit, avx, avx2, aes, erms, clmul, bmi1, bmi2, adx, fma, vzeroupper, clflush, clflushopt, hv
Processor Information for processor 0
  Max Mhz: 2592, Current Mhz: 2592, Mhz Limit: 2073
Processor Information for processor 1
  Max Mhz: 2592, Current Mhz: 2592, Mhz Limit: 2073
Processor Information for processor 2
  Max Mhz: 2592, Current Mhz: 2592, Mhz Limit: 2073
Processor Information for processor 3
  Max Mhz: 2592, Current Mhz: 1495, Mhz Limit: 2073

Memory: 4k page, system-wide physical 8025M (531M free)
TotalPageFile size 18054M (AvailPageFile size 16M)
current process WorkingSet (physical memory assigned to process): 79M, peak: 83M
current process commit charge ("private bytes"): 189M, peak: 192M

vm_info: OpenJDK 64-Bit Server VM (17.0.13+11) for windows-amd64 JRE (17.0.13+11), built on Oct 16 2024 00:10:08 by "admin" with MS VC++ 17.7 (VS2022)

END.
