#
# There is insufficient memory for the Java Runtime Environment to continue.
# Native memory allocation (mmap) failed to map 67108864 bytes. Error detail: G1 virtual space
# Possible reasons:
#   The system is out of physical RAM or swap space
#   This process is running with CompressedOops enabled, and the Java Heap may be blocking the growth of the native heap
# Possible solutions:
#   Reduce memory load on the system
#   Increase physical memory or swap space
#   Check if swap backing store is full
#   Decrease Java heap size (-Xmx/-Xms)
#   Decrease number of Java threads
#   Decrease Java thread stack sizes (-Xss)
#   Set larger code cache with -XX:ReservedCodeCacheSize=
#   JVM is running with Unscaled Compressed Oops mode in which the Java heap is
#     placed in the first 4GB address space. The Java Heap base address is the
#     maximum limit for the native heap growth. Please use -XX:HeapBaseMinAddress
#     to set the Java Heap base and to place the Java Heap above 4GB virtual address.
# This output file may be truncated or incomplete.
#
#  Out of Memory Error (os_windows.cpp:3678), pid=11228, tid=18824
#
# JRE version:  (17.0.12+7) (build )
# Java VM: OpenJDK 64-Bit Server VM (17.0.12+7-LTS, mixed mode, sharing, tiered, compressed oops, compressed class ptrs, g1 gc, windows-amd64)
# No core dump will be written. Minidumps are not enabled by default on client versions of Windows
#

---------------  S U M M A R Y ------------

Command Line: -Xmx64m -Xms64m -Dorg.gradle.appname=gradlew org.gradle.wrapper.GradleWrapperMain app:installDebug -PreactNativeDevServerPort=8081

Host: Intel(R) Core(TM) i3-10110U CPU @ 2.10GHz, 4 cores, 7G,  Windows 11 , 64 bit Build 22621 (10.0.22621.4391)
Time: Fri Nov 29 11:03:16 2024 India Standard Time elapsed time: 0.047192 seconds (0d 0h 0m 0s)

---------------  T H R E A D  ---------------

Current thread (0x000002816e3fe660):  JavaThread "Unknown thread" [_thread_in_vm, id=18824, stack(0x000000a3f9100000,0x000000a3f9200000)]

Stack: [0x000000a3f9100000,0x000000a3f9200000]
Native frames: (J=compiled Java code, j=interpreted, Vv=VM code, C=native code)
V  [jvm.dll+0x686d99]
V  [jvm.dll+0x83daf8]
V  [jvm.dll+0x83f5a3]
V  [jvm.dll+0x83fc13]
V  [jvm.dll+0x2492ef]
V  [jvm.dll+0x683dd9]
V  [jvm.dll+0x6782fa]
V  [jvm.dll+0x30a797]
V  [jvm.dll+0x311d06]
V  [jvm.dll+0x36252e]
V  [jvm.dll+0x36276d]
V  [jvm.dll+0x2e1a9c]
V  [jvm.dll+0x2e29b4]
V  [jvm.dll+0x80faab]
V  [jvm.dll+0x370241]
V  [jvm.dll+0x7ee6bf]
V  [jvm.dll+0x3f6ccf]
V  [jvm.dll+0x3f87f1]
C  [jli.dll+0x5284]
C  [ucrtbase.dll+0x29333]
C  [KERNEL32.DLL+0x1259d]
C  [ntdll.dll+0x5af38]


---------------  P R O C E S S  ---------------

Threads class SMR info:
_java_thread_list=0x00007ff8e891cf98, length=0, elements={
}

Java Threads: ( => current thread )

Other Threads:
  0x000002816e41c430 GCTaskThread "GC Thread#0" [stack: 0x000000a3f9200000,0x000000a3f9300000] [id=14328]
  0x000002816e41da90 ConcurrentGCThread "G1 Main Marker" [stack: 0x000000a3f9300000,0x000000a3f9400000] [id=3048]
  0x000002816e41f3d0 ConcurrentGCThread "G1 Conc#0" [stack: 0x000000a3f9400000,0x000000a3f9500000] [id=11744]

[error occurred during error reporting (printing all threads), id 0xc0000005, EXCEPTION_ACCESS_VIOLATION (0xc0000005) at pc=0x00007ff8e80d25b7]

VM state: not at safepoint (not fully initialized)

VM Mutex/Monitor currently owned by a thread:  ([mutex/lock_event])
[0x000002816e3f9200] Heap_lock - owner thread: 0x000002816e3fe660

Heap address: 0x00000000fc000000, size: 64 MB, Compressed Oops mode: 32-bit

CDS archive(s) mapped at: [0x0000000000000000-0x0000000000000000-0x0000000000000000), size 0, SharedBaseAddress: 0x0000000800000000, ArchiveRelocationMode: 1.
Narrow klass base: 0x0000000000000000, Narrow klass shift: 0, Narrow klass range: 0x0

GC Precious Log:
<Empty>

Heap:
 garbage-first heap   total 0K, used 0K [0x00000000fc000000, 0x0000000100000000)
  region size 1024K, 0 young (0K), 0 survivors (0K)

[error occurred during error reporting (printing heap information), id 0xc0000005, EXCEPTION_ACCESS_VIOLATION (0xc0000005) at pc=0x00007ff8e84c0a39]

GC Heap History (0 events):
No events

Dll operation events (1 events):
Event: 0.012 Loaded shared library C:\Program Files\Microsoft\jdk-17.0.12.7-hotspot\bin\java.dll

Deoptimization events (0 events):
No events

Classes loaded (0 events):
No events

Classes unloaded (0 events):
No events

Classes redefined (0 events):
No events

Internal exceptions (0 events):
No events

VM Operations (0 events):
No events

Events (0 events):
No events


Dynamic libraries:
0x00007ff6dbd10000 - 0x00007ff6dbd1e000 	C:\Program Files\Microsoft\jdk-17.0.12.7-hotspot\bin\java.exe
0x00007ff95f1f0000 - 0x00007ff95f407000 	C:\WINDOWS\SYSTEM32\ntdll.dll
0x00007ff95e510000 - 0x00007ff95e5d4000 	C:\WINDOWS\System32\KERNEL32.DLL
0x00007ff95c4d0000 - 0x00007ff95c88a000 	C:\WINDOWS\System32\KERNELBASE.dll
0x00007ff95c890000 - 0x00007ff95c9a1000 	C:\WINDOWS\System32\ucrtbase.dll
0x00007ff9127a0000 - 0x00007ff9127bd000 	C:\Program Files\Microsoft\jdk-17.0.12.7-hotspot\bin\VCRUNTIME140.dll
0x00007ff94b790000 - 0x00007ff94b7a7000 	C:\Program Files\Microsoft\jdk-17.0.12.7-hotspot\bin\jli.dll
0x00007ff95ea50000 - 0x00007ff95ebfe000 	C:\WINDOWS\System32\USER32.dll
0x00007ff95cce0000 - 0x00007ff95cd06000 	C:\WINDOWS\System32\win32u.dll
0x00007ff936830000 - 0x00007ff936ac2000 	C:\WINDOWS\WinSxS\amd64_microsoft.windows.common-controls_6595b64144ccf1df_6.0.22621.4541_none_2710d1c57384c085\COMCTL32.dll
0x00007ff95ea20000 - 0x00007ff95ea49000 	C:\WINDOWS\System32\GDI32.dll
0x00007ff95c9b0000 - 0x00007ff95cacb000 	C:\WINDOWS\System32\gdi32full.dll
0x00007ff95d4f0000 - 0x00007ff95d597000 	C:\WINDOWS\System32\msvcrt.dll
0x00007ff95cc40000 - 0x00007ff95ccda000 	C:\WINDOWS\System32\msvcp_win.dll
0x00007ff95de80000 - 0x00007ff95deb1000 	C:\WINDOWS\System32\IMM32.DLL
0x00007ff928c50000 - 0x00007ff928c5c000 	C:\Program Files\Microsoft\jdk-17.0.12.7-hotspot\bin\vcruntime140_1.dll
0x00007ff902890000 - 0x00007ff90291d000 	C:\Program Files\Microsoft\jdk-17.0.12.7-hotspot\bin\msvcp140.dll
0x00007ff8e7de0000 - 0x00007ff8e8a50000 	C:\Program Files\Microsoft\jdk-17.0.12.7-hotspot\bin\server\jvm.dll
0x00007ff95d150000 - 0x00007ff95d202000 	C:\WINDOWS\System32\ADVAPI32.dll
0x00007ff95ef00000 - 0x00007ff95efa7000 	C:\WINDOWS\System32\sechost.dll
0x00007ff95ce10000 - 0x00007ff95ce38000 	C:\WINDOWS\System32\bcrypt.dll
0x00007ff95ec00000 - 0x00007ff95ed14000 	C:\WINDOWS\System32\RPCRT4.dll
0x00007ff95d370000 - 0x00007ff95d3e1000 	C:\WINDOWS\System32\WS2_32.dll
0x00007ff95c3a0000 - 0x00007ff95c3ed000 	C:\WINDOWS\SYSTEM32\POWRPROF.dll
0x00007ff9521d0000 - 0x00007ff952204000 	C:\WINDOWS\SYSTEM32\WINMM.dll
0x00007ff950760000 - 0x00007ff95076a000 	C:\WINDOWS\SYSTEM32\VERSION.dll
0x00007ff95c380000 - 0x00007ff95c393000 	C:\WINDOWS\SYSTEM32\UMPDC.dll
0x00007ff95b4d0000 - 0x00007ff95b4e8000 	C:\WINDOWS\SYSTEM32\kernel.appcore.dll
0x00007ff927490000 - 0x00007ff92749a000 	C:\Program Files\Microsoft\jdk-17.0.12.7-hotspot\bin\jimage.dll
0x00007ff956c20000 - 0x00007ff956e52000 	C:\WINDOWS\SYSTEM32\DBGHELP.DLL
0x00007ff95e600000 - 0x00007ff95e98f000 	C:\WINDOWS\System32\combase.dll
0x00007ff95ed70000 - 0x00007ff95ee47000 	C:\WINDOWS\System32\OLEAUT32.dll
0x00007ff9294a0000 - 0x00007ff9294d2000 	C:\WINDOWS\SYSTEM32\dbgcore.DLL
0x00007ff95cd90000 - 0x00007ff95ce0b000 	C:\WINDOWS\System32\bcryptPrimitives.dll
0x00007ff8ff500000 - 0x00007ff8ff525000 	C:\Program Files\Microsoft\jdk-17.0.12.7-hotspot\bin\java.dll

dbghelp: loaded successfully - version: 4.0.5 - missing functions: none
symbol engine: initialized successfully - sym options: 0x614 - pdb path: .;C:\Program Files\Microsoft\jdk-17.0.12.7-hotspot\bin;C:\WINDOWS\SYSTEM32;C:\WINDOWS\WinSxS\amd64_microsoft.windows.common-controls_6595b64144ccf1df_6.0.22621.4541_none_2710d1c57384c085;C:\Program Files\Microsoft\jdk-17.0.12.7-hotspot\bin\server

VM Arguments:
jvm_args: -Xmx64m -Xms64m -Dorg.gradle.appname=gradlew 
java_command: org.gradle.wrapper.GradleWrapperMain app:installDebug -PreactNativeDevServerPort=8081
java_class_path (initial): C:\Users\wwwgo\ShoppingApp\android\\gradle\wrapper\gradle-wrapper.jar
Launcher Type: SUN_STANDARD

[Global flags]
     intx CICompilerCount                          = 3                                         {product} {ergonomic}
     uint ConcGCThreads                            = 1                                         {product} {ergonomic}
     uint G1ConcRefinementThreads                  = 4                                         {product} {ergonomic}
   size_t G1HeapRegionSize                         = 1048576                                   {product} {ergonomic}
    uintx GCDrainStackTargetSize                   = 64                                        {product} {ergonomic}
   size_t InitialHeapSize                          = 67108864                                  {product} {command line}
   size_t MarkStackSize                            = 4194304                                   {product} {ergonomic}
   size_t MaxHeapSize                              = 67108864                                  {product} {command line}
   size_t MinHeapDeltaBytes                        = 1048576                                   {product} {ergonomic}
   size_t MinHeapSize                              = 67108864                                  {product} {command line}
    uintx NonNMethodCodeHeapSize                   = 5832780                                {pd product} {ergonomic}
    uintx NonProfiledCodeHeapSize                  = 122912730                              {pd product} {ergonomic}
    uintx ProfiledCodeHeapSize                     = 122912730                              {pd product} {ergonomic}
    uintx ReservedCodeCacheSize                    = 251658240                              {pd product} {ergonomic}
     bool SegmentedCodeCache                       = true                                      {product} {ergonomic}
   size_t SoftMaxHeapSize                          = 67108864                               {manageable} {ergonomic}
     bool UseCompressedClassPointers               = true                           {product lp64_product} {ergonomic}
     bool UseCompressedOops                        = true                           {product lp64_product} {ergonomic}
     bool UseG1GC                                  = true                                      {product} {ergonomic}
     bool UseLargePagesIndividualAllocation        = false                                  {pd product} {ergonomic}

Logging:
Log output configuration:
 #0: stdout all=warning uptime,level,tags
 #1: stderr all=off uptime,level,tags

Environment Variables:
JAVA_HOME=C:\Program Files\Microsoft\jdk-17.0.12.7-hotspot\
CLASSPATH=C:\Users\wwwgo\ShoppingApp\android\\gradle\wrapper\gradle-wrapper.jar
PATH=C:\Users\wwwgo\ShoppingApp\node_modules\.bin;C:\Users\wwwgo\ShoppingApp\node_modules\.bin;C:\Users\wwwgo\node_modules\.bin;C:\Users\node_modules\.bin;C:\node_modules\.bin;C:\Program Files\nodejs\node_modules\npm\node_modules\@npmcli\run-script\lib\node-gyp-bin;C:\Program Files\Microsoft\jdk-17.0.12.7-hotspot\bin;C:\Python312\Scripts\;C:\Python312\;C:\WINDOWS\system32;C:\WINDOWS;C:\WINDOWS\System32\Wbem;C:\WINDOWS\System32\WindowsPowerShell\v1.0\;C:\WINDOWS\System32\OpenSSH\;C:\Program Files\Git\cmd;C:\xampp2\php;C:\ProgramData\ComposerSetup\bin;C:\ProgramData\chocolatey\bin;C:\Program Files\nodejs\;C:\Users\wwwgo\AppData\Local\Android\Sdk\platform-tools;C:\Program Files\Microsoft\jdk-17.0.12.7-hotspot\bin;C:\Python312\Scripts\;C:\Python312\;C:\WINDOWS\system32;C:\WINDOWS;C:\WINDOWS\System32\Wbem;C:\WINDOWS\System32\WindowsPowerShell\v1.0\;C:\WINDOWS\System32\OpenSSH\;C:\Program Files\Git\cmd;C:\xampp2\php;C:\ProgramData\ComposerSetup\bin;C:\ProgramData\chocolatey\bin;C:\Program Files\nodejs\;C:\Users\wwwgo\AppData\Local\Android\Sdk\platform-tools;C:\Users\wwwgo\AppData\Local\Microsoft\WindowsApps;;C:\Users\wwwgo\AppData\Local\Programs\Microsoft VS Code\bin;C:\Users\wwwgo\AppData\Roaming\Composer\vendor\bin;C:\Users\wwwgo\AppData\Roaming\npm;C:\Program Files\android-sdk-windows\platform-tools
USERNAME=wwwgo
OS=Windows_NT
PROCESSOR_IDENTIFIER=Intel64 Family 6 Model 142 Stepping 12, GenuineIntel
TMP=C:\Users\wwwgo\AppData\Local\Temp
TEMP=C:\Users\wwwgo\AppData\Local\Temp



Periodic native trim disabled


---------------  S Y S T E M  ---------------

OS:
 Windows 11 , 64 bit Build 22621 (10.0.22621.4391)
OS uptime: 2 days 17:23 hours
Hyper-V role detected

CPU: total 4 (initial active 4) (2 cores per cpu, 2 threads per core) family 6 model 142 stepping 12 microcode 0xde, cx8, cmov, fxsr, ht, mmx, 3dnowpref, sse, sse2, sse3, ssse3, sse4.1, sse4.2, popcnt, lzcnt, tsc, tscinvbit, avx, avx2, aes, erms, clmul, bmi1, bmi2, adx, fma, vzeroupper, clflush, clflushopt, hv
Processor Information for processor 0
  Max Mhz: 2592, Current Mhz: 1495, Mhz Limit: 2073
Processor Information for processor 1
  Max Mhz: 2592, Current Mhz: 2592, Mhz Limit: 2073
Processor Information for processor 2
  Max Mhz: 2592, Current Mhz: 2592, Mhz Limit: 2073
Processor Information for processor 3
  Max Mhz: 2592, Current Mhz: 2592, Mhz Limit: 2073

Memory: 4k page, system-wide physical 8025M (645M free)
TotalPageFile size 18054M (AvailPageFile size 30M)
current process WorkingSet (physical memory assigned to process): 11M, peak: 11M
current process commit charge ("private bytes"): 51M, peak: 115M

vm_info: OpenJDK 64-Bit Server VM (17.0.12+7-LTS) for windows-amd64 JRE (17.0.12+7-LTS), built on Jul 16 2024 18:11:44 by "MicrosoftCorporation" with unknown MS VC++:1939

END.
